03-May-2022 17:14:15.915 INFO [main] org.apache.catalina.startup.VersionLoggerListener.log Nombre de la versión del servidor: Apache Tomcat/9.0.62
03-May-2022 17:14:15.930 INFO [main] org.apache.catalina.startup.VersionLoggerListener.log Server built:                      Mar 31 2022 14:34:15 UTC
03-May-2022 17:14:15.930 INFO [main] org.apache.catalina.startup.VersionLoggerListener.log Número de versión de servidor:     9.0.62.0
03-May-2022 17:14:15.931 INFO [main] org.apache.catalina.startup.VersionLoggerListener.log OS Name:                           Windows 10
03-May-2022 17:14:15.931 INFO [main] org.apache.catalina.startup.VersionLoggerListener.log Versión de Systema Operativo:      10.0
03-May-2022 17:14:15.931 INFO [main] org.apache.catalina.startup.VersionLoggerListener.log Arquitectura:                      amd64
03-May-2022 17:14:15.931 INFO [main] org.apache.catalina.startup.VersionLoggerListener.log Java Home:                         C:\Program Files\Java\jdk-16.0.2
03-May-2022 17:14:15.932 INFO [main] org.apache.catalina.startup.VersionLoggerListener.log JVM Version:                       16.0.2+7-67
03-May-2022 17:14:15.932 INFO [main] org.apache.catalina.startup.VersionLoggerListener.log Vededor JVM:                       Oracle Corporation
03-May-2022 17:14:15.932 INFO [main] org.apache.catalina.startup.VersionLoggerListener.log CATALINA_BASE:                     C:\Users\paula\Downloads\apache-tomcat-9.0.62
03-May-2022 17:14:15.933 INFO [main] org.apache.catalina.startup.VersionLoggerListener.log CATALINA_HOME:                     C:\Users\paula\Downloads\apache-tomcat-9.0.62
03-May-2022 17:14:15.976 INFO [main] org.apache.catalina.startup.VersionLoggerListener.log Command line argument:             --add-opens=java.base/java.lang=ALL-UNNAMED
03-May-2022 17:14:15.977 INFO [main] org.apache.catalina.startup.VersionLoggerListener.log Command line argument:             --add-opens=java.base/java.io=ALL-UNNAMED
03-May-2022 17:14:15.977 INFO [main] org.apache.catalina.startup.VersionLoggerListener.log Command line argument:             --add-opens=java.base/java.util=ALL-UNNAMED
03-May-2022 17:14:15.977 INFO [main] org.apache.catalina.startup.VersionLoggerListener.log Command line argument:             --add-opens=java.base/java.util.concurrent=ALL-UNNAMED
03-May-2022 17:14:15.977 INFO [main] org.apache.catalina.startup.VersionLoggerListener.log Command line argument:             --add-opens=java.rmi/sun.rmi.transport=ALL-UNNAMED
03-May-2022 17:14:15.978 INFO [main] org.apache.catalina.startup.VersionLoggerListener.log Command line argument:             -Djava.util.logging.config.file=C:\Users\paula\Downloads\apache-tomcat-9.0.62\conf\logging.properties
03-May-2022 17:14:15.978 INFO [main] org.apache.catalina.startup.VersionLoggerListener.log Command line argument:             -Djava.util.logging.manager=org.apache.juli.ClassLoaderLogManager
03-May-2022 17:14:15.979 INFO [main] org.apache.catalina.startup.VersionLoggerListener.log Command line argument:             -Dhttp.nonProxyHosts=localhost|127.0.0.1|DESKTOP-OP32FHF
03-May-2022 17:14:15.979 INFO [main] org.apache.catalina.startup.VersionLoggerListener.log Command line argument:             -Djdk.tls.ephemeralDHKeySize=2048
03-May-2022 17:14:15.980 INFO [main] org.apache.catalina.startup.VersionLoggerListener.log Command line argument:             -Djava.protocol.handler.pkgs=org.apache.catalina.webresources
03-May-2022 17:14:15.980 INFO [main] org.apache.catalina.startup.VersionLoggerListener.log Command line argument:             -Dignore.endorsed.dirs=
03-May-2022 17:14:15.980 INFO [main] org.apache.catalina.startup.VersionLoggerListener.log Command line argument:             -Dcatalina.base=C:\Users\paula\Downloads\apache-tomcat-9.0.62
03-May-2022 17:14:15.981 INFO [main] org.apache.catalina.startup.VersionLoggerListener.log Command line argument:             -Dcatalina.home=C:\Users\paula\Downloads\apache-tomcat-9.0.62
03-May-2022 17:14:15.981 INFO [main] org.apache.catalina.startup.VersionLoggerListener.log Command line argument:             -Djava.io.tmpdir=C:\Users\paula\Downloads\apache-tomcat-9.0.62\temp
03-May-2022 17:14:16.011 INFO [main] org.apache.catalina.core.AprLifecycleListener.lifecycleEvent Cargada la biblioteca nativa APR de Apache Tomcat [1.2.32] con la versión APR [1.7.0].
03-May-2022 17:14:16.015 INFO [main] org.apache.catalina.core.AprLifecycleListener.lifecycleEvent Capacidades APR: IPv6 [true], enviar fichero [true], aceptar filtros [false], aleatorio [true], UDS [true].
03-May-2022 17:14:16.016 INFO [main] org.apache.catalina.core.AprLifecycleListener.lifecycleEvent APR/OpenSSL configuration: useAprConnector [false], useOpenSSL [true]
03-May-2022 17:14:16.040 INFO [main] org.apache.catalina.core.AprLifecycleListener.initializeSSL OpenSSL inicializado correctamente [OpenSSL 1.1.1n  15 Mar 2022]
03-May-2022 17:14:17.057 INFO [main] org.apache.coyote.AbstractProtocol.init Inicializando el manejador de protocolo ["http-nio-8080"]

03-May-2022 17:14:17.188 INFO [main] org.apache.catalina.startup.Catalina.load Server initialization in [1921] milliseconds
03-May-2022 17:14:17.424 INFO [main] org.apache.catalina.core.StandardService.startInternal Arrancando servicio [Catalina]
03-May-2022 17:14:17.424 INFO [main] org.apache.catalina.core.StandardEngine.startInternal Starting Servlet engine: [Apache Tomcat/9.0.62]
03-May-2022 17:14:17.525 INFO [main] org.apache.catalina.startup.HostConfig.deployDirectory Desplegando el directorio [C:\Users\paula\Downloads\apache-tomcat-9.0.62\webapps\docs] de la aplicación web
03-May-2022 17:14:18.873 WARNING [main] org.apache.catalina.util.SessionIdGeneratorBase.createSecureRandom Creation of SecureRandom instance for session ID generation using [SHA1PRNG] took [119] milliseconds.
03-May-2022 17:14:18.935 INFO [main] org.apache.catalina.startup.HostConfig.deployDirectory Deployment of web application directory [C:\Users\paula\Downloads\apache-tomcat-9.0.62\webapps\docs] has finished in [1.410] ms
03-May-2022 17:14:18.936 INFO [main] org.apache.catalina.startup.HostConfig.deployDirectory Desplegando el directorio [C:\Users\paula\Downloads\apache-tomcat-9.0.62\webapps\examples] de la aplicación web
03-May-2022 17:14:20.432 INFO [main] org.apache.catalina.startup.HostConfig.deployDirectory Deployment of web application directory [C:\Users\paula\Downloads\apache-tomcat-9.0.62\webapps\examples] has finished in [1.496] ms
03-May-2022 17:14:20.433 INFO [main] org.apache.catalina.startup.HostConfig.deployDirectory Desplegando el directorio [C:\Users\paula\Downloads\apache-tomcat-9.0.62\webapps\host-manager] de la aplicación web
03-May-2022 17:14:20.550 INFO [main] org.apache.catalina.startup.HostConfig.deployDirectory Deployment of web application directory [C:\Users\paula\Downloads\apache-tomcat-9.0.62\webapps\host-manager] has finished in [117] ms
03-May-2022 17:14:20.551 INFO [main] org.apache.catalina.startup.HostConfig.deployDirectory Desplegando el directorio [C:\Users\paula\Downloads\apache-tomcat-9.0.62\webapps\manager] de la aplicación web
03-May-2022 17:14:20.742 INFO [main] org.apache.catalina.startup.HostConfig.deployDirectory Deployment of web application directory [C:\Users\paula\Downloads\apache-tomcat-9.0.62\webapps\manager] has finished in [190] ms
03-May-2022 17:14:20.744 INFO [main] org.apache.catalina.startup.HostConfig.deployDirectory Desplegando el directorio [C:\Users\paula\Downloads\apache-tomcat-9.0.62\webapps\ROOT] de la aplicación web
03-May-2022 17:14:20.856 INFO [main] org.apache.catalina.startup.HostConfig.deployDirectory Deployment of web application directory [C:\Users\paula\Downloads\apache-tomcat-9.0.62\webapps\ROOT] has finished in [112] ms
03-May-2022 17:14:20.865 INFO [main] org.apache.coyote.AbstractProtocol.start Starting ProtocolHandler ["http-nio-8080"]
03-May-2022 17:14:21.088 INFO [main] org.apache.catalina.startup.Catalina.start Server startup in [3899] milliseconds
03-May-2022 17:14:41.006 INFO [http-nio-8080-exec-9] org.apache.catalina.startup.HostConfig.deployDescriptor Desplieque del descriptor de configuración [C:\Users\paula\Downloads\apache-tomcat-9.0.62\conf\Catalina\localhost\MyDB#src#main#webapp#pages#index.jsp.xml]
03-May-2022 17:14:41.009 WARNING [http-nio-8080-exec-9] org.apache.catalina.startup.HostConfig.deployDescriptor The path attribute with value [/MyDB/src/main/webapp/pages/index.jsp] in deployment descriptor [C:\Users\paula\Downloads\apache-tomcat-9.0.62\conf\Catalina\localhost\MyDB#src#main#webapp#pages#index.jsp.xml] has been ignored
03-May-2022 17:14:41.175 INFO [http-nio-8080-exec-9] org.apache.catalina.startup.HostConfig.deployDescriptor Deployment of deployment descriptor [C:\Users\paula\Downloads\apache-tomcat-9.0.62\conf\Catalina\localhost\MyDB#src#main#webapp#pages#index.jsp.xml] has finished in [168] ms
03-May-2022 17:14:41.182 INFO [http-nio-8080-exec-10] org.apache.catalina.util.LifecycleBase.start The start() method was called on component [StandardEngine[Catalina].StandardHost[localhost].StandardContext[/MyDB/src/main/webapp/pages/index.jsp]] after start() had already been called. The second call will be ignored.
03-May-2022 17:15:26.289 INFO [http-nio-8080-exec-6] org.apache.catalina.startup.HostConfig.undeploy Repliegue (undeploy) de la aplicación web que tiene como trayectoria de contexto [/MyDB/src/main/webapp/pages/index.jsp]
03-May-2022 17:15:26.646 INFO [http-nio-8080-exec-9] org.apache.catalina.startup.HostConfig.deployDescriptor Desplieque del descriptor de configuración [C:\Users\paula\Downloads\apache-tomcat-9.0.62\conf\Catalina\localhost\MyDB#src#main#webapp#pages#index.jsp.xml]
03-May-2022 17:15:26.649 WARNING [http-nio-8080-exec-9] org.apache.catalina.startup.HostConfig.deployDescriptor The path attribute with value [/MyDB/src/main/webapp/pages/index.jsp] in deployment descriptor [C:\Users\paula\Downloads\apache-tomcat-9.0.62\conf\Catalina\localhost\MyDB#src#main#webapp#pages#index.jsp.xml] has been ignored
03-May-2022 17:15:27.228 INFO [http-nio-8080-exec-9] org.apache.catalina.startup.HostConfig.deployDescriptor Deployment of deployment descriptor [C:\Users\paula\Downloads\apache-tomcat-9.0.62\conf\Catalina\localhost\MyDB#src#main#webapp#pages#index.jsp.xml] has finished in [582] ms
03-May-2022 17:15:27.517 INFO [http-nio-8080-exec-9] org.apache.catalina.util.LifecycleBase.start The start() method was called on component [StandardEngine[Catalina].StandardHost[localhost].StandardContext[/MyDB/src/main/webapp/pages/index.jsp]] after start() had already been called. The second call will be ignored.
03-May-2022 17:29:21.783 INFO [http-nio-8080-exec-18] org.apache.catalina.startup.HostConfig.undeploy Repliegue (undeploy) de la aplicación web que tiene como trayectoria de contexto [/MyDB/src/main/webapp/pages/index.jsp]
03-May-2022 17:29:21.810 INFO [http-nio-8080-exec-14] org.apache.catalina.startup.HostConfig.deployDescriptor Desplieque del descriptor de configuración [C:\Users\paula\Downloads\apache-tomcat-9.0.62\conf\Catalina\localhost\MyDB#src#main#webapp#pages#index.jsp.xml]
03-May-2022 17:29:21.813 WARNING [http-nio-8080-exec-14] org.apache.catalina.startup.HostConfig.deployDescriptor The path attribute with value [/MyDB/src/main/webapp/index.jsp] in deployment descriptor [C:\Users\paula\Downloads\apache-tomcat-9.0.62\conf\Catalina\localhost\MyDB#src#main#webapp#pages#index.jsp.xml] has been ignored
03-May-2022 17:29:21.888 INFO [http-nio-8080-exec-14] org.apache.catalina.startup.HostConfig.deployDescriptor Deployment of deployment descriptor [C:\Users\paula\Downloads\apache-tomcat-9.0.62\conf\Catalina\localhost\MyDB#src#main#webapp#pages#index.jsp.xml] has finished in [77] ms
03-May-2022 17:29:42.659 INFO [http-nio-8080-exec-19] org.apache.catalina.startup.HostConfig.undeploy Repliegue (undeploy) de la aplicación web que tiene como trayectoria de contexto [/MyDB/src/main/webapp/pages/index.jsp]
03-May-2022 17:29:42.701 INFO [http-nio-8080-exec-14] org.apache.catalina.startup.HostConfig.deployDescriptor Desplieque del descriptor de configuración [C:\Users\paula\Downloads\apache-tomcat-9.0.62\conf\Catalina\localhost\MyDB#src#main#webapp#index.jsp.xml]
03-May-2022 17:29:42.702 WARNING [http-nio-8080-exec-14] org.apache.catalina.startup.HostConfig.deployDescriptor The path attribute with value [/MyDB/src/main/webapp/index.jsp] in deployment descriptor [C:\Users\paula\Downloads\apache-tomcat-9.0.62\conf\Catalina\localhost\MyDB#src#main#webapp#index.jsp.xml] has been ignored
03-May-2022 17:29:42.789 INFO [http-nio-8080-exec-14] org.apache.catalina.startup.HostConfig.deployDescriptor Deployment of deployment descriptor [C:\Users\paula\Downloads\apache-tomcat-9.0.62\conf\Catalina\localhost\MyDB#src#main#webapp#index.jsp.xml] has finished in [89] ms
03-May-2022 17:29:42.795 INFO [http-nio-8080-exec-22] org.apache.catalina.util.LifecycleBase.start The start() method was called on component [StandardEngine[Catalina].StandardHost[localhost].StandardContext[/MyDB/src/main/webapp/index.jsp]] after start() had already been called. The second call will be ignored.
03-May-2022 17:30:11.976 INFO [http-nio-8080-exec-25] org.apache.catalina.startup.HostConfig.undeploy Repliegue (undeploy) de la aplicación web que tiene como trayectoria de contexto [/MyDB/src/main/webapp/index.jsp]
03-May-2022 17:30:12.012 INFO [http-nio-8080-exec-14] org.apache.catalina.startup.HostConfig.deployDescriptor Desplieque del descriptor de configuración [C:\Users\paula\Downloads\apache-tomcat-9.0.62\conf\Catalina\localhost\MyDB#src#main#webapp#index.jsp.xml]
03-May-2022 17:30:12.014 WARNING [http-nio-8080-exec-14] org.apache.catalina.startup.HostConfig.deployDescriptor The path attribute with value [/MyDB/src/main/webapp/index.jsp] in deployment descriptor [C:\Users\paula\Downloads\apache-tomcat-9.0.62\conf\Catalina\localhost\MyDB#src#main#webapp#index.jsp.xml] has been ignored
03-May-2022 17:30:12.112 INFO [http-nio-8080-exec-14] org.apache.catalina.startup.HostConfig.deployDescriptor Deployment of deployment descriptor [C:\Users\paula\Downloads\apache-tomcat-9.0.62\conf\Catalina\localhost\MyDB#src#main#webapp#index.jsp.xml] has finished in [100] ms
03-May-2022 17:30:12.117 INFO [http-nio-8080-exec-22] org.apache.catalina.util.LifecycleBase.start The start() method was called on component [StandardEngine[Catalina].StandardHost[localhost].StandardContext[/MyDB/src/main/webapp/index.jsp]] after start() had already been called. The second call will be ignored.
03-May-2022 17:31:14.313 INFO [http-nio-8080-exec-11] org.apache.catalina.startup.HostConfig.undeploy Repliegue (undeploy) de la aplicación web que tiene como trayectoria de contexto [/MyDB/src/main/webapp/index.jsp]
03-May-2022 17:31:14.839 INFO [Catalina-utility-2] org.apache.catalina.startup.HostConfig.undeploy Repliegue (undeploy) de la aplicación web que tiene como trayectoria de contexto [/MyDB/src/main/webapp/index.jsp]
03-May-2022 17:31:14.855 INFO [http-nio-8080-exec-31] org.apache.catalina.startup.HostConfig.deployDescriptor Desplieque del descriptor de configuración [C:\Users\paula\Downloads\apache-tomcat-9.0.62\conf\Catalina\localhost\MyDB#src#main#webapp#index.jsp.xml]
03-May-2022 17:31:14.858 WARNING [http-nio-8080-exec-31] org.apache.catalina.startup.HostConfig.deployDescriptor The path attribute with value [/index.jsp] in deployment descriptor [C:\Users\paula\Downloads\apache-tomcat-9.0.62\conf\Catalina\localhost\MyDB#src#main#webapp#index.jsp.xml] has been ignored
03-May-2022 17:31:14.930 INFO [http-nio-8080-exec-31] org.apache.catalina.startup.HostConfig.deployDescriptor Deployment of deployment descriptor [C:\Users\paula\Downloads\apache-tomcat-9.0.62\conf\Catalina\localhost\MyDB#src#main#webapp#index.jsp.xml] has finished in [74] ms
03-May-2022 17:31:31.350 INFO [http-nio-8080-exec-28] org.apache.catalina.startup.HostConfig.undeploy Repliegue (undeploy) de la aplicación web que tiene como trayectoria de contexto [/MyDB/src/main/webapp/index.jsp]
03-May-2022 17:31:31.402 INFO [http-nio-8080-exec-31] org.apache.catalina.startup.HostConfig.deployDescriptor Desplieque del descriptor de configuración [C:\Users\paula\Downloads\apache-tomcat-9.0.62\conf\Catalina\localhost\index.jsp.xml]
03-May-2022 17:31:31.404 WARNING [http-nio-8080-exec-31] org.apache.catalina.startup.HostConfig.deployDescriptor The path attribute with value [/index.jsp] in deployment descriptor [C:\Users\paula\Downloads\apache-tomcat-9.0.62\conf\Catalina\localhost\index.jsp.xml] has been ignored
03-May-2022 17:31:31.512 INFO [http-nio-8080-exec-31] org.apache.catalina.startup.HostConfig.deployDescriptor Deployment of deployment descriptor [C:\Users\paula\Downloads\apache-tomcat-9.0.62\conf\Catalina\localhost\index.jsp.xml] has finished in [110] ms
03-May-2022 17:31:31.514 INFO [http-nio-8080-exec-31] org.apache.catalina.util.LifecycleBase.start The start() method was called on component [StandardEngine[Catalina].StandardHost[localhost].StandardContext[/index.jsp]] after start() had already been called. The second call will be ignored.
03-May-2022 17:32:07.335 INFO [http-nio-8080-exec-15] org.apache.catalina.startup.HostConfig.undeploy Repliegue (undeploy) de la aplicación web que tiene como trayectoria de contexto [/index.jsp]
03-May-2022 17:32:07.355 INFO [http-nio-8080-exec-35] org.apache.catalina.startup.HostConfig.deployDescriptor Desplieque del descriptor de configuración [C:\Users\paula\Downloads\apache-tomcat-9.0.62\conf\Catalina\localhost\index.jsp.xml]
03-May-2022 17:32:07.357 WARNING [http-nio-8080-exec-35] org.apache.catalina.core.StandardContext.setPath Una ruta de contexto debe de ser o una cadena vacía o comenzar con "/". La ruta [index.jsp] no cumple con estos criterios y ha sido cambiada por [/index.jsp]
03-May-2022 17:32:07.358 WARNING [http-nio-8080-exec-35] org.apache.catalina.startup.HostConfig.deployDescriptor The path attribute with value [/index.jsp] in deployment descriptor [C:\Users\paula\Downloads\apache-tomcat-9.0.62\conf\Catalina\localhost\index.jsp.xml] has been ignored
03-May-2022 17:32:07.474 INFO [http-nio-8080-exec-35] org.apache.catalina.startup.HostConfig.deployDescriptor Deployment of deployment descriptor [C:\Users\paula\Downloads\apache-tomcat-9.0.62\conf\Catalina\localhost\index.jsp.xml] has finished in [117] ms
03-May-2022 17:32:22.700 INFO [http-nio-8080-exec-35] org.apache.catalina.startup.HostConfig.undeploy Repliegue (undeploy) de la aplicación web que tiene como trayectoria de contexto [/index.jsp]
03-May-2022 17:32:22.735 INFO [http-nio-8080-exec-31] org.apache.catalina.startup.HostConfig.deployDescriptor Desplieque del descriptor de configuración [C:\Users\paula\Downloads\apache-tomcat-9.0.62\conf\Catalina\localhost\index.jsp.xml]
03-May-2022 17:32:22.737 WARNING [http-nio-8080-exec-31] org.apache.catalina.core.StandardContext.setPath Una ruta de contexto debe de ser o una cadena vacía o comenzar con "/". La ruta [index.jsp] no cumple con estos criterios y ha sido cambiada por [/index.jsp]
03-May-2022 17:32:22.738 WARNING [http-nio-8080-exec-31] org.apache.catalina.startup.HostConfig.deployDescriptor The path attribute with value [/index.jsp] in deployment descriptor [C:\Users\paula\Downloads\apache-tomcat-9.0.62\conf\Catalina\localhost\index.jsp.xml] has been ignored
03-May-2022 17:32:22.837 INFO [http-nio-8080-exec-31] org.apache.catalina.startup.HostConfig.deployDescriptor Deployment of deployment descriptor [C:\Users\paula\Downloads\apache-tomcat-9.0.62\conf\Catalina\localhost\index.jsp.xml] has finished in [101] ms
03-May-2022 17:32:22.839 INFO [http-nio-8080-exec-37] org.apache.catalina.util.LifecycleBase.start The start() method was called on component [StandardEngine[Catalina].StandardHost[localhost].StandardContext[/index.jsp]] after start() had already been called. The second call will be ignored.
03-May-2022 17:33:13.886 INFO [http-nio-8080-exec-36] org.apache.catalina.startup.HostConfig.deployDescriptor Desplieque del descriptor de configuración [C:\Users\paula\Downloads\apache-tomcat-9.0.62\conf\Catalina\localhost\.#index.jsp.xml]
03-May-2022 17:33:13.888 WARNING [http-nio-8080-exec-36] org.apache.catalina.core.StandardContext.setPath Una ruta de contexto debe de ser o una cadena vacía o comenzar con "/". La ruta [./index.jsp] no cumple con estos criterios y ha sido cambiada por [/./index.jsp]
03-May-2022 17:33:13.889 WARNING [http-nio-8080-exec-36] org.apache.catalina.startup.HostConfig.deployDescriptor The path attribute with value [/./index.jsp] in deployment descriptor [C:\Users\paula\Downloads\apache-tomcat-9.0.62\conf\Catalina\localhost\.#index.jsp.xml] has been ignored
03-May-2022 17:33:13.969 INFO [http-nio-8080-exec-36] org.apache.catalina.startup.HostConfig.deployDescriptor Deployment of deployment descriptor [C:\Users\paula\Downloads\apache-tomcat-9.0.62\conf\Catalina\localhost\.#index.jsp.xml] has finished in [83] ms
03-May-2022 17:33:13.974 INFO [http-nio-8080-exec-40] org.apache.catalina.util.LifecycleBase.start The start() method was called on component [StandardEngine[Catalina].StandardHost[localhost].StandardContext[/./index.jsp]] after start() had already been called. The second call will be ignored.
03-May-2022 17:51:21.816 INFO [http-nio-8080-exec-47] org.apache.catalina.startup.HostConfig.undeploy Repliegue (undeploy) de la aplicación web que tiene como trayectoria de contexto [/index.jsp]
03-May-2022 17:51:21.847 INFO [http-nio-8080-exec-48] org.apache.catalina.startup.HostConfig.deployDescriptor Desplieque del descriptor de configuración [C:\Users\paula\Downloads\apache-tomcat-9.0.62\conf\Catalina\localhost\index.jsp.xml]
03-May-2022 17:51:21.863 WARNING [http-nio-8080-exec-48] org.apache.catalina.startup.HostConfig.deployDescriptor The path attribute with value [/index.jsp] in deployment descriptor [C:\Users\paula\Downloads\apache-tomcat-9.0.62\conf\Catalina\localhost\index.jsp.xml] has been ignored
03-May-2022 17:51:21.937 INFO [http-nio-8080-exec-48] org.apache.catalina.startup.HostConfig.deployDescriptor Deployment of deployment descriptor [C:\Users\paula\Downloads\apache-tomcat-9.0.62\conf\Catalina\localhost\index.jsp.xml] has finished in [90] ms
03-May-2022 17:51:21.942 INFO [http-nio-8080-exec-39] org.apache.catalina.util.LifecycleBase.start The start() method was called on component [StandardEngine[Catalina].StandardHost[localhost].StandardContext[/index.jsp]] after start() had already been called. The second call will be ignored.
03-May-2022 17:53:58.516 INFO [http-nio-8080-exec-56] org.apache.catalina.startup.HostConfig.undeploy Repliegue (undeploy) de la aplicación web que tiene como trayectoria de contexto [/index.jsp]
03-May-2022 17:53:58.584 INFO [http-nio-8080-exec-52] org.apache.catalina.startup.HostConfig.deployDescriptor Desplieque del descriptor de configuración [C:\Users\paula\Downloads\apache-tomcat-9.0.62\conf\Catalina\localhost\index.jsp.xml]
03-May-2022 17:53:58.589 WARNING [http-nio-8080-exec-52] org.apache.catalina.startup.HostConfig.deployDescriptor The path attribute with value [/index.jsp] in deployment descriptor [C:\Users\paula\Downloads\apache-tomcat-9.0.62\conf\Catalina\localhost\index.jsp.xml] has been ignored
03-May-2022 17:53:58.792 INFO [http-nio-8080-exec-52] org.apache.catalina.startup.HostConfig.deployDescriptor Deployment of deployment descriptor [C:\Users\paula\Downloads\apache-tomcat-9.0.62\conf\Catalina\localhost\index.jsp.xml] has finished in [207] ms
03-May-2022 17:53:58.803 INFO [http-nio-8080-exec-58] org.apache.catalina.util.LifecycleBase.start The start() method was called on component [StandardEngine[Catalina].StandardHost[localhost].StandardContext[/index.jsp]] after start() had already been called. The second call will be ignored.
03-May-2022 17:54:48.915 INFO [http-nio-8080-exec-61] org.apache.catalina.startup.HostConfig.undeploy Repliegue (undeploy) de la aplicación web que tiene como trayectoria de contexto [/index.jsp]
03-May-2022 17:54:48.931 INFO [http-nio-8080-exec-55] org.apache.catalina.startup.HostConfig.deployDescriptor Desplieque del descriptor de configuración [C:\Users\paula\Downloads\apache-tomcat-9.0.62\conf\Catalina\localhost\index.jsp.xml]
03-May-2022 17:54:48.934 WARNING [http-nio-8080-exec-55] org.apache.catalina.startup.HostConfig.deployDescriptor The path attribute with value [/MyDB] in deployment descriptor [C:\Users\paula\Downloads\apache-tomcat-9.0.62\conf\Catalina\localhost\index.jsp.xml] has been ignored
03-May-2022 17:54:48.994 INFO [http-nio-8080-exec-55] org.apache.catalina.startup.HostConfig.deployDescriptor Deployment of deployment descriptor [C:\Users\paula\Downloads\apache-tomcat-9.0.62\conf\Catalina\localhost\index.jsp.xml] has finished in [62] ms
03-May-2022 17:55:00.822 INFO [http-nio-8080-exec-64] org.apache.catalina.startup.HostConfig.undeploy Repliegue (undeploy) de la aplicación web que tiene como trayectoria de contexto [/index.jsp]
03-May-2022 17:55:00.875 INFO [http-nio-8080-exec-58] org.apache.catalina.startup.HostConfig.deployDescriptor Desplieque del descriptor de configuración [C:\Users\paula\Downloads\apache-tomcat-9.0.62\conf\Catalina\localhost\MyDB.xml]
03-May-2022 17:55:00.878 WARNING [http-nio-8080-exec-58] org.apache.catalina.startup.HostConfig.deployDescriptor The path attribute with value [/MyDB] in deployment descriptor [C:\Users\paula\Downloads\apache-tomcat-9.0.62\conf\Catalina\localhost\MyDB.xml] has been ignored
03-May-2022 17:55:00.991 INFO [http-nio-8080-exec-58] org.apache.catalina.startup.HostConfig.deployDescriptor Deployment of deployment descriptor [C:\Users\paula\Downloads\apache-tomcat-9.0.62\conf\Catalina\localhost\MyDB.xml] has finished in [115] ms
03-May-2022 17:55:00.994 INFO [http-nio-8080-exec-57] org.apache.catalina.util.LifecycleBase.start The start() method was called on component [StandardEngine[Catalina].StandardHost[localhost].StandardContext[/MyDB]] after start() had already been called. The second call will be ignored.
03-May-2022 18:47:53.196 INFO [http-nio-8080-exec-72] org.apache.catalina.startup.HostConfig.undeploy Repliegue (undeploy) de la aplicación web que tiene como trayectoria de contexto [/MyDB]
03-May-2022 18:47:53.240 INFO [http-nio-8080-exec-71] org.apache.catalina.startup.HostConfig.deployDescriptor Desplieque del descriptor de configuración [C:\Users\paula\Downloads\apache-tomcat-9.0.62\conf\Catalina\localhost\MyDB.xml]
03-May-2022 18:47:53.244 WARNING [http-nio-8080-exec-71] org.apache.catalina.startup.HostConfig.deployDescriptor The path attribute with value [/MyDB] in deployment descriptor [C:\Users\paula\Downloads\apache-tomcat-9.0.62\conf\Catalina\localhost\MyDB.xml] has been ignored
03-May-2022 18:47:53.346 INFO [http-nio-8080-exec-71] org.apache.catalina.startup.HostConfig.deployDescriptor Deployment of deployment descriptor [C:\Users\paula\Downloads\apache-tomcat-9.0.62\conf\Catalina\localhost\MyDB.xml] has finished in [107] ms
03-May-2022 18:47:53.346 INFO [http-nio-8080-exec-70] org.apache.catalina.util.LifecycleBase.start The start() method was called on component [StandardEngine[Catalina].StandardHost[localhost].StandardContext[/MyDB]] after start() had already been called. The second call will be ignored.
