11-May-2022 08:51:14.952 INFO [main] org.apache.catalina.core.ApplicationContext.log ContextListener: contextInitialized()
11-May-2022 08:51:14.954 INFO [main] org.apache.catalina.core.ApplicationContext.log SessionListener: contextInitialized()
11-May-2022 08:51:14.961 INFO [main] org.apache.catalina.core.ApplicationContext.log ContextListener: attributeAdded('StockTicker', 'async.Stockticker@644c78d4')
11-May-2022 08:51:53.360 SEVERE [http-nio-8080-exec-5] org.apache.catalina.core.StandardWrapperValve.invoke El Servlet.service() para el servlet [RegistrerServlet] en el contexto con ruta [/MyDB] lanzó la excepción [La ejecución del Servlet lanzó una excepción] con causa raíz
	java.lang.ClassNotFoundException: Datos.Conexion
		at org.apache.catalina.loader.WebappClassLoaderBase.loadClass(WebappClassLoaderBase.java:1412)
		at org.apache.catalina.loader.WebappClassLoaderBase.loadClass(WebappClassLoaderBase.java:1220)
		at Datos.UserDB.insert(UserDB.java:15)
		at Controlador.RegistrerServlet.processRequest(RegistrerServlet.java:48)
		at Controlador.RegistrerServlet.doGet(RegistrerServlet.java:66)
		at javax.servlet.http.HttpServlet.service(HttpServlet.java:655)
		at javax.servlet.http.HttpServlet.service(HttpServlet.java:764)
		at org.apache.catalina.core.ApplicationFilterChain.internalDoFilter(ApplicationFilterChain.java:227)
		at org.apache.catalina.core.ApplicationFilterChain.doFilter(ApplicationFilterChain.java:162)
		at org.apache.tomcat.websocket.server.WsFilter.doFilter(WsFilter.java:53)
		at org.apache.catalina.core.ApplicationFilterChain.internalDoFilter(ApplicationFilterChain.java:189)
		at org.apache.catalina.core.ApplicationFilterChain.doFilter(ApplicationFilterChain.java:162)
		at org.apache.catalina.core.StandardWrapperValve.invoke(StandardWrapperValve.java:197)
		at org.apache.catalina.core.StandardContextValve.invoke(StandardContextValve.java:97)
		at org.apache.catalina.authenticator.AuthenticatorBase.invoke(AuthenticatorBase.java:541)
		at org.apache.catalina.core.StandardHostValve.invoke(StandardHostValve.java:135)
		at org.apache.catalina.valves.ErrorReportValve.invoke(ErrorReportValve.java:92)
		at org.apache.catalina.valves.AbstractAccessLogValve.invoke(AbstractAccessLogValve.java:687)
		at org.apache.catalina.core.StandardEngineValve.invoke(StandardEngineValve.java:78)
		at org.apache.catalina.connector.CoyoteAdapter.service(CoyoteAdapter.java:360)
		at org.apache.coyote.http11.Http11Processor.service(Http11Processor.java:399)
		at org.apache.coyote.AbstractProcessorLight.process(AbstractProcessorLight.java:65)
		at org.apache.coyote.AbstractProtocol$ConnectionHandler.process(AbstractProtocol.java:890)
		at org.apache.tomcat.util.net.NioEndpoint$SocketProcessor.doRun(NioEndpoint.java:1743)
		at org.apache.tomcat.util.net.SocketProcessorBase.run(SocketProcessorBase.java:49)
		at org.apache.tomcat.util.threads.ThreadPoolExecutor.runWorker(ThreadPoolExecutor.java:1191)
		at org.apache.tomcat.util.threads.ThreadPoolExecutor$Worker.run(ThreadPoolExecutor.java:659)
		at org.apache.tomcat.util.threads.TaskThread$WrappingRunnable.run(TaskThread.java:61)
		at java.base/java.lang.Thread.run(Thread.java:831)
11-May-2022 08:53:45.023 SEVERE [37] org.apache.catalina.core.StandardWrapperValve.invoke El Servlet.service() para el servlet [RegistrerServlet] en el contexto con ruta [/MyDB] lanzó la excepción [La ejecución del Servlet lanzó una excepción] con causa raíz
	java.lang.ClassNotFoundException: Datos.Conexion
		at org.apache.catalina.loader.WebappClassLoaderBase.loadClass(WebappClassLoaderBase.java:1412)
		at org.apache.catalina.loader.WebappClassLoaderBase.loadClass(WebappClassLoaderBase.java:1220)
		at Datos.UserDB.insert(UserDB.java:15)
		at Controlador.RegistrerServlet.processRequest(RegistrerServlet.java:49)
		at Controlador.RegistrerServlet.doGet(RegistrerServlet.java:70)
		at javax.servlet.http.HttpServlet.service(HttpServlet.java:655)
		at javax.servlet.http.HttpServlet.service(HttpServlet.java:764)
		at org.apache.catalina.core.ApplicationFilterChain.internalDoFilter(ApplicationFilterChain.java:227)
		at org.apache.catalina.core.ApplicationFilterChain.doFilter(ApplicationFilterChain.java:162)
		at org.apache.tomcat.websocket.server.WsFilter.doFilter(WsFilter.java:53)
		at org.apache.catalina.core.ApplicationFilterChain.internalDoFilter(ApplicationFilterChain.java:189)
		at org.apache.catalina.core.ApplicationFilterChain.doFilter(ApplicationFilterChain.java:162)
		at org.apache.catalina.core.StandardWrapperValve.invoke(StandardWrapperValve.java:197)
		at org.apache.catalina.core.StandardContextValve.invoke(StandardContextValve.java:97)
		at org.apache.catalina.authenticator.AuthenticatorBase.invoke(AuthenticatorBase.java:541)
		at org.apache.catalina.core.StandardHostValve.invoke(StandardHostValve.java:135)
		at org.apache.catalina.valves.ErrorReportValve.invoke(ErrorReportValve.java:92)
		at org.apache.catalina.valves.AbstractAccessLogValve.invoke(AbstractAccessLogValve.java:687)
		at org.apache.catalina.core.StandardEngineValve.invoke(StandardEngineValve.java:78)
		at org.apache.catalina.connector.CoyoteAdapter.service(CoyoteAdapter.java:360)
		at org.apache.coyote.http11.Http11Processor.service(Http11Processor.java:399)
		at org.apache.coyote.AbstractProcessorLight.process(AbstractProcessorLight.java:65)
		at org.apache.coyote.AbstractProtocol$ConnectionHandler.process(AbstractProtocol.java:890)
		at org.apache.tomcat.util.net.NioEndpoint$SocketProcessor.doRun(NioEndpoint.java:1743)
		at org.apache.tomcat.util.net.SocketProcessorBase.run(SocketProcessorBase.java:49)
		at org.apache.tomcat.util.threads.ThreadPoolExecutor.runWorker(ThreadPoolExecutor.java:1191)
		at org.apache.tomcat.util.threads.ThreadPoolExecutor$Worker.run(ThreadPoolExecutor.java:659)
		at org.apache.tomcat.util.threads.TaskThread$WrappingRunnable.run(TaskThread.java:61)
		at java.base/java.lang.Thread.run(Thread.java:831)
11-May-2022 08:54:09.009 SEVERE [45] org.apache.catalina.core.StandardWrapperValve.invoke El Servlet.service() para el servlet [RegistrerServlet] en el contexto con ruta [/MyDB] lanzó la excepción [La ejecución del Servlet lanzó una excepción] con causa raíz
	java.lang.ClassNotFoundException: Datos.Conexion
		at org.apache.catalina.loader.WebappClassLoaderBase.loadClass(WebappClassLoaderBase.java:1412)
		at org.apache.catalina.loader.WebappClassLoaderBase.loadClass(WebappClassLoaderBase.java:1220)
		at Datos.UserDB.insert(UserDB.java:15)
		at Controlador.RegistrerServlet.processRequest(RegistrerServlet.java:49)
		at Controlador.RegistrerServlet.doGet(RegistrerServlet.java:70)
		at javax.servlet.http.HttpServlet.service(HttpServlet.java:655)
		at javax.servlet.http.HttpServlet.service(HttpServlet.java:764)
		at org.apache.catalina.core.ApplicationFilterChain.internalDoFilter(ApplicationFilterChain.java:227)
		at org.apache.catalina.core.ApplicationFilterChain.doFilter(ApplicationFilterChain.java:162)
		at org.apache.tomcat.websocket.server.WsFilter.doFilter(WsFilter.java:53)
		at org.apache.catalina.core.ApplicationFilterChain.internalDoFilter(ApplicationFilterChain.java:189)
		at org.apache.catalina.core.ApplicationFilterChain.doFilter(ApplicationFilterChain.java:162)
		at org.apache.catalina.core.StandardWrapperValve.invoke(StandardWrapperValve.java:197)
		at org.apache.catalina.core.StandardContextValve.invoke(StandardContextValve.java:97)
		at org.apache.catalina.authenticator.AuthenticatorBase.invoke(AuthenticatorBase.java:541)
		at org.apache.catalina.core.StandardHostValve.invoke(StandardHostValve.java:135)
		at org.apache.catalina.valves.ErrorReportValve.invoke(ErrorReportValve.java:92)
		at org.apache.catalina.valves.AbstractAccessLogValve.invoke(AbstractAccessLogValve.java:687)
		at org.apache.catalina.core.StandardEngineValve.invoke(StandardEngineValve.java:78)
		at org.apache.catalina.connector.CoyoteAdapter.service(CoyoteAdapter.java:360)
		at org.apache.coyote.http11.Http11Processor.service(Http11Processor.java:399)
		at org.apache.coyote.AbstractProcessorLight.process(AbstractProcessorLight.java:65)
		at org.apache.coyote.AbstractProtocol$ConnectionHandler.process(AbstractProtocol.java:890)
		at org.apache.tomcat.util.net.NioEndpoint$SocketProcessor.doRun(NioEndpoint.java:1743)
		at org.apache.tomcat.util.net.SocketProcessorBase.run(SocketProcessorBase.java:49)
		at org.apache.tomcat.util.threads.ThreadPoolExecutor.runWorker(ThreadPoolExecutor.java:1191)
		at org.apache.tomcat.util.threads.ThreadPoolExecutor$Worker.run(ThreadPoolExecutor.java:659)
		at org.apache.tomcat.util.threads.TaskThread$WrappingRunnable.run(TaskThread.java:61)
		at java.base/java.lang.Thread.run(Thread.java:831)
11-May-2022 08:58:50.636 SEVERE [http-nio-8080-exec-16] org.apache.catalina.core.StandardWrapperValve.invoke Servlet.service() para servlet [RegistrerServlet] lanzó excepción
	java.lang.IllegalArgumentException: La Trayectoria [login.jsp] no comienza con carácter "/"
		at org.apache.catalina.core.ApplicationContext.getRequestDispatcher(ApplicationContext.java:405)
		at org.apache.catalina.core.ApplicationContextFacade.getRequestDispatcher(ApplicationContextFacade.java:225)
		at Controlador.RegistrerServlet.processRequest(RegistrerServlet.java:52)
		at Controlador.RegistrerServlet.doGet(RegistrerServlet.java:70)
		at javax.servlet.http.HttpServlet.service(HttpServlet.java:655)
		at javax.servlet.http.HttpServlet.service(HttpServlet.java:764)
		at org.apache.catalina.core.ApplicationFilterChain.internalDoFilter(ApplicationFilterChain.java:227)
		at org.apache.catalina.core.ApplicationFilterChain.doFilter(ApplicationFilterChain.java:162)
		at org.apache.tomcat.websocket.server.WsFilter.doFilter(WsFilter.java:53)
		at org.apache.catalina.core.ApplicationFilterChain.internalDoFilter(ApplicationFilterChain.java:189)
		at org.apache.catalina.core.ApplicationFilterChain.doFilter(ApplicationFilterChain.java:162)
		at org.apache.catalina.core.StandardWrapperValve.invoke(StandardWrapperValve.java:197)
		at org.apache.catalina.core.StandardContextValve.invoke(StandardContextValve.java:97)
		at org.apache.catalina.authenticator.AuthenticatorBase.invoke(AuthenticatorBase.java:541)
		at org.apache.catalina.core.StandardHostValve.invoke(StandardHostValve.java:135)
		at org.apache.catalina.valves.ErrorReportValve.invoke(ErrorReportValve.java:92)
		at org.apache.catalina.valves.AbstractAccessLogValve.invoke(AbstractAccessLogValve.java:687)
		at org.apache.catalina.core.StandardEngineValve.invoke(StandardEngineValve.java:78)
		at org.apache.catalina.connector.CoyoteAdapter.service(CoyoteAdapter.java:360)
		at org.apache.coyote.http11.Http11Processor.service(Http11Processor.java:399)
		at org.apache.coyote.AbstractProcessorLight.process(AbstractProcessorLight.java:65)
		at org.apache.coyote.AbstractProtocol$ConnectionHandler.process(AbstractProtocol.java:890)
		at org.apache.tomcat.util.net.NioEndpoint$SocketProcessor.doRun(NioEndpoint.java:1743)
		at org.apache.tomcat.util.net.SocketProcessorBase.run(SocketProcessorBase.java:49)
		at org.apache.tomcat.util.threads.ThreadPoolExecutor.runWorker(ThreadPoolExecutor.java:1191)
		at org.apache.tomcat.util.threads.ThreadPoolExecutor$Worker.run(ThreadPoolExecutor.java:659)
		at org.apache.tomcat.util.threads.TaskThread$WrappingRunnable.run(TaskThread.java:61)
		at java.base/java.lang.Thread.run(Thread.java:831)
11-May-2022 09:06:18.285 SEVERE [http-nio-8080-exec-67] org.apache.catalina.core.StandardWrapperValve.invoke Servlet.service() para servlet [RegistrerServlet] lanzó excepción
	java.lang.IllegalArgumentException: La Trayectoria [login.jsp] no comienza con carácter "/"
		at org.apache.catalina.core.ApplicationContext.getRequestDispatcher(ApplicationContext.java:405)
		at org.apache.catalina.core.ApplicationContextFacade.getRequestDispatcher(ApplicationContextFacade.java:225)
		at Controlador.RegistrerServlet.processRequest(RegistrerServlet.java:52)
		at Controlador.RegistrerServlet.doGet(RegistrerServlet.java:70)
		at javax.servlet.http.HttpServlet.service(HttpServlet.java:655)
		at javax.servlet.http.HttpServlet.service(HttpServlet.java:764)
		at org.apache.catalina.core.ApplicationFilterChain.internalDoFilter(ApplicationFilterChain.java:227)
		at org.apache.catalina.core.ApplicationFilterChain.doFilter(ApplicationFilterChain.java:162)
		at org.apache.tomcat.websocket.server.WsFilter.doFilter(WsFilter.java:53)
		at org.apache.catalina.core.ApplicationFilterChain.internalDoFilter(ApplicationFilterChain.java:189)
		at org.apache.catalina.core.ApplicationFilterChain.doFilter(ApplicationFilterChain.java:162)
		at org.apache.catalina.core.StandardWrapperValve.invoke(StandardWrapperValve.java:197)
		at org.apache.catalina.core.StandardContextValve.invoke(StandardContextValve.java:97)
		at org.apache.catalina.authenticator.AuthenticatorBase.invoke(AuthenticatorBase.java:541)
		at org.apache.catalina.core.StandardHostValve.invoke(StandardHostValve.java:135)
		at org.apache.catalina.valves.ErrorReportValve.invoke(ErrorReportValve.java:92)
		at org.apache.catalina.valves.AbstractAccessLogValve.invoke(AbstractAccessLogValve.java:687)
		at org.apache.catalina.core.StandardEngineValve.invoke(StandardEngineValve.java:78)
		at org.apache.catalina.connector.CoyoteAdapter.service(CoyoteAdapter.java:360)
		at org.apache.coyote.http11.Http11Processor.service(Http11Processor.java:399)
		at org.apache.coyote.AbstractProcessorLight.process(AbstractProcessorLight.java:65)
		at org.apache.coyote.AbstractProtocol$ConnectionHandler.process(AbstractProtocol.java:890)
		at org.apache.tomcat.util.net.NioEndpoint$SocketProcessor.doRun(NioEndpoint.java:1743)
		at org.apache.tomcat.util.net.SocketProcessorBase.run(SocketProcessorBase.java:49)
		at org.apache.tomcat.util.threads.ThreadPoolExecutor.runWorker(ThreadPoolExecutor.java:1191)
		at org.apache.tomcat.util.threads.ThreadPoolExecutor$Worker.run(ThreadPoolExecutor.java:659)
		at org.apache.tomcat.util.threads.TaskThread$WrappingRunnable.run(TaskThread.java:61)
		at java.base/java.lang.Thread.run(Thread.java:831)
11-May-2022 09:06:55.203 SEVERE [http-nio-8080-exec-73] org.apache.catalina.core.StandardWrapperValve.invoke Servlet.service() para servlet [RegistrerServlet] lanzó excepción
	java.lang.IllegalArgumentException: La Trayectoria [login.jsp] no comienza con carácter "/"
		at org.apache.catalina.core.ApplicationContext.getRequestDispatcher(ApplicationContext.java:405)
		at org.apache.catalina.core.ApplicationContextFacade.getRequestDispatcher(ApplicationContextFacade.java:225)
		at Controlador.RegistrerServlet.processRequest(RegistrerServlet.java:52)
		at Controlador.RegistrerServlet.doGet(RegistrerServlet.java:70)
		at javax.servlet.http.HttpServlet.service(HttpServlet.java:655)
		at javax.servlet.http.HttpServlet.service(HttpServlet.java:764)
		at org.apache.catalina.core.ApplicationFilterChain.internalDoFilter(ApplicationFilterChain.java:227)
		at org.apache.catalina.core.ApplicationFilterChain.doFilter(ApplicationFilterChain.java:162)
		at org.apache.tomcat.websocket.server.WsFilter.doFilter(WsFilter.java:53)
		at org.apache.catalina.core.ApplicationFilterChain.internalDoFilter(ApplicationFilterChain.java:189)
		at org.apache.catalina.core.ApplicationFilterChain.doFilter(ApplicationFilterChain.java:162)
		at org.apache.catalina.core.StandardWrapperValve.invoke(StandardWrapperValve.java:197)
		at org.apache.catalina.core.StandardContextValve.invoke(StandardContextValve.java:97)
		at org.apache.catalina.authenticator.AuthenticatorBase.invoke(AuthenticatorBase.java:541)
		at org.apache.catalina.core.StandardHostValve.invoke(StandardHostValve.java:135)
		at org.apache.catalina.valves.ErrorReportValve.invoke(ErrorReportValve.java:92)
		at org.apache.catalina.valves.AbstractAccessLogValve.invoke(AbstractAccessLogValve.java:687)
		at org.apache.catalina.core.StandardEngineValve.invoke(StandardEngineValve.java:78)
		at org.apache.catalina.connector.CoyoteAdapter.service(CoyoteAdapter.java:360)
		at org.apache.coyote.http11.Http11Processor.service(Http11Processor.java:399)
		at org.apache.coyote.AbstractProcessorLight.process(AbstractProcessorLight.java:65)
		at org.apache.coyote.AbstractProtocol$ConnectionHandler.process(AbstractProtocol.java:890)
		at org.apache.tomcat.util.net.NioEndpoint$SocketProcessor.doRun(NioEndpoint.java:1743)
		at org.apache.tomcat.util.net.SocketProcessorBase.run(SocketProcessorBase.java:49)
		at org.apache.tomcat.util.threads.ThreadPoolExecutor.runWorker(ThreadPoolExecutor.java:1191)
		at org.apache.tomcat.util.threads.ThreadPoolExecutor$Worker.run(ThreadPoolExecutor.java:659)
		at org.apache.tomcat.util.threads.TaskThread$WrappingRunnable.run(TaskThread.java:61)
		at java.base/java.lang.Thread.run(Thread.java:831)
11-May-2022 09:18:03.959 INFO [main] org.apache.catalina.core.ApplicationContext.log SessionListener: contextDestroyed()
11-May-2022 09:18:03.959 INFO [main] org.apache.catalina.core.ApplicationContext.log ContextListener: contextDestroyed()
11-May-2022 09:21:49.261 INFO [main] org.apache.catalina.core.ApplicationContext.log ContextListener: contextInitialized()
11-May-2022 09:21:49.261 INFO [main] org.apache.catalina.core.ApplicationContext.log SessionListener: contextInitialized()
11-May-2022 09:21:49.266 INFO [main] org.apache.catalina.core.ApplicationContext.log ContextListener: attributeAdded('StockTicker', 'async.Stockticker@3a66d97e')
11-May-2022 09:22:35.753 SEVERE [23] org.apache.catalina.core.StandardWrapperValve.invoke Servlet.service() para servlet [RegistrerServlet] lanzó excepción
	java.lang.IllegalArgumentException: La Trayectoria [login.jsp] no comienza con carácter "/"
		at org.apache.catalina.core.ApplicationContext.getRequestDispatcher(ApplicationContext.java:405)
		at org.apache.catalina.core.ApplicationContextFacade.getRequestDispatcher(ApplicationContextFacade.java:225)
		at Controlador.RegistrerServlet.processRequest(RegistrerServlet.java:52)
		at Controlador.RegistrerServlet.doGet(RegistrerServlet.java:70)
		at javax.servlet.http.HttpServlet.service(HttpServlet.java:655)
		at javax.servlet.http.HttpServlet.service(HttpServlet.java:764)
		at org.apache.catalina.core.ApplicationFilterChain.internalDoFilter(ApplicationFilterChain.java:227)
		at org.apache.catalina.core.ApplicationFilterChain.doFilter(ApplicationFilterChain.java:162)
		at org.apache.tomcat.websocket.server.WsFilter.doFilter(WsFilter.java:53)
		at org.apache.catalina.core.ApplicationFilterChain.internalDoFilter(ApplicationFilterChain.java:189)
		at org.apache.catalina.core.ApplicationFilterChain.doFilter(ApplicationFilterChain.java:162)
		at org.apache.catalina.core.StandardWrapperValve.invoke(StandardWrapperValve.java:197)
		at org.apache.catalina.core.StandardContextValve.invoke(StandardContextValve.java:97)
		at org.apache.catalina.authenticator.AuthenticatorBase.invoke(AuthenticatorBase.java:541)
		at org.apache.catalina.core.StandardHostValve.invoke(StandardHostValve.java:135)
		at org.apache.catalina.valves.ErrorReportValve.invoke(ErrorReportValve.java:92)
		at org.apache.catalina.valves.AbstractAccessLogValve.invoke(AbstractAccessLogValve.java:687)
		at org.apache.catalina.core.StandardEngineValve.invoke(StandardEngineValve.java:78)
		at org.apache.catalina.connector.CoyoteAdapter.service(CoyoteAdapter.java:360)
		at org.apache.coyote.http11.Http11Processor.service(Http11Processor.java:399)
		at org.apache.coyote.AbstractProcessorLight.process(AbstractProcessorLight.java:65)
		at org.apache.coyote.AbstractProtocol$ConnectionHandler.process(AbstractProtocol.java:890)
		at org.apache.tomcat.util.net.NioEndpoint$SocketProcessor.doRun(NioEndpoint.java:1743)
		at org.apache.tomcat.util.net.SocketProcessorBase.run(SocketProcessorBase.java:49)
		at org.apache.tomcat.util.threads.ThreadPoolExecutor.runWorker(ThreadPoolExecutor.java:1191)
		at org.apache.tomcat.util.threads.ThreadPoolExecutor$Worker.run(ThreadPoolExecutor.java:659)
		at org.apache.tomcat.util.threads.TaskThread$WrappingRunnable.run(TaskThread.java:61)
		at java.base/java.lang.Thread.run(Thread.java:831)
11-May-2022 11:53:59.654 INFO [main] org.apache.catalina.core.ApplicationContext.log SessionListener: contextDestroyed()
11-May-2022 11:53:59.655 INFO [main] org.apache.catalina.core.ApplicationContext.log ContextListener: contextDestroyed()
11-May-2022 12:04:08.876 INFO [main] org.apache.catalina.core.ApplicationContext.log ContextListener: contextInitialized()
11-May-2022 12:04:08.876 INFO [main] org.apache.catalina.core.ApplicationContext.log SessionListener: contextInitialized()
11-May-2022 12:04:08.881 INFO [main] org.apache.catalina.core.ApplicationContext.log ContextListener: attributeAdded('StockTicker', 'async.Stockticker@6fd2acf5')
11-May-2022 12:07:18.707 SEVERE [http-nio-8080-exec-34] org.apache.catalina.core.StandardWrapperValve.invoke Servlet.service() para servlet [RegistrerServlet] lanzó excepción
	java.lang.IllegalArgumentException: La Trayectoria [login.jsp] no comienza con carácter "/"
		at org.apache.catalina.core.ApplicationContext.getRequestDispatcher(ApplicationContext.java:405)
		at org.apache.catalina.core.ApplicationContextFacade.getRequestDispatcher(ApplicationContextFacade.java:225)
		at Controlador.RegistrerServlet.processRequest(RegistrerServlet.java:53)
		at Controlador.RegistrerServlet.doGet(RegistrerServlet.java:72)
		at javax.servlet.http.HttpServlet.service(HttpServlet.java:655)
		at javax.servlet.http.HttpServlet.service(HttpServlet.java:764)
		at org.apache.catalina.core.ApplicationFilterChain.internalDoFilter(ApplicationFilterChain.java:227)
		at org.apache.catalina.core.ApplicationFilterChain.doFilter(ApplicationFilterChain.java:162)
		at org.apache.tomcat.websocket.server.WsFilter.doFilter(WsFilter.java:53)
		at org.apache.catalina.core.ApplicationFilterChain.internalDoFilter(ApplicationFilterChain.java:189)
		at org.apache.catalina.core.ApplicationFilterChain.doFilter(ApplicationFilterChain.java:162)
		at org.apache.catalina.core.StandardWrapperValve.invoke(StandardWrapperValve.java:197)
		at org.apache.catalina.core.StandardContextValve.invoke(StandardContextValve.java:97)
		at org.apache.catalina.authenticator.AuthenticatorBase.invoke(AuthenticatorBase.java:541)
		at org.apache.catalina.core.StandardHostValve.invoke(StandardHostValve.java:135)
		at org.apache.catalina.valves.ErrorReportValve.invoke(ErrorReportValve.java:92)
		at org.apache.catalina.valves.AbstractAccessLogValve.invoke(AbstractAccessLogValve.java:687)
		at org.apache.catalina.core.StandardEngineValve.invoke(StandardEngineValve.java:78)
		at org.apache.catalina.connector.CoyoteAdapter.service(CoyoteAdapter.java:360)
		at org.apache.coyote.http11.Http11Processor.service(Http11Processor.java:399)
		at org.apache.coyote.AbstractProcessorLight.process(AbstractProcessorLight.java:65)
		at org.apache.coyote.AbstractProtocol$ConnectionHandler.process(AbstractProtocol.java:890)
		at org.apache.tomcat.util.net.NioEndpoint$SocketProcessor.doRun(NioEndpoint.java:1743)
		at org.apache.tomcat.util.net.SocketProcessorBase.run(SocketProcessorBase.java:49)
		at org.apache.tomcat.util.threads.ThreadPoolExecutor.runWorker(ThreadPoolExecutor.java:1191)
		at org.apache.tomcat.util.threads.ThreadPoolExecutor$Worker.run(ThreadPoolExecutor.java:659)
		at org.apache.tomcat.util.threads.TaskThread$WrappingRunnable.run(TaskThread.java:61)
		at java.base/java.lang.Thread.run(Thread.java:831)
11-May-2022 12:14:56.294 SEVERE [http-nio-8080-exec-58] org.apache.catalina.core.StandardWrapperValve.invoke Servlet.service() para servlet [LoginServlet] lanzó excepción
	java.lang.IllegalArgumentException: La Trayectoria [create_log.jsp] no comienza con carácter "/"
		at org.apache.catalina.core.ApplicationContext.getRequestDispatcher(ApplicationContext.java:405)
		at org.apache.catalina.core.ApplicationContextFacade.getRequestDispatcher(ApplicationContextFacade.java:225)
		at Controlador.LoginServlet.processRequest(LoginServlet.java:46)
		at Controlador.LoginServlet.doPost(LoginServlet.java:80)
		at javax.servlet.http.HttpServlet.service(HttpServlet.java:681)
		at javax.servlet.http.HttpServlet.service(HttpServlet.java:764)
		at org.apache.catalina.core.ApplicationFilterChain.internalDoFilter(ApplicationFilterChain.java:227)
		at org.apache.catalina.core.ApplicationFilterChain.doFilter(ApplicationFilterChain.java:162)
		at org.apache.tomcat.websocket.server.WsFilter.doFilter(WsFilter.java:53)
		at org.apache.catalina.core.ApplicationFilterChain.internalDoFilter(ApplicationFilterChain.java:189)
		at org.apache.catalina.core.ApplicationFilterChain.doFilter(ApplicationFilterChain.java:162)
		at org.apache.catalina.core.StandardWrapperValve.invoke(StandardWrapperValve.java:197)
		at org.apache.catalina.core.StandardContextValve.invoke(StandardContextValve.java:97)
		at org.apache.catalina.authenticator.AuthenticatorBase.invoke(AuthenticatorBase.java:541)
		at org.apache.catalina.core.StandardHostValve.invoke(StandardHostValve.java:135)
		at org.apache.catalina.valves.ErrorReportValve.invoke(ErrorReportValve.java:92)
		at org.apache.catalina.valves.AbstractAccessLogValve.invoke(AbstractAccessLogValve.java:687)
		at org.apache.catalina.core.StandardEngineValve.invoke(StandardEngineValve.java:78)
		at org.apache.catalina.connector.CoyoteAdapter.service(CoyoteAdapter.java:360)
		at org.apache.coyote.http11.Http11Processor.service(Http11Processor.java:399)
		at org.apache.coyote.AbstractProcessorLight.process(AbstractProcessorLight.java:65)
		at org.apache.coyote.AbstractProtocol$ConnectionHandler.process(AbstractProtocol.java:890)
		at org.apache.tomcat.util.net.NioEndpoint$SocketProcessor.doRun(NioEndpoint.java:1743)
		at org.apache.tomcat.util.net.SocketProcessorBase.run(SocketProcessorBase.java:49)
		at org.apache.tomcat.util.threads.ThreadPoolExecutor.runWorker(ThreadPoolExecutor.java:1191)
		at org.apache.tomcat.util.threads.ThreadPoolExecutor$Worker.run(ThreadPoolExecutor.java:659)
		at org.apache.tomcat.util.threads.TaskThread$WrappingRunnable.run(TaskThread.java:61)
		at java.base/java.lang.Thread.run(Thread.java:831)
11-May-2022 16:03:14.472 INFO [main] org.apache.catalina.core.ApplicationContext.log SessionListener: contextDestroyed()
11-May-2022 16:03:14.473 INFO [main] org.apache.catalina.core.ApplicationContext.log ContextListener: contextDestroyed()
