20-May-2022 08:00:37.485 INFO [http-nio-8080-exec-8] org.apache.catalina.core.ApplicationContext.log Manager: init: Associated with Deployer 'Catalina:type=Deployer,host=localhost'
20-May-2022 08:00:37.485 INFO [http-nio-8080-exec-8] org.apache.catalina.core.ApplicationContext.log Manager: init: Global resources are available
20-May-2022 08:00:37.576 INFO [http-nio-8080-exec-3] org.apache.catalina.core.ApplicationContext.log Manager: list: Listing contexts for virtual host 'localhost'
20-May-2022 08:00:37.582 INFO [http-nio-8080-exec-4] org.apache.catalina.core.ApplicationContext.log Manager: list: Listing contexts for virtual host 'localhost'
20-May-2022 08:00:37.617 INFO [http-nio-8080-exec-1] org.apache.catalina.core.ApplicationContext.log Manager: undeploy: Undeploying web application at '/basedatos'
20-May-2022 08:00:38.278 INFO [http-nio-8080-exec-2] org.apache.catalina.core.ApplicationContext.log Manager: install: Installing context configuration at 'file:/C:/Users/paula/AppData/Local/Temp/context10094212160149159502.xml'
20-May-2022 08:00:39.731 INFO [http-nio-8080-exec-6] org.apache.catalina.core.ApplicationContext.log Manager: start: Starting web application '/basedatos'
20-May-2022 08:02:52.327 INFO [http-nio-8080-exec-19] org.apache.catalina.core.ApplicationContext.log Manager: list: Listing contexts for virtual host 'localhost'
20-May-2022 08:02:52.439 INFO [http-nio-8080-exec-14] org.apache.catalina.core.ApplicationContext.log Manager: restart: Reloading web application '/basedatos'
20-May-2022 08:03:31.672 INFO [http-nio-8080-exec-16] org.apache.catalina.core.ApplicationContext.log Manager: list: Listing contexts for virtual host 'localhost'
20-May-2022 08:03:37.542 INFO [http-nio-8080-exec-20] org.apache.catalina.core.ApplicationContext.log Manager: list: Listing contexts for virtual host 'localhost'
20-May-2022 08:03:37.609 INFO [http-nio-8080-exec-13] org.apache.catalina.core.ApplicationContext.log Manager: restart: Reloading web application '/basedatos'
20-May-2022 08:04:02.237 INFO [http-nio-8080-exec-23] org.apache.catalina.core.ApplicationContext.log Manager: list: Listing contexts for virtual host 'localhost'
20-May-2022 08:04:02.301 INFO [http-nio-8080-exec-16] org.apache.catalina.core.ApplicationContext.log Manager: restart: Reloading web application '/basedatos'
20-May-2022 08:04:12.610 INFO [http-nio-8080-exec-23] org.apache.catalina.core.ApplicationContext.log Manager: list: Listing contexts for virtual host 'localhost'
20-May-2022 08:04:12.659 INFO [http-nio-8080-exec-8] org.apache.catalina.core.ApplicationContext.log Manager: restart: Reloading web application '/basedatos'
20-May-2022 08:04:33.695 INFO [http-nio-8080-exec-18] org.apache.catalina.core.ApplicationContext.log Manager: list: Listing contexts for virtual host 'localhost'
20-May-2022 08:04:33.766 INFO [http-nio-8080-exec-25] org.apache.catalina.core.ApplicationContext.log Manager: restart: Reloading web application '/basedatos'
20-May-2022 08:04:35.374 INFO [http-nio-8080-exec-22] org.apache.catalina.core.ApplicationContext.log Manager: list: Listing contexts for virtual host 'localhost'
20-May-2022 08:04:35.384 INFO [http-nio-8080-exec-18] org.apache.catalina.core.ApplicationContext.log Manager: list: Listing contexts for virtual host 'localhost'
20-May-2022 08:04:35.412 INFO [http-nio-8080-exec-24] org.apache.catalina.core.ApplicationContext.log Manager: undeploy: Undeploying web application at '/basedatos'
20-May-2022 08:04:35.984 INFO [http-nio-8080-exec-11] org.apache.catalina.core.ApplicationContext.log Manager: install: Installing context configuration at 'file:/C:/Users/paula/AppData/Local/Temp/context16285253902382469190.xml'
20-May-2022 08:04:37.129 INFO [http-nio-8080-exec-18] org.apache.catalina.core.ApplicationContext.log Manager: start: Starting web application '/basedatos'
20-May-2022 08:07:02.430 INFO [60] org.apache.catalina.core.ApplicationContext.log Manager: list: Listing contexts for virtual host 'localhost'
20-May-2022 08:08:58.570 INFO [http-nio-8080-exec-34] org.apache.catalina.core.ApplicationContext.log Manager: list: Listing contexts for virtual host 'localhost'
20-May-2022 08:09:25.258 INFO [http-nio-8080-exec-32] org.apache.catalina.core.ApplicationContext.log Manager: list: Listing contexts for virtual host 'localhost'
20-May-2022 08:10:28.811 INFO [http-nio-8080-exec-32] org.apache.catalina.core.ApplicationContext.log Manager: list: Listing contexts for virtual host 'localhost'
20-May-2022 08:10:34.128 INFO [http-nio-8080-exec-39] org.apache.catalina.core.ApplicationContext.log Manager: list: Listing contexts for virtual host 'localhost'
20-May-2022 08:10:34.198 INFO [http-nio-8080-exec-30] org.apache.catalina.core.ApplicationContext.log Manager: restart: Reloading web application '/basedatos'
20-May-2022 08:10:45.759 INFO [http-nio-8080-exec-31] org.apache.catalina.core.ApplicationContext.log Manager: list: Listing contexts for virtual host 'localhost'
20-May-2022 08:10:45.825 INFO [http-nio-8080-exec-36] org.apache.catalina.core.ApplicationContext.log Manager: restart: Reloading web application '/basedatos'
20-May-2022 08:12:42.252 INFO [http-nio-8080-exec-35] org.apache.catalina.core.ApplicationContext.log Manager: list: Listing contexts for virtual host 'localhost'
20-May-2022 08:12:42.309 INFO [http-nio-8080-exec-45] org.apache.catalina.core.ApplicationContext.log Manager: restart: Reloading web application '/basedatos'
20-May-2022 08:13:36.772 INFO [http-nio-8080-exec-44] org.apache.catalina.core.ApplicationContext.log Manager: list: Listing contexts for virtual host 'localhost'
20-May-2022 08:13:36.841 INFO [http-nio-8080-exec-43] org.apache.catalina.core.ApplicationContext.log Manager: restart: Reloading web application '/basedatos'
20-May-2022 08:14:00.787 INFO [http-nio-8080-exec-32] org.apache.catalina.core.ApplicationContext.log Manager: list: Listing contexts for virtual host 'localhost'
20-May-2022 08:14:00.846 INFO [http-nio-8080-exec-35] org.apache.catalina.core.ApplicationContext.log Manager: restart: Reloading web application '/basedatos'
20-May-2022 08:14:30.311 INFO [http-nio-8080-exec-42] org.apache.catalina.core.ApplicationContext.log Manager: list: Listing contexts for virtual host 'localhost'
20-May-2022 08:14:30.370 INFO [http-nio-8080-exec-44] org.apache.catalina.core.ApplicationContext.log Manager: restart: Reloading web application '/basedatos'
20-May-2022 08:14:55.050 INFO [http-nio-8080-exec-51] org.apache.catalina.core.ApplicationContext.log Manager: list: Listing contexts for virtual host 'localhost'
20-May-2022 08:14:55.114 INFO [http-nio-8080-exec-48] org.apache.catalina.core.ApplicationContext.log Manager: restart: Reloading web application '/basedatos'
20-May-2022 08:15:08.327 INFO [http-nio-8080-exec-55] org.apache.catalina.core.ApplicationContext.log Manager: list: Listing contexts for virtual host 'localhost'
20-May-2022 08:15:08.377 INFO [http-nio-8080-exec-53] org.apache.catalina.core.ApplicationContext.log Manager: restart: Reloading web application '/basedatos'
20-May-2022 08:15:28.410 INFO [http-nio-8080-exec-47] org.apache.catalina.core.ApplicationContext.log Manager: list: Listing contexts for virtual host 'localhost'
20-May-2022 08:15:28.468 INFO [http-nio-8080-exec-51] org.apache.catalina.core.ApplicationContext.log Manager: restart: Reloading web application '/basedatos'
20-May-2022 08:15:37.997 INFO [http-nio-8080-exec-47] org.apache.catalina.core.ApplicationContext.log Manager: list: Listing contexts for virtual host 'localhost'
20-May-2022 08:15:38.062 INFO [http-nio-8080-exec-55] org.apache.catalina.core.ApplicationContext.log Manager: restart: Reloading web application '/basedatos'
20-May-2022 08:16:02.320 INFO [http-nio-8080-exec-60] org.apache.catalina.core.ApplicationContext.log Manager: list: Listing contexts for virtual host 'localhost'
20-May-2022 08:16:02.404 INFO [http-nio-8080-exec-56] org.apache.catalina.core.ApplicationContext.log Manager: restart: Reloading web application '/basedatos'
20-May-2022 08:16:51.836 INFO [http-nio-8080-exec-58] org.apache.catalina.core.ApplicationContext.log Manager: list: Listing contexts for virtual host 'localhost'
20-May-2022 08:16:51.891 INFO [http-nio-8080-exec-57] org.apache.catalina.core.ApplicationContext.log Manager: restart: Reloading web application '/basedatos'
20-May-2022 08:16:55.809 INFO [http-nio-8080-exec-50] org.apache.catalina.core.ApplicationContext.log Manager: list: Listing contexts for virtual host 'localhost'
20-May-2022 08:16:55.860 INFO [http-nio-8080-exec-60] org.apache.catalina.core.ApplicationContext.log Manager: restart: Reloading web application '/basedatos'
20-May-2022 08:17:05.897 INFO [http-nio-8080-exec-50] org.apache.catalina.core.ApplicationContext.log Manager: list: Listing contexts for virtual host 'localhost'
20-May-2022 08:17:05.901 INFO [http-nio-8080-exec-46] org.apache.catalina.core.ApplicationContext.log Manager: list: Listing contexts for virtual host 'localhost'
20-May-2022 08:17:05.912 INFO [http-nio-8080-exec-63] org.apache.catalina.core.ApplicationContext.log Manager: undeploy: Undeploying web application at '/basedatos'
20-May-2022 08:17:06.464 INFO [http-nio-8080-exec-67] org.apache.catalina.core.ApplicationContext.log Manager: install: Installing context configuration at 'file:/C:/Users/paula/AppData/Local/Temp/context5017407670605420005.xml'
20-May-2022 08:17:18.633 INFO [http-nio-8080-exec-50] org.apache.catalina.core.ApplicationContext.log Manager: list: Listing contexts for virtual host 'localhost'
20-May-2022 08:17:18.638 INFO [http-nio-8080-exec-47] org.apache.catalina.core.ApplicationContext.log Manager: list: Listing contexts for virtual host 'localhost'
20-May-2022 08:17:18.657 INFO [http-nio-8080-exec-63] org.apache.catalina.core.ApplicationContext.log Manager: install: Installing context configuration at 'file:/C:/Users/paula/AppData/Local/Temp/context15496624471647312104.xml'
20-May-2022 08:17:19.619 INFO [http-nio-8080-exec-68] org.apache.catalina.core.ApplicationContext.log Manager: start: Starting web application '/basedatos'
20-May-2022 08:18:58.798 INFO [http-nio-8080-exec-69] org.apache.catalina.core.ApplicationContext.log Manager: list: Listing contexts for virtual host 'localhost'
20-May-2022 08:18:58.861 INFO [http-nio-8080-exec-70] org.apache.catalina.core.ApplicationContext.log Manager: restart: Reloading web application '/basedatos'
20-May-2022 08:19:04.094 INFO [http-nio-8080-exec-39] org.apache.catalina.core.ApplicationContext.log Manager: list: Listing contexts for virtual host 'localhost'
20-May-2022 08:19:04.098 INFO [http-nio-8080-exec-50] org.apache.catalina.core.ApplicationContext.log Manager: list: Listing contexts for virtual host 'localhost'
20-May-2022 08:19:04.111 INFO [http-nio-8080-exec-66] org.apache.catalina.core.ApplicationContext.log Manager: undeploy: Undeploying web application at '/basedatos'
20-May-2022 08:19:04.664 INFO [http-nio-8080-exec-39] org.apache.catalina.core.ApplicationContext.log Manager: install: Installing context configuration at 'file:/C:/Users/paula/AppData/Local/Temp/context7000761938253981099.xml'
20-May-2022 08:19:05.787 INFO [http-nio-8080-exec-50] org.apache.catalina.core.ApplicationContext.log Manager: start: Starting web application '/basedatos'
20-May-2022 08:20:14.736 INFO [http-nio-8080-exec-71] org.apache.catalina.core.ApplicationContext.log Manager: list: Listing contexts for virtual host 'localhost'
20-May-2022 08:20:27.229 INFO [http-nio-8080-exec-76] org.apache.catalina.core.ApplicationContext.log Manager: list: Listing contexts for virtual host 'localhost'
20-May-2022 08:20:27.288 INFO [http-nio-8080-exec-74] org.apache.catalina.core.ApplicationContext.log Manager: restart: Reloading web application '/basedatos'
20-May-2022 08:20:52.087 INFO [http-nio-8080-exec-79] org.apache.catalina.core.ApplicationContext.log Manager: list: Listing contexts for virtual host 'localhost'
20-May-2022 08:20:52.172 INFO [http-nio-8080-exec-82] org.apache.catalina.core.ApplicationContext.log Manager: restart: Reloading web application '/basedatos'
20-May-2022 08:20:57.420 INFO [http-nio-8080-exec-85] org.apache.catalina.core.ApplicationContext.log Manager: list: Listing contexts for virtual host 'localhost'
20-May-2022 08:20:57.475 INFO [http-nio-8080-exec-79] org.apache.catalina.core.ApplicationContext.log Manager: restart: Reloading web application '/basedatos'
20-May-2022 08:21:04.903 INFO [http-nio-8080-exec-84] org.apache.catalina.core.ApplicationContext.log Manager: list: Listing contexts for virtual host 'localhost'
20-May-2022 08:21:04.907 INFO [http-nio-8080-exec-83] org.apache.catalina.core.ApplicationContext.log Manager: list: Listing contexts for virtual host 'localhost'
20-May-2022 08:21:04.919 INFO [http-nio-8080-exec-77] org.apache.catalina.core.ApplicationContext.log Manager: undeploy: Undeploying web application at '/basedatos'
20-May-2022 08:21:05.467 INFO [http-nio-8080-exec-80] org.apache.catalina.core.ApplicationContext.log Manager: install: Installing context configuration at 'file:/C:/Users/paula/AppData/Local/Temp/context10215285548292185004.xml'
20-May-2022 08:21:06.467 INFO [http-nio-8080-exec-83] org.apache.catalina.core.ApplicationContext.log Manager: start: Starting web application '/basedatos'
20-May-2022 08:24:21.947 INFO [http-nio-8080-exec-92] org.apache.catalina.core.ApplicationContext.log Manager: list: Listing contexts for virtual host 'localhost'
20-May-2022 08:24:21.997 INFO [http-nio-8080-exec-94] org.apache.catalina.core.ApplicationContext.log Manager: restart: Reloading web application '/basedatos'
20-May-2022 08:24:27.592 INFO [http-nio-8080-exec-97] org.apache.catalina.core.ApplicationContext.log Manager: list: Listing contexts for virtual host 'localhost'
20-May-2022 08:24:27.596 INFO [http-nio-8080-exec-99] org.apache.catalina.core.ApplicationContext.log Manager: list: Listing contexts for virtual host 'localhost'
20-May-2022 08:24:27.613 INFO [http-nio-8080-exec-100] org.apache.catalina.core.ApplicationContext.log Manager: undeploy: Undeploying web application at '/basedatos'
20-May-2022 08:24:28.678 INFO [http-nio-8080-exec-98] org.apache.catalina.core.ApplicationContext.log Manager: install: Installing context configuration at 'file:/C:/Users/paula/AppData/Local/Temp/context6208010664162610800.xml'
20-May-2022 08:24:29.832 INFO [http-nio-8080-exec-99] org.apache.catalina.core.ApplicationContext.log Manager: start: Starting web application '/basedatos'
20-May-2022 08:25:40.762 INFO [http-nio-8080-exec-103] org.apache.catalina.core.ApplicationContext.log Manager: list: Listing contexts for virtual host 'localhost'
20-May-2022 08:25:40.820 INFO [http-nio-8080-exec-104] org.apache.catalina.core.ApplicationContext.log Manager: restart: Reloading web application '/basedatos'
20-May-2022 08:25:45.295 INFO [http-nio-8080-exec-103] org.apache.catalina.core.ApplicationContext.log Manager: list: Listing contexts for virtual host 'localhost'
20-May-2022 08:25:45.349 INFO [http-nio-8080-exec-95] org.apache.catalina.core.ApplicationContext.log Manager: restart: Reloading web application '/basedatos'
20-May-2022 08:25:48.342 INFO [http-nio-8080-exec-107] org.apache.catalina.core.ApplicationContext.log Manager: list: Listing contexts for virtual host 'localhost'
20-May-2022 08:25:48.348 INFO [http-nio-8080-exec-109] org.apache.catalina.core.ApplicationContext.log Manager: list: Listing contexts for virtual host 'localhost'
20-May-2022 08:25:48.361 INFO [http-nio-8080-exec-101] org.apache.catalina.core.ApplicationContext.log Manager: undeploy: Undeploying web application at '/basedatos'
20-May-2022 08:25:48.915 INFO [http-nio-8080-exec-105] org.apache.catalina.core.ApplicationContext.log Manager: install: Installing context configuration at 'file:/C:/Users/paula/AppData/Local/Temp/context3105045552543028535.xml'
20-May-2022 08:25:59.391 INFO [http-nio-8080-exec-102] org.apache.catalina.core.ApplicationContext.log Manager: list: Listing contexts for virtual host 'localhost'
20-May-2022 08:25:59.395 INFO [http-nio-8080-exec-106] org.apache.catalina.core.ApplicationContext.log Manager: list: Listing contexts for virtual host 'localhost'
20-May-2022 08:25:59.421 INFO [http-nio-8080-exec-101] org.apache.catalina.core.ApplicationContext.log Manager: install: Installing context configuration at 'file:/C:/Users/paula/AppData/Local/Temp/context17710337321406541525.xml'
20-May-2022 08:26:00.361 INFO [http-nio-8080-exec-105] org.apache.catalina.core.ApplicationContext.log Manager: start: Starting web application '/basedatos'
20-May-2022 08:26:45.477 INFO [http-nio-8080-exec-115] org.apache.catalina.core.ApplicationContext.log Manager: list: Listing contexts for virtual host 'localhost'
20-May-2022 08:26:45.535 INFO [http-nio-8080-exec-106] org.apache.catalina.core.ApplicationContext.log Manager: restart: Reloading web application '/basedatos'
20-May-2022 08:26:49.857 INFO [http-nio-8080-exec-109] org.apache.catalina.core.ApplicationContext.log Manager: list: Listing contexts for virtual host 'localhost'
20-May-2022 08:26:49.860 INFO [http-nio-8080-exec-116] org.apache.catalina.core.ApplicationContext.log Manager: list: Listing contexts for virtual host 'localhost'
20-May-2022 08:26:49.871 INFO [http-nio-8080-exec-114] org.apache.catalina.core.ApplicationContext.log Manager: undeploy: Undeploying web application at '/basedatos'
20-May-2022 08:26:50.424 INFO [http-nio-8080-exec-105] org.apache.catalina.core.ApplicationContext.log Manager: install: Installing context configuration at 'file:/C:/Users/paula/AppData/Local/Temp/context13365111864399100407.xml'
20-May-2022 08:26:51.404 INFO [http-nio-8080-exec-115] org.apache.catalina.core.ApplicationContext.log Manager: start: Starting web application '/basedatos'
20-May-2022 08:27:48.331 INFO [http-nio-8080-exec-112] org.apache.catalina.core.ApplicationContext.log Manager: list: Listing contexts for virtual host 'localhost'
20-May-2022 08:27:48.392 INFO [http-nio-8080-exec-114] org.apache.catalina.core.ApplicationContext.log Manager: restart: Reloading web application '/basedatos'
20-May-2022 08:27:56.438 INFO [http-nio-8080-exec-112] org.apache.catalina.core.ApplicationContext.log Manager: list: Listing contexts for virtual host 'localhost'
20-May-2022 08:27:56.442 INFO [http-nio-8080-exec-112] org.apache.catalina.core.ApplicationContext.log Manager: list: Listing contexts for virtual host 'localhost'
20-May-2022 08:27:56.455 INFO [http-nio-8080-exec-115] org.apache.catalina.core.ApplicationContext.log Manager: undeploy: Undeploying web application at '/basedatos'
20-May-2022 08:27:57.012 INFO [http-nio-8080-exec-119] org.apache.catalina.core.ApplicationContext.log Manager: install: Installing context configuration at 'file:/C:/Users/paula/AppData/Local/Temp/context6559239635292241494.xml'
20-May-2022 08:27:57.971 INFO [http-nio-8080-exec-111] org.apache.catalina.core.ApplicationContext.log Manager: start: Starting web application '/basedatos'
20-May-2022 08:28:12.689 INFO [http-nio-8080-exec-115] org.apache.catalina.core.ApplicationContext.log Manager: list: Listing contexts for virtual host 'localhost'
20-May-2022 08:28:12.743 INFO [http-nio-8080-exec-111] org.apache.catalina.core.ApplicationContext.log Manager: restart: Reloading web application '/basedatos'
20-May-2022 08:29:48.264 INFO [http-nio-8080-exec-112] org.apache.catalina.core.ApplicationContext.log Manager: list: Listing contexts for virtual host 'localhost'
20-May-2022 08:29:48.333 INFO [http-nio-8080-exec-123] org.apache.catalina.core.ApplicationContext.log Manager: restart: Reloading web application '/basedatos'
20-May-2022 08:30:23.170 INFO [http-nio-8080-exec-126] org.apache.catalina.core.ApplicationContext.log Manager: list: Listing contexts for virtual host 'localhost'
20-May-2022 08:30:23.229 INFO [http-nio-8080-exec-112] org.apache.catalina.core.ApplicationContext.log Manager: restart: Reloading web application '/basedatos'
20-May-2022 08:30:35.922 INFO [http-nio-8080-exec-124] org.apache.catalina.core.ApplicationContext.log Manager: list: Listing contexts for virtual host 'localhost'
20-May-2022 08:30:35.991 INFO [http-nio-8080-exec-132] org.apache.catalina.core.ApplicationContext.log Manager: restart: Reloading web application '/basedatos'
20-May-2022 08:30:38.309 INFO [http-nio-8080-exec-126] org.apache.catalina.core.ApplicationContext.log Manager: list: Listing contexts for virtual host 'localhost'
20-May-2022 08:30:38.371 INFO [http-nio-8080-exec-129] org.apache.catalina.core.ApplicationContext.log Manager: restart: Reloading web application '/basedatos'
20-May-2022 08:30:42.467 INFO [http-nio-8080-exec-128] org.apache.catalina.core.ApplicationContext.log Manager: list: Listing contexts for virtual host 'localhost'
20-May-2022 08:30:42.470 INFO [http-nio-8080-exec-126] org.apache.catalina.core.ApplicationContext.log Manager: list: Listing contexts for virtual host 'localhost'
20-May-2022 08:30:42.481 INFO [http-nio-8080-exec-136] org.apache.catalina.core.ApplicationContext.log Manager: undeploy: Undeploying web application at '/basedatos'
20-May-2022 08:30:43.032 INFO [http-nio-8080-exec-127] org.apache.catalina.core.ApplicationContext.log Manager: install: Installing context configuration at 'file:/C:/Users/paula/AppData/Local/Temp/context12568116194855999145.xml'
20-May-2022 08:30:44.111 INFO [http-nio-8080-exec-124] org.apache.catalina.core.ApplicationContext.log Manager: start: Starting web application '/basedatos'
20-May-2022 08:31:26.613 INFO [http-nio-8080-exec-136] org.apache.catalina.core.ApplicationContext.log Manager: list: Listing contexts for virtual host 'localhost'
20-May-2022 08:31:26.666 INFO [http-nio-8080-exec-139] org.apache.catalina.core.ApplicationContext.log Manager: restart: Reloading web application '/basedatos'
20-May-2022 08:31:29.689 INFO [http-nio-8080-exec-130] org.apache.catalina.core.ApplicationContext.log Manager: list: Listing contexts for virtual host 'localhost'
20-May-2022 08:31:29.693 INFO [http-nio-8080-exec-128] org.apache.catalina.core.ApplicationContext.log Manager: list: Listing contexts for virtual host 'localhost'
20-May-2022 08:31:29.706 INFO [http-nio-8080-exec-138] org.apache.catalina.core.ApplicationContext.log Manager: undeploy: Undeploying web application at '/basedatos'
20-May-2022 08:31:30.762 INFO [http-nio-8080-exec-128] org.apache.catalina.core.ApplicationContext.log Manager: install: Installing context configuration at 'file:/C:/Users/paula/AppData/Local/Temp/context2489904511815235182.xml'
20-May-2022 08:31:31.768 INFO [http-nio-8080-exec-144] org.apache.catalina.core.ApplicationContext.log Manager: start: Starting web application '/basedatos'
20-May-2022 08:31:54.475 INFO [http-nio-8080-exec-145] org.apache.catalina.core.ApplicationContext.log Manager: list: Listing contexts for virtual host 'localhost'
20-May-2022 08:31:54.527 INFO [http-nio-8080-exec-146] org.apache.catalina.core.ApplicationContext.log Manager: restart: Reloading web application '/basedatos'
20-May-2022 08:31:59.991 INFO [http-nio-8080-exec-150] org.apache.catalina.core.ApplicationContext.log Manager: list: Listing contexts for virtual host 'localhost'
20-May-2022 08:31:59.994 INFO [http-nio-8080-exec-144] org.apache.catalina.core.ApplicationContext.log Manager: list: Listing contexts for virtual host 'localhost'
20-May-2022 08:32:00.010 INFO [http-nio-8080-exec-145] org.apache.catalina.core.ApplicationContext.log Manager: undeploy: Undeploying web application at '/basedatos'
20-May-2022 08:32:00.574 INFO [http-nio-8080-exec-150] org.apache.catalina.core.ApplicationContext.log Manager: install: Installing context configuration at 'file:/C:/Users/paula/AppData/Local/Temp/context17295812814566374214.xml'
20-May-2022 08:32:01.552 INFO [http-nio-8080-exec-144] org.apache.catalina.core.ApplicationContext.log Manager: start: Starting web application '/basedatos'
20-May-2022 08:33:32.857 INFO [http-nio-8080-exec-152] org.apache.catalina.core.ApplicationContext.log Manager: list: Listing contexts for virtual host 'localhost'
20-May-2022 08:33:32.913 INFO [http-nio-8080-exec-153] org.apache.catalina.core.ApplicationContext.log Manager: restart: Reloading web application '/basedatos'
20-May-2022 08:33:38.182 INFO [http-nio-8080-exec-140] org.apache.catalina.core.ApplicationContext.log Manager: list: Listing contexts for virtual host 'localhost'
20-May-2022 08:33:38.237 INFO [http-nio-8080-exec-149] org.apache.catalina.core.ApplicationContext.log Manager: restart: Reloading web application '/basedatos'
20-May-2022 08:33:46.764 INFO [http-nio-8080-exec-156] org.apache.catalina.core.ApplicationContext.log Manager: list: Listing contexts for virtual host 'localhost'
20-May-2022 08:33:46.767 INFO [http-nio-8080-exec-157] org.apache.catalina.core.ApplicationContext.log Manager: list: Listing contexts for virtual host 'localhost'
20-May-2022 08:33:46.777 INFO [http-nio-8080-exec-158] org.apache.catalina.core.ApplicationContext.log Manager: undeploy: Undeploying web application at '/basedatos'
20-May-2022 08:33:47.337 INFO [http-nio-8080-exec-156] org.apache.catalina.core.ApplicationContext.log Manager: install: Installing context configuration at 'file:/C:/Users/paula/AppData/Local/Temp/context3343728902917801646.xml'
20-May-2022 08:33:48.321 INFO [http-nio-8080-exec-157] org.apache.catalina.core.ApplicationContext.log Manager: start: Starting web application '/basedatos'
20-May-2022 08:34:14.343 INFO [http-nio-8080-exec-163] org.apache.catalina.core.ApplicationContext.log Manager: list: Listing contexts for virtual host 'localhost'
20-May-2022 08:34:14.403 INFO [http-nio-8080-exec-155] org.apache.catalina.core.ApplicationContext.log Manager: restart: Reloading web application '/basedatos'
20-May-2022 08:34:21.597 INFO [http-nio-8080-exec-167] org.apache.catalina.core.ApplicationContext.log Manager: list: Listing contexts for virtual host 'localhost'
20-May-2022 08:34:21.600 INFO [http-nio-8080-exec-157] org.apache.catalina.core.ApplicationContext.log Manager: list: Listing contexts for virtual host 'localhost'
20-May-2022 08:34:21.609 INFO [http-nio-8080-exec-158] org.apache.catalina.core.ApplicationContext.log Manager: undeploy: Undeploying web application at '/basedatos'
20-May-2022 08:34:22.168 INFO [http-nio-8080-exec-157] org.apache.catalina.core.ApplicationContext.log Manager: install: Installing context configuration at 'file:/C:/Users/paula/AppData/Local/Temp/context12310454203562622494.xml'
20-May-2022 08:34:23.163 INFO [http-nio-8080-exec-159] org.apache.catalina.core.ApplicationContext.log Manager: start: Starting web application '/basedatos'
20-May-2022 08:35:34.000 INFO [http-nio-8080-exec-171] org.apache.catalina.core.ApplicationContext.log Manager: list: Listing contexts for virtual host 'localhost'
20-May-2022 08:35:34.082 INFO [http-nio-8080-exec-172] org.apache.catalina.core.ApplicationContext.log Manager: restart: Reloading web application '/basedatos'
20-May-2022 08:37:38.147 INFO [http-nio-8080-exec-177] org.apache.catalina.core.ApplicationContext.log Manager: list: Listing contexts for virtual host 'localhost'
20-May-2022 08:37:38.201 INFO [http-nio-8080-exec-178] org.apache.catalina.core.ApplicationContext.log Manager: restart: Reloading web application '/basedatos'
20-May-2022 08:37:40.276 INFO [http-nio-8080-exec-175] org.apache.catalina.core.ApplicationContext.log Manager: list: Listing contexts for virtual host 'localhost'
20-May-2022 08:37:40.319 INFO [http-nio-8080-exec-182] org.apache.catalina.core.ApplicationContext.log Manager: restart: Reloading web application '/basedatos'
20-May-2022 08:38:19.045 INFO [http-nio-8080-exec-174] org.apache.catalina.core.ApplicationContext.log Manager: list: Listing contexts for virtual host 'localhost'
20-May-2022 08:38:19.096 INFO [http-nio-8080-exec-183] org.apache.catalina.core.ApplicationContext.log Manager: restart: Reloading web application '/basedatos'
20-May-2022 08:38:25.273 INFO [http-nio-8080-exec-170] org.apache.catalina.core.ApplicationContext.log Manager: list: Listing contexts for virtual host 'localhost'
20-May-2022 08:38:25.332 INFO [http-nio-8080-exec-174] org.apache.catalina.core.ApplicationContext.log Manager: restart: Reloading web application '/basedatos'
20-May-2022 08:38:39.335 INFO [http-nio-8080-exec-177] org.apache.catalina.core.ApplicationContext.log Manager: list: Listing contexts for virtual host 'localhost'
20-May-2022 08:38:39.390 INFO [http-nio-8080-exec-187] org.apache.catalina.core.ApplicationContext.log Manager: restart: Reloading web application '/basedatos'
20-May-2022 08:39:11.793 INFO [http-nio-8080-exec-176] org.apache.catalina.core.ApplicationContext.log Manager: list: Listing contexts for virtual host 'localhost'
20-May-2022 08:39:11.838 INFO [http-nio-8080-exec-175] org.apache.catalina.core.ApplicationContext.log Manager: restart: Reloading web application '/basedatos'
20-May-2022 08:39:26.218 INFO [http-nio-8080-exec-186] org.apache.catalina.core.ApplicationContext.log Manager: list: Listing contexts for virtual host 'localhost'
20-May-2022 08:39:26.276 INFO [http-nio-8080-exec-170] org.apache.catalina.core.ApplicationContext.log Manager: restart: Reloading web application '/basedatos'
20-May-2022 08:39:54.005 INFO [http-nio-8080-exec-176] org.apache.catalina.core.ApplicationContext.log Manager: list: Listing contexts for virtual host 'localhost'
20-May-2022 08:39:54.061 INFO [http-nio-8080-exec-186] org.apache.catalina.core.ApplicationContext.log Manager: restart: Reloading web application '/basedatos'
20-May-2022 08:40:04.188 INFO [http-nio-8080-exec-194] org.apache.catalina.core.ApplicationContext.log Manager: list: Listing contexts for virtual host 'localhost'
20-May-2022 08:40:04.238 INFO [http-nio-8080-exec-197] org.apache.catalina.core.ApplicationContext.log Manager: restart: Reloading web application '/basedatos'
20-May-2022 08:40:12.753 INFO [http-nio-8080-exec-195] org.apache.catalina.core.ApplicationContext.log Manager: list: Listing contexts for virtual host 'localhost'
20-May-2022 08:40:12.804 INFO [http-nio-8080-exec-192] org.apache.catalina.core.ApplicationContext.log Manager: restart: Reloading web application '/basedatos'
20-May-2022 08:40:15.644 INFO [http-nio-8080-exec-188] org.apache.catalina.core.ApplicationContext.log Manager: list: Listing contexts for virtual host 'localhost'
20-May-2022 08:40:15.647 INFO [http-nio-8080-exec-184] org.apache.catalina.core.ApplicationContext.log Manager: list: Listing contexts for virtual host 'localhost'
20-May-2022 08:40:15.656 INFO [http-nio-8080-exec-194] org.apache.catalina.core.ApplicationContext.log Manager: undeploy: Undeploying web application at '/basedatos'
20-May-2022 08:40:16.200 INFO [http-nio-8080-exec-177] org.apache.catalina.core.ApplicationContext.log Manager: install: Installing context configuration at 'file:/C:/Users/paula/AppData/Local/Temp/context1614461333553233489.xml'
20-May-2022 08:40:17.135 INFO [http-nio-8080-exec-188] org.apache.catalina.core.ApplicationContext.log Manager: start: Starting web application '/basedatos'
20-May-2022 08:40:46.604 INFO [http-nio-8080-exec-195] org.apache.catalina.core.ApplicationContext.log Manager: list: Listing contexts for virtual host 'localhost'
20-May-2022 08:40:46.668 INFO [http-nio-8080-exec-184] org.apache.catalina.core.ApplicationContext.log Manager: restart: Reloading web application '/basedatos'
20-May-2022 08:42:17.940 INFO [http-nio-8080-exec-200] org.apache.catalina.core.ApplicationContext.log Manager: list: Listing contexts for virtual host 'localhost'
20-May-2022 08:42:17.995 INFO [http-nio-8080-exec-202] org.apache.catalina.core.ApplicationContext.log Manager: restart: Reloading web application '/basedatos'
20-May-2022 08:42:19.572 INFO [http-nio-8080-exec-210] org.apache.catalina.core.ApplicationContext.log Manager: list: Listing contexts for virtual host 'localhost'
20-May-2022 08:42:19.613 INFO [http-nio-8080-exec-206] org.apache.catalina.core.ApplicationContext.log Manager: restart: Reloading web application '/basedatos'
20-May-2022 08:45:20.953 INFO [http-nio-8080-exec-214] org.apache.catalina.core.ApplicationContext.log Manager: list: Listing contexts for virtual host 'localhost'
20-May-2022 08:45:21.012 INFO [http-nio-8080-exec-215] org.apache.catalina.core.ApplicationContext.log Manager: restart: Reloading web application '/basedatos'
20-May-2022 08:45:22.671 INFO [http-nio-8080-exec-216] org.apache.catalina.core.ApplicationContext.log Manager: list: Listing contexts for virtual host 'localhost'
20-May-2022 08:45:22.726 INFO [http-nio-8080-exec-219] org.apache.catalina.core.ApplicationContext.log Manager: restart: Reloading web application '/basedatos'
20-May-2022 08:45:24.810 INFO [http-nio-8080-exec-213] org.apache.catalina.core.ApplicationContext.log Manager: list: Listing contexts for virtual host 'localhost'
20-May-2022 08:45:24.866 INFO [http-nio-8080-exec-214] org.apache.catalina.core.ApplicationContext.log Manager: restart: Reloading web application '/basedatos'
20-May-2022 08:45:36.486 INFO [http-nio-8080-exec-217] org.apache.catalina.core.ApplicationContext.log Manager: list: Listing contexts for virtual host 'localhost'
20-May-2022 08:45:36.558 INFO [http-nio-8080-exec-211] org.apache.catalina.core.ApplicationContext.log Manager: restart: Reloading web application '/basedatos'
20-May-2022 08:46:11.448 INFO [http-nio-8080-exec-208] org.apache.catalina.core.ApplicationContext.log Manager: list: Listing contexts for virtual host 'localhost'
20-May-2022 08:46:11.509 INFO [http-nio-8080-exec-217] org.apache.catalina.core.ApplicationContext.log Manager: restart: Reloading web application '/basedatos'
20-May-2022 08:46:14.767 INFO [http-nio-8080-exec-225] org.apache.catalina.core.ApplicationContext.log Manager: list: Listing contexts for virtual host 'localhost'
20-May-2022 08:46:14.823 INFO [http-nio-8080-exec-224] org.apache.catalina.core.ApplicationContext.log Manager: restart: Reloading web application '/basedatos'
20-May-2022 08:47:24.036 INFO [http-nio-8080-exec-228] org.apache.catalina.core.ApplicationContext.log Manager: list: Listing contexts for virtual host 'localhost'
20-May-2022 08:48:42.508 INFO [http-nio-8080-exec-229] org.apache.catalina.core.ApplicationContext.log Manager: list: Listing contexts for virtual host 'localhost'
20-May-2022 08:48:42.560 INFO [http-nio-8080-exec-230] org.apache.catalina.core.ApplicationContext.log Manager: restart: Reloading web application '/basedatos'
20-May-2022 08:49:15.334 INFO [http-nio-8080-exec-208] org.apache.catalina.core.ApplicationContext.log Manager: list: Listing contexts for virtual host 'localhost'
20-May-2022 08:49:15.383 INFO [http-nio-8080-exec-227] org.apache.catalina.core.ApplicationContext.log Manager: restart: Reloading web application '/basedatos'
20-May-2022 08:49:19.664 INFO [http-nio-8080-exec-226] org.apache.catalina.core.ApplicationContext.log Manager: list: Listing contexts for virtual host 'localhost'
20-May-2022 08:49:19.927 INFO [http-nio-8080-exec-231] org.apache.catalina.core.ApplicationContext.log Manager: restart: Reloading web application '/basedatos'
20-May-2022 08:49:43.467 INFO [http-nio-8080-exec-226] org.apache.catalina.core.ApplicationContext.log Manager: list: Listing contexts for virtual host 'localhost'
20-May-2022 08:49:43.525 INFO [http-nio-8080-exec-238] org.apache.catalina.core.ApplicationContext.log Manager: restart: Reloading web application '/basedatos'
20-May-2022 08:50:01.944 INFO [http-nio-8080-exec-236] org.apache.catalina.core.ApplicationContext.log Manager: list: Listing contexts for virtual host 'localhost'
20-May-2022 08:50:02.001 INFO [http-nio-8080-exec-234] org.apache.catalina.core.ApplicationContext.log Manager: restart: Reloading web application '/basedatos'
20-May-2022 08:50:13.557 INFO [http-nio-8080-exec-236] org.apache.catalina.core.ApplicationContext.log Manager: list: Listing contexts for virtual host 'localhost'
20-May-2022 08:50:13.614 INFO [http-nio-8080-exec-242] org.apache.catalina.core.ApplicationContext.log Manager: restart: Reloading web application '/basedatos'
20-May-2022 08:51:29.834 INFO [http-nio-8080-exec-244] org.apache.catalina.core.ApplicationContext.log Manager: list: Listing contexts for virtual host 'localhost'
20-May-2022 08:51:29.888 INFO [http-nio-8080-exec-229] org.apache.catalina.core.ApplicationContext.log Manager: restart: Reloading web application '/basedatos'
20-May-2022 08:53:26.986 INFO [http-nio-8080-exec-226] org.apache.catalina.core.ApplicationContext.log Manager: list: Listing contexts for virtual host 'localhost'
20-May-2022 08:53:27.040 INFO [http-nio-8080-exec-240] org.apache.catalina.core.ApplicationContext.log Manager: restart: Reloading web application '/basedatos'
20-May-2022 08:56:04.201 INFO [http-nio-8080-exec-248] org.apache.catalina.core.ApplicationContext.log Manager: list: Listing contexts for virtual host 'localhost'
20-May-2022 08:56:04.258 INFO [http-nio-8080-exec-254] org.apache.catalina.core.ApplicationContext.log Manager: restart: Reloading web application '/basedatos'
20-May-2022 08:57:33.895 INFO [http-nio-8080-exec-250] org.apache.catalina.core.ApplicationContext.log Manager: list: Listing contexts for virtual host 'localhost'
20-May-2022 08:57:33.952 INFO [http-nio-8080-exec-261] org.apache.catalina.core.ApplicationContext.log Manager: restart: Reloading web application '/basedatos'
20-May-2022 08:57:38.117 INFO [http-nio-8080-exec-251] org.apache.catalina.core.ApplicationContext.log Manager: list: Listing contexts for virtual host 'localhost'
20-May-2022 08:57:38.187 INFO [http-nio-8080-exec-248] org.apache.catalina.core.ApplicationContext.log Manager: restart: Reloading web application '/basedatos'
20-May-2022 08:58:04.956 INFO [http-nio-8080-exec-250] org.apache.catalina.core.ApplicationContext.log Manager: list: Listing contexts for virtual host 'localhost'
20-May-2022 08:58:05.007 INFO [http-nio-8080-exec-262] org.apache.catalina.core.ApplicationContext.log Manager: restart: Reloading web application '/basedatos'
20-May-2022 08:58:06.469 INFO [http-nio-8080-exec-253] org.apache.catalina.core.ApplicationContext.log Manager: list: Listing contexts for virtual host 'localhost'
20-May-2022 08:58:06.515 INFO [http-nio-8080-exec-266] org.apache.catalina.core.ApplicationContext.log Manager: restart: Reloading web application '/basedatos'
20-May-2022 08:59:02.254 INFO [http-nio-8080-exec-250] org.apache.catalina.core.ApplicationContext.log Manager: list: Listing contexts for virtual host 'localhost'
20-May-2022 08:59:02.310 INFO [http-nio-8080-exec-259] org.apache.catalina.core.ApplicationContext.log Manager: restart: Reloading web application '/basedatos'
20-May-2022 08:59:04.019 INFO [http-nio-8080-exec-267] org.apache.catalina.core.ApplicationContext.log Manager: list: Listing contexts for virtual host 'localhost'
20-May-2022 08:59:04.063 INFO [http-nio-8080-exec-269] org.apache.catalina.core.ApplicationContext.log Manager: restart: Reloading web application '/basedatos'
20-May-2022 08:59:43.515 INFO [http-nio-8080-exec-263] org.apache.catalina.core.ApplicationContext.log Manager: list: Listing contexts for virtual host 'localhost'
20-May-2022 08:59:43.567 INFO [http-nio-8080-exec-271] org.apache.catalina.core.ApplicationContext.log Manager: restart: Reloading web application '/basedatos'
20-May-2022 08:59:59.037 INFO [http-nio-8080-exec-268] org.apache.catalina.core.ApplicationContext.log Manager: list: Listing contexts for virtual host 'localhost'
20-May-2022 08:59:59.092 INFO [http-nio-8080-exec-270] org.apache.catalina.core.ApplicationContext.log Manager: restart: Reloading web application '/basedatos'
20-May-2022 09:15:37.168 INFO [http-nio-8080-exec-276] org.apache.catalina.core.ApplicationContext.log Manager: list: Listing contexts for virtual host 'localhost'
20-May-2022 09:15:37.231 INFO [http-nio-8080-exec-277] org.apache.catalina.core.ApplicationContext.log Manager: restart: Reloading web application '/basedatos'
20-May-2022 09:15:38.837 INFO [http-nio-8080-exec-276] org.apache.catalina.core.ApplicationContext.log Manager: list: Listing contexts for virtual host 'localhost'
20-May-2022 09:15:38.875 INFO [http-nio-8080-exec-284] org.apache.catalina.core.ApplicationContext.log Manager: restart: Reloading web application '/basedatos'
20-May-2022 09:16:23.466 INFO [http-nio-8080-exec-283] org.apache.catalina.core.ApplicationContext.log Manager: list: Listing contexts for virtual host 'localhost'
20-May-2022 09:16:23.517 INFO [http-nio-8080-exec-282] org.apache.catalina.core.ApplicationContext.log Manager: restart: Reloading web application '/basedatos'
20-May-2022 09:16:26.021 INFO [http-nio-8080-exec-286] org.apache.catalina.core.ApplicationContext.log Manager: list: Listing contexts for virtual host 'localhost'
20-May-2022 09:16:26.024 INFO [http-nio-8080-exec-287] org.apache.catalina.core.ApplicationContext.log Manager: list: Listing contexts for virtual host 'localhost'
20-May-2022 09:16:26.034 INFO [http-nio-8080-exec-279] org.apache.catalina.core.ApplicationContext.log Manager: undeploy: Undeploying web application at '/basedatos'
20-May-2022 09:16:26.593 INFO [http-nio-8080-exec-286] org.apache.catalina.core.ApplicationContext.log Manager: install: Installing context configuration at 'file:/C:/Users/paula/AppData/Local/Temp/context12135029554311051885.xml'
20-May-2022 09:16:27.600 INFO [http-nio-8080-exec-281] org.apache.catalina.core.ApplicationContext.log Manager: start: Starting web application '/basedatos'
20-May-2022 09:16:47.599 INFO [http-nio-8080-exec-279] org.apache.catalina.core.ApplicationContext.log Manager: list: Listing contexts for virtual host 'localhost'
20-May-2022 09:16:47.661 INFO [http-nio-8080-exec-289] org.apache.catalina.core.ApplicationContext.log Manager: restart: Reloading web application '/basedatos'
20-May-2022 09:17:43.854 INFO [http-nio-8080-exec-280] org.apache.catalina.core.ApplicationContext.log Manager: list: Listing contexts for virtual host 'localhost'
20-May-2022 09:17:43.912 INFO [http-nio-8080-exec-291] org.apache.catalina.core.ApplicationContext.log Manager: restart: Reloading web application '/basedatos'
20-May-2022 09:17:45.571 INFO [http-nio-8080-exec-276] org.apache.catalina.core.ApplicationContext.log Manager: list: Listing contexts for virtual host 'localhost'
20-May-2022 09:17:45.661 INFO [http-nio-8080-exec-280] org.apache.catalina.core.ApplicationContext.log Manager: restart: Reloading web application '/basedatos'
20-May-2022 09:17:48.534 INFO [http-nio-8080-exec-287] org.apache.catalina.core.ApplicationContext.log Manager: list: Listing contexts for virtual host 'localhost'
20-May-2022 09:17:48.537 INFO [http-nio-8080-exec-296] org.apache.catalina.core.ApplicationContext.log Manager: list: Listing contexts for virtual host 'localhost'
20-May-2022 09:17:48.549 INFO [http-nio-8080-exec-276] org.apache.catalina.core.ApplicationContext.log Manager: undeploy: Undeploying web application at '/basedatos'
20-May-2022 09:17:49.098 INFO [http-nio-8080-exec-279] org.apache.catalina.core.ApplicationContext.log Manager: install: Installing context configuration at 'file:/C:/Users/paula/AppData/Local/Temp/context5903939251734381432.xml'
20-May-2022 09:17:50.103 INFO [http-nio-8080-exec-287] org.apache.catalina.core.ApplicationContext.log Manager: start: Starting web application '/basedatos'
20-May-2022 09:18:29.250 INFO [http-nio-8080-exec-299] org.apache.catalina.core.ApplicationContext.log Manager: list: Listing contexts for virtual host 'localhost'
20-May-2022 09:18:29.415 INFO [http-nio-8080-exec-300] org.apache.catalina.core.ApplicationContext.log Manager: restart: Reloading web application '/basedatos'
20-May-2022 09:18:34.407 INFO [http-nio-8080-exec-292] org.apache.catalina.core.ApplicationContext.log Manager: list: Listing contexts for virtual host 'localhost'
20-May-2022 09:18:34.410 INFO [http-nio-8080-exec-299] org.apache.catalina.core.ApplicationContext.log Manager: list: Listing contexts for virtual host 'localhost'
20-May-2022 09:18:34.419 INFO [http-nio-8080-exec-302] org.apache.catalina.core.ApplicationContext.log Manager: undeploy: Undeploying web application at '/basedatos'
20-May-2022 09:18:34.966 INFO [http-nio-8080-exec-305] org.apache.catalina.core.ApplicationContext.log Manager: install: Installing context configuration at 'file:/C:/Users/paula/AppData/Local/Temp/context9932362715270764249.xml'
20-May-2022 09:18:35.962 INFO [http-nio-8080-exec-287] org.apache.catalina.core.ApplicationContext.log Manager: start: Starting web application '/basedatos'
20-May-2022 09:19:14.648 INFO [http-nio-8080-exec-287] org.apache.catalina.core.ApplicationContext.log Manager: list: Listing contexts for virtual host 'localhost'
20-May-2022 09:19:14.713 INFO [http-nio-8080-exec-308] org.apache.catalina.core.ApplicationContext.log Manager: restart: Reloading web application '/basedatos'
20-May-2022 09:19:19.564 INFO [http-nio-8080-exec-310] org.apache.catalina.core.ApplicationContext.log Manager: list: Listing contexts for virtual host 'localhost'
20-May-2022 09:19:19.567 INFO [http-nio-8080-exec-304] org.apache.catalina.core.ApplicationContext.log Manager: list: Listing contexts for virtual host 'localhost'
20-May-2022 09:19:19.576 INFO [http-nio-8080-exec-276] org.apache.catalina.core.ApplicationContext.log Manager: undeploy: Undeploying web application at '/basedatos'
20-May-2022 09:19:20.127 INFO [http-nio-8080-exec-287] org.apache.catalina.core.ApplicationContext.log Manager: install: Installing context configuration at 'file:/C:/Users/paula/AppData/Local/Temp/context18436750419677972263.xml'
20-May-2022 09:19:21.177 INFO [http-nio-8080-exec-312] org.apache.catalina.core.ApplicationContext.log Manager: start: Starting web application '/basedatos'
20-May-2022 09:21:13.299 INFO [http-nio-8080-exec-317] org.apache.catalina.core.ApplicationContext.log Manager: list: Listing contexts for virtual host 'localhost'
20-May-2022 09:21:13.493 INFO [http-nio-8080-exec-320] org.apache.catalina.core.ApplicationContext.log Manager: restart: Reloading web application '/basedatos'
20-May-2022 09:21:15.037 INFO [http-nio-8080-exec-316] org.apache.catalina.core.ApplicationContext.log Manager: list: Listing contexts for virtual host 'localhost'
20-May-2022 09:21:15.077 INFO [http-nio-8080-exec-317] org.apache.catalina.core.ApplicationContext.log Manager: restart: Reloading web application '/basedatos'
20-May-2022 14:52:54.767 INFO [http-nio-8080-exec-324] org.apache.catalina.core.ApplicationContext.log Manager: list: Listing contexts for virtual host 'localhost'
20-May-2022 14:54:00.641 INFO [http-nio-8080-exec-330] org.apache.catalina.core.ApplicationContext.log Manager: list: Listing contexts for virtual host 'localhost'
20-May-2022 14:54:04.508 INFO [http-nio-8080-exec-331] org.apache.catalina.core.ApplicationContext.log Manager: list: Listing contexts for virtual host 'localhost'
20-May-2022 14:54:04.510 INFO [http-nio-8080-exec-323] org.apache.catalina.core.ApplicationContext.log Manager: list: Listing contexts for virtual host 'localhost'
20-May-2022 14:54:04.520 INFO [http-nio-8080-exec-322] org.apache.catalina.core.ApplicationContext.log Manager: undeploy: Undeploying web application at '/basedatos'
20-May-2022 14:54:05.065 INFO [http-nio-8080-exec-325] org.apache.catalina.core.ApplicationContext.log Manager: install: Installing context configuration at 'file:/C:/Users/paula/AppData/Local/Temp/context2020177755811653622.xml'
20-May-2022 14:54:06.060 INFO [http-nio-8080-exec-328] org.apache.catalina.core.ApplicationContext.log Manager: start: Starting web application '/basedatos'
20-May-2022 14:54:32.641 INFO [http-nio-8080-exec-334] org.apache.catalina.core.ApplicationContext.log Manager: list: Listing contexts for virtual host 'localhost'
20-May-2022 14:55:15.730 INFO [http-nio-8080-exec-334] org.apache.catalina.core.ApplicationContext.log Manager: list: Listing contexts for virtual host 'localhost'
20-May-2022 14:55:27.233 INFO [http-nio-8080-exec-334] org.apache.catalina.core.ApplicationContext.log Manager: list: Listing contexts for virtual host 'localhost'
20-May-2022 15:03:30.577 INFO [http-nio-8080-exec-333] org.apache.catalina.core.ApplicationContext.log Manager: list: Listing contexts for virtual host 'localhost'
20-May-2022 15:03:30.630 INFO [http-nio-8080-exec-338] org.apache.catalina.core.ApplicationContext.log Manager: restart: Reloading web application '/basedatos'
20-May-2022 15:04:41.763 INFO [http-nio-8080-exec-339] org.apache.catalina.core.ApplicationContext.log Manager: list: Listing contexts for virtual host 'localhost'
20-May-2022 15:04:41.829 INFO [http-nio-8080-exec-341] org.apache.catalina.core.ApplicationContext.log Manager: restart: Reloading web application '/basedatos'
20-May-2022 15:04:43.678 INFO [http-nio-8080-exec-332] org.apache.catalina.core.ApplicationContext.log Manager: list: Listing contexts for virtual host 'localhost'
20-May-2022 15:04:43.754 INFO [http-nio-8080-exec-346] org.apache.catalina.core.ApplicationContext.log Manager: restart: Reloading web application '/basedatos'
20-May-2022 15:05:30.080 INFO [http-nio-8080-exec-337] org.apache.catalina.core.ApplicationContext.log Manager: list: Listing contexts for virtual host 'localhost'
20-May-2022 15:05:30.130 INFO [http-nio-8080-exec-339] org.apache.catalina.core.ApplicationContext.log Manager: restart: Reloading web application '/basedatos'
20-May-2022 15:05:38.203 INFO [http-nio-8080-exec-334] org.apache.catalina.core.ApplicationContext.log Manager: list: Listing contexts for virtual host 'localhost'
20-May-2022 15:05:38.262 INFO [http-nio-8080-exec-348] org.apache.catalina.core.ApplicationContext.log Manager: restart: Reloading web application '/basedatos'
20-May-2022 15:06:12.864 INFO [http-nio-8080-exec-332] org.apache.catalina.core.ApplicationContext.log Manager: list: Listing contexts for virtual host 'localhost'
20-May-2022 15:06:12.915 INFO [http-nio-8080-exec-343] org.apache.catalina.core.ApplicationContext.log Manager: restart: Reloading web application '/basedatos'
20-May-2022 15:08:02.331 INFO [http-nio-8080-exec-354] org.apache.catalina.core.ApplicationContext.log Manager: list: Listing contexts for virtual host 'localhost'
20-May-2022 15:08:02.389 INFO [http-nio-8080-exec-333] org.apache.catalina.core.ApplicationContext.log Manager: restart: Reloading web application '/basedatos'
20-May-2022 15:10:50.300 INFO [http-nio-8080-exec-357] org.apache.catalina.core.ApplicationContext.log Manager: list: Listing contexts for virtual host 'localhost'
20-May-2022 15:10:50.355 INFO [http-nio-8080-exec-358] org.apache.catalina.core.ApplicationContext.log Manager: restart: Reloading web application '/basedatos'
20-May-2022 15:11:45.691 INFO [http-nio-8080-exec-357] org.apache.catalina.core.ApplicationContext.log Manager: list: Listing contexts for virtual host 'localhost'
20-May-2022 15:11:45.743 INFO [http-nio-8080-exec-359] org.apache.catalina.core.ApplicationContext.log Manager: restart: Reloading web application '/basedatos'
20-May-2022 15:12:02.068 INFO [http-nio-8080-exec-361] org.apache.catalina.core.ApplicationContext.log Manager: list: Listing contexts for virtual host 'localhost'
20-May-2022 15:12:02.119 INFO [http-nio-8080-exec-352] org.apache.catalina.core.ApplicationContext.log Manager: restart: Reloading web application '/basedatos'
20-May-2022 15:12:15.733 INFO [http-nio-8080-exec-366] org.apache.catalina.core.ApplicationContext.log Manager: list: Listing contexts for virtual host 'localhost'
20-May-2022 15:12:15.789 INFO [http-nio-8080-exec-357] org.apache.catalina.core.ApplicationContext.log Manager: restart: Reloading web application '/basedatos'
20-May-2022 15:14:37.692 INFO [http-nio-8080-exec-371] org.apache.catalina.core.ApplicationContext.log Manager: list: Listing contexts for virtual host 'localhost'
20-May-2022 15:14:37.753 INFO [http-nio-8080-exec-349] org.apache.catalina.core.ApplicationContext.log Manager: restart: Reloading web application '/basedatos'
20-May-2022 15:15:32.704 INFO [http-nio-8080-exec-372] org.apache.catalina.core.ApplicationContext.log Manager: list: Listing contexts for virtual host 'localhost'
20-May-2022 15:15:32.756 INFO [http-nio-8080-exec-359] org.apache.catalina.core.ApplicationContext.log Manager: restart: Reloading web application '/basedatos'
20-May-2022 15:16:02.502 INFO [http-nio-8080-exec-372] org.apache.catalina.core.ApplicationContext.log Manager: list: Listing contexts for virtual host 'localhost'
20-May-2022 15:16:02.554 INFO [http-nio-8080-exec-374] org.apache.catalina.core.ApplicationContext.log Manager: restart: Reloading web application '/basedatos'
20-May-2022 15:17:28.845 INFO [http-nio-8080-exec-370] org.apache.catalina.core.ApplicationContext.log Manager: list: Listing contexts for virtual host 'localhost'
20-May-2022 15:17:28.896 INFO [http-nio-8080-exec-380] org.apache.catalina.core.ApplicationContext.log Manager: restart: Reloading web application '/basedatos'
20-May-2022 15:18:27.762 INFO [http-nio-8080-exec-378] org.apache.catalina.core.ApplicationContext.log Manager: list: Listing contexts for virtual host 'localhost'
20-May-2022 15:18:27.827 INFO [http-nio-8080-exec-377] org.apache.catalina.core.ApplicationContext.log Manager: restart: Reloading web application '/basedatos'
20-May-2022 15:19:09.567 INFO [http-nio-8080-exec-375] org.apache.catalina.core.ApplicationContext.log Manager: list: Listing contexts for virtual host 'localhost'
20-May-2022 15:19:09.636 INFO [http-nio-8080-exec-370] org.apache.catalina.core.ApplicationContext.log Manager: restart: Reloading web application '/basedatos'
20-May-2022 15:19:11.329 INFO [http-nio-8080-exec-383] org.apache.catalina.core.ApplicationContext.log Manager: list: Listing contexts for virtual host 'localhost'
20-May-2022 15:19:11.380 INFO [http-nio-8080-exec-385] org.apache.catalina.core.ApplicationContext.log Manager: restart: Reloading web application '/basedatos'
20-May-2022 15:20:06.981 INFO [http-nio-8080-exec-387] org.apache.catalina.core.ApplicationContext.log Manager: list: Listing contexts for virtual host 'localhost'
20-May-2022 15:20:07.043 INFO [http-nio-8080-exec-360] org.apache.catalina.core.ApplicationContext.log Manager: restart: Reloading web application '/basedatos'
20-May-2022 15:20:08.782 INFO [http-nio-8080-exec-384] org.apache.catalina.core.ApplicationContext.log Manager: list: Listing contexts for virtual host 'localhost'
20-May-2022 15:20:08.842 INFO [http-nio-8080-exec-388] org.apache.catalina.core.ApplicationContext.log Manager: restart: Reloading web application '/basedatos'
20-May-2022 15:20:26.064 INFO [http-nio-8080-exec-389] org.apache.catalina.core.ApplicationContext.log Manager: list: Listing contexts for virtual host 'localhost'
20-May-2022 15:20:26.112 INFO [http-nio-8080-exec-378] org.apache.catalina.core.ApplicationContext.log Manager: restart: Reloading web application '/basedatos'
20-May-2022 15:24:14.458 INFO [http-nio-8080-exec-379] org.apache.catalina.core.ApplicationContext.log Manager: list: Listing contexts for virtual host 'localhost'
20-May-2022 15:24:14.522 INFO [http-nio-8080-exec-391] org.apache.catalina.core.ApplicationContext.log Manager: restart: Reloading web application '/basedatos'
20-May-2022 15:24:21.254 INFO [http-nio-8080-exec-376] org.apache.catalina.core.ApplicationContext.log Manager: list: Listing contexts for virtual host 'localhost'
20-May-2022 15:24:21.308 INFO [http-nio-8080-exec-393] org.apache.catalina.core.ApplicationContext.log Manager: restart: Reloading web application '/basedatos'
20-May-2022 15:24:48.834 INFO [http-nio-8080-exec-396] org.apache.catalina.core.ApplicationContext.log Manager: list: Listing contexts for virtual host 'localhost'
20-May-2022 15:24:48.883 INFO [http-nio-8080-exec-390] org.apache.catalina.core.ApplicationContext.log Manager: restart: Reloading web application '/basedatos'
20-May-2022 15:33:26.784 INFO [http-nio-8080-exec-402] org.apache.catalina.core.ApplicationContext.log Manager: list: Listing contexts for virtual host 'localhost'
20-May-2022 15:33:26.844 INFO [http-nio-8080-exec-403] org.apache.catalina.core.ApplicationContext.log Manager: restart: Reloading web application '/basedatos'
20-May-2022 15:47:22.839 INFO [http-nio-8080-exec-408] org.apache.catalina.core.ApplicationContext.log Manager: list: Listing contexts for virtual host 'localhost'
20-May-2022 15:47:22.918 INFO [http-nio-8080-exec-409] org.apache.catalina.core.ApplicationContext.log Manager: restart: Reloading web application '/basedatos'
20-May-2022 15:47:33.980 INFO [http-nio-8080-exec-417] org.apache.catalina.core.ApplicationContext.log Manager: list: Listing contexts for virtual host 'localhost'
20-May-2022 15:47:34.030 INFO [http-nio-8080-exec-408] org.apache.catalina.core.ApplicationContext.log Manager: restart: Reloading web application '/basedatos'
20-May-2022 15:47:54.878 INFO [http-nio-8080-exec-410] org.apache.catalina.core.ApplicationContext.log Manager: list: Listing contexts for virtual host 'localhost'
20-May-2022 15:47:54.930 INFO [http-nio-8080-exec-420] org.apache.catalina.core.ApplicationContext.log Manager: restart: Reloading web application '/basedatos'
20-May-2022 15:48:12.186 INFO [http-nio-8080-exec-412] org.apache.catalina.core.ApplicationContext.log Manager: list: Listing contexts for virtual host 'localhost'
20-May-2022 15:48:12.237 INFO [http-nio-8080-exec-410] org.apache.catalina.core.ApplicationContext.log Manager: restart: Reloading web application '/basedatos'
20-May-2022 15:58:19.431 INFO [http-nio-8080-exec-423] org.apache.catalina.core.ApplicationContext.log Manager: list: Listing contexts for virtual host 'localhost'
20-May-2022 15:58:19.486 INFO [http-nio-8080-exec-424] org.apache.catalina.core.ApplicationContext.log Manager: restart: Reloading web application '/basedatos'
20-May-2022 16:06:32.946 INFO [http-nio-8080-exec-433] org.apache.catalina.core.ApplicationContext.log Manager: list: Listing contexts for virtual host 'localhost'
20-May-2022 16:08:23.273 INFO [http-nio-8080-exec-437] org.apache.catalina.core.ApplicationContext.log Manager: list: Listing contexts for virtual host 'localhost'
20-May-2022 16:08:24.441 INFO [http-nio-8080-exec-437] org.apache.catalina.core.ApplicationContext.log Manager: list: Listing contexts for virtual host 'localhost'
20-May-2022 16:10:07.876 INFO [http-nio-8080-exec-435] org.apache.catalina.core.ApplicationContext.log Manager: list: Listing contexts for virtual host 'localhost'
20-May-2022 16:10:21.403 INFO [http-nio-8080-exec-439] org.apache.catalina.core.ApplicationContext.log Manager: list: Listing contexts for virtual host 'localhost'
20-May-2022 16:10:38.480 INFO [http-nio-8080-exec-441] org.apache.catalina.core.ApplicationContext.log Manager: list: Listing contexts for virtual host 'localhost'
20-May-2022 16:10:38.849 INFO [http-nio-8080-exec-437] org.apache.catalina.core.ApplicationContext.log Manager: list: Listing contexts for virtual host 'localhost'
20-May-2022 16:12:22.936 INFO [http-nio-8080-exec-434] org.apache.catalina.core.ApplicationContext.log Manager: list: Listing contexts for virtual host 'localhost'
20-May-2022 16:13:12.143 INFO [http-nio-8080-exec-438] org.apache.catalina.core.ApplicationContext.log Manager: list: Listing contexts for virtual host 'localhost'
20-May-2022 16:13:29.291 INFO [http-nio-8080-exec-435] org.apache.catalina.core.ApplicationContext.log Manager: list: Listing contexts for virtual host 'localhost'
20-May-2022 16:15:05.840 INFO [http-nio-8080-exec-440] org.apache.catalina.core.ApplicationContext.log Manager: list: Listing contexts for virtual host 'localhost'
20-May-2022 16:22:36.221 INFO [http-nio-8080-exec-437] org.apache.catalina.core.ApplicationContext.log Manager: list: Listing contexts for virtual host 'localhost'
20-May-2022 16:22:36.293 INFO [http-nio-8080-exec-438] org.apache.catalina.core.ApplicationContext.log Manager: restart: Reloading web application '/basedatos'
20-May-2022 16:30:08.927 INFO [http-nio-8080-exec-445] org.apache.catalina.core.ApplicationContext.log Manager: list: Listing contexts for virtual host 'localhost'
20-May-2022 16:30:08.982 INFO [http-nio-8080-exec-446] org.apache.catalina.core.ApplicationContext.log Manager: restart: Reloading web application '/basedatos'
20-May-2022 16:30:34.565 INFO [http-nio-8080-exec-448] org.apache.catalina.core.ApplicationContext.log Manager: list: Listing contexts for virtual host 'localhost'
20-May-2022 16:30:34.617 INFO [http-nio-8080-exec-447] org.apache.catalina.core.ApplicationContext.log Manager: restart: Reloading web application '/basedatos'
20-May-2022 16:30:40.594 INFO [http-nio-8080-exec-449] org.apache.catalina.core.ApplicationContext.log Manager: list: Listing contexts for virtual host 'localhost'
20-May-2022 16:30:40.643 INFO [http-nio-8080-exec-450] org.apache.catalina.core.ApplicationContext.log Manager: restart: Reloading web application '/basedatos'
20-May-2022 16:30:52.005 INFO [http-nio-8080-exec-448] org.apache.catalina.core.ApplicationContext.log Manager: list: Listing contexts for virtual host 'localhost'
20-May-2022 16:30:52.007 INFO [http-nio-8080-exec-457] org.apache.catalina.core.ApplicationContext.log Manager: list: Listing contexts for virtual host 'localhost'
20-May-2022 16:30:52.018 INFO [http-nio-8080-exec-453] org.apache.catalina.core.ApplicationContext.log Manager: undeploy: Undeploying web application at '/basedatos'
20-May-2022 16:30:52.562 INFO [http-nio-8080-exec-456] org.apache.catalina.core.ApplicationContext.log Manager: install: Installing context configuration at 'file:/C:/Users/paula/AppData/Local/Temp/context6853014343913840614.xml'
20-May-2022 16:30:53.572 INFO [http-nio-8080-exec-448] org.apache.catalina.core.ApplicationContext.log Manager: start: Starting web application '/basedatos'
20-May-2022 16:36:41.222 INFO [http-nio-8080-exec-459] org.apache.catalina.core.ApplicationContext.log Manager: list: Listing contexts for virtual host 'localhost'
20-May-2022 16:36:41.286 INFO [http-nio-8080-exec-460] org.apache.catalina.core.ApplicationContext.log Manager: restart: Reloading web application '/basedatos'
20-May-2022 16:36:48.913 INFO [http-nio-8080-exec-461] org.apache.catalina.core.ApplicationContext.log Manager: list: Listing contexts for virtual host 'localhost'
20-May-2022 16:36:48.916 INFO [http-nio-8080-exec-463] org.apache.catalina.core.ApplicationContext.log Manager: list: Listing contexts for virtual host 'localhost'
20-May-2022 16:36:48.928 INFO [http-nio-8080-exec-465] org.apache.catalina.core.ApplicationContext.log Manager: undeploy: Undeploying web application at '/basedatos'
20-May-2022 16:36:49.474 INFO [http-nio-8080-exec-468] org.apache.catalina.core.ApplicationContext.log Manager: install: Installing context configuration at 'file:/C:/Users/paula/AppData/Local/Temp/context14540099292197092852.xml'
20-May-2022 16:36:50.433 INFO [http-nio-8080-exec-469] org.apache.catalina.core.ApplicationContext.log Manager: start: Starting web application '/basedatos'
20-May-2022 16:39:11.069 INFO [http-nio-8080-exec-473] org.apache.catalina.core.ApplicationContext.log Manager: list: Listing contexts for virtual host 'localhost'
20-May-2022 16:39:11.122 INFO [http-nio-8080-exec-474] org.apache.catalina.core.ApplicationContext.log Manager: restart: Reloading web application '/basedatos'
20-May-2022 16:39:17.572 INFO [http-nio-8080-exec-475] org.apache.catalina.core.ApplicationContext.log Manager: list: Listing contexts for virtual host 'localhost'
20-May-2022 16:39:17.575 INFO [http-nio-8080-exec-480] org.apache.catalina.core.ApplicationContext.log Manager: list: Listing contexts for virtual host 'localhost'
20-May-2022 16:39:17.583 INFO [http-nio-8080-exec-479] org.apache.catalina.core.ApplicationContext.log Manager: undeploy: Undeploying web application at '/basedatos'
20-May-2022 16:39:18.124 INFO [http-nio-8080-exec-482] org.apache.catalina.core.ApplicationContext.log Manager: install: Installing context configuration at 'file:/C:/Users/paula/AppData/Local/Temp/context2031331130495007236.xml'
20-May-2022 16:39:19.031 INFO [http-nio-8080-exec-475] org.apache.catalina.core.ApplicationContext.log Manager: start: Starting web application '/basedatos'
20-May-2022 16:40:02.945 INFO [http-nio-8080-exec-485] org.apache.catalina.core.ApplicationContext.log Manager: list: Listing contexts for virtual host 'localhost'
20-May-2022 16:40:02.948 INFO [http-nio-8080-exec-481] org.apache.catalina.core.ApplicationContext.log Manager: list: Listing contexts for virtual host 'localhost'
20-May-2022 16:40:02.957 INFO [http-nio-8080-exec-486] org.apache.catalina.core.ApplicationContext.log Manager: undeploy: Undeploying web application at '/basedatos'
20-May-2022 16:40:03.501 INFO [http-nio-8080-exec-475] org.apache.catalina.core.ApplicationContext.log Manager: install: Installing context configuration at 'file:/C:/Users/paula/AppData/Local/Temp/context5559452799160352664.xml'
20-May-2022 16:40:04.392 INFO [http-nio-8080-exec-487] org.apache.catalina.core.ApplicationContext.log Manager: start: Starting web application '/basedatos'
20-May-2022 16:44:28.705 INFO [http-nio-8080-exec-493] org.apache.catalina.core.ApplicationContext.log Manager: list: Listing contexts for virtual host 'localhost'
20-May-2022 16:44:28.771 INFO [http-nio-8080-exec-490] org.apache.catalina.core.ApplicationContext.log Manager: restart: Reloading web application '/basedatos'
20-May-2022 16:44:30.400 INFO [http-nio-8080-exec-494] org.apache.catalina.core.ApplicationContext.log Manager: list: Listing contexts for virtual host 'localhost'
20-May-2022 16:44:30.403 INFO [http-nio-8080-exec-496] org.apache.catalina.core.ApplicationContext.log Manager: list: Listing contexts for virtual host 'localhost'
20-May-2022 16:44:30.416 INFO [http-nio-8080-exec-499] org.apache.catalina.core.ApplicationContext.log Manager: undeploy: Undeploying web application at '/basedatos'
20-May-2022 16:44:30.972 INFO [http-nio-8080-exec-497] org.apache.catalina.core.ApplicationContext.log Manager: install: Installing context configuration at 'file:/C:/Users/paula/AppData/Local/Temp/context18241426558619418291.xml'
20-May-2022 16:44:31.989 INFO [http-nio-8080-exec-492] org.apache.catalina.core.ApplicationContext.log Manager: start: Starting web application '/basedatos'
20-May-2022 16:44:58.444 INFO [http-nio-8080-exec-501] org.apache.catalina.core.ApplicationContext.log Manager: list: Listing contexts for virtual host 'localhost'
20-May-2022 16:44:58.492 INFO [http-nio-8080-exec-502] org.apache.catalina.core.ApplicationContext.log Manager: restart: Reloading web application '/basedatos'
20-May-2022 16:45:11.026 INFO [http-nio-8080-exec-500] org.apache.catalina.core.ApplicationContext.log Manager: list: Listing contexts for virtual host 'localhost'
20-May-2022 16:45:11.072 INFO [http-nio-8080-exec-492] org.apache.catalina.core.ApplicationContext.log Manager: restart: Reloading web application '/basedatos'
20-May-2022 16:45:13.738 INFO [http-nio-8080-exec-494] org.apache.catalina.core.ApplicationContext.log Manager: list: Listing contexts for virtual host 'localhost'
20-May-2022 16:45:13.741 INFO [http-nio-8080-exec-508] org.apache.catalina.core.ApplicationContext.log Manager: list: Listing contexts for virtual host 'localhost'
20-May-2022 16:45:13.749 INFO [http-nio-8080-exec-503] org.apache.catalina.core.ApplicationContext.log Manager: undeploy: Undeploying web application at '/basedatos'
20-May-2022 16:45:14.295 INFO [http-nio-8080-exec-506] org.apache.catalina.core.ApplicationContext.log Manager: install: Installing context configuration at 'file:/C:/Users/paula/AppData/Local/Temp/context11254854410954459246.xml'
20-May-2022 16:45:15.233 INFO [http-nio-8080-exec-508] org.apache.catalina.core.ApplicationContext.log Manager: start: Starting web application '/basedatos'
20-May-2022 16:46:22.391 INFO [http-nio-8080-exec-514] org.apache.catalina.core.ApplicationContext.log Manager: list: Listing contexts for virtual host 'localhost'
20-May-2022 16:46:22.434 INFO [http-nio-8080-exec-517] org.apache.catalina.core.ApplicationContext.log Manager: restart: Reloading web application '/basedatos'
20-May-2022 16:49:59.377 INFO [http-nio-8080-exec-519] org.apache.catalina.core.ApplicationContext.log Manager: list: Listing contexts for virtual host 'localhost'
20-May-2022 16:49:59.425 INFO [http-nio-8080-exec-520] org.apache.catalina.core.ApplicationContext.log Manager: restart: Reloading web application '/basedatos'
20-May-2022 16:50:03.578 INFO [http-nio-8080-exec-522] org.apache.catalina.core.ApplicationContext.log Manager: list: Listing contexts for virtual host 'localhost'
20-May-2022 16:50:03.580 INFO [http-nio-8080-exec-513] org.apache.catalina.core.ApplicationContext.log Manager: list: Listing contexts for virtual host 'localhost'
20-May-2022 16:50:03.590 INFO [http-nio-8080-exec-519] org.apache.catalina.core.ApplicationContext.log Manager: undeploy: Undeploying web application at '/basedatos'
20-May-2022 16:50:04.131 INFO [http-nio-8080-exec-516] org.apache.catalina.core.ApplicationContext.log Manager: install: Installing context configuration at 'file:/C:/Users/paula/AppData/Local/Temp/context15648759459758163542.xml'
20-May-2022 16:50:05.091 INFO [http-nio-8080-exec-522] org.apache.catalina.core.ApplicationContext.log Manager: start: Starting web application '/basedatos'
20-May-2022 16:50:41.407 INFO [http-nio-8080-exec-527] org.apache.catalina.core.ApplicationContext.log Manager: list: Listing contexts for virtual host 'localhost'
20-May-2022 16:50:41.455 INFO [http-nio-8080-exec-533] org.apache.catalina.core.ApplicationContext.log Manager: restart: Reloading web application '/basedatos'
20-May-2022 16:50:42.860 INFO [http-nio-8080-exec-532] org.apache.catalina.core.ApplicationContext.log Manager: list: Listing contexts for virtual host 'localhost'
20-May-2022 16:50:42.863 INFO [http-nio-8080-exec-528] org.apache.catalina.core.ApplicationContext.log Manager: list: Listing contexts for virtual host 'localhost'
20-May-2022 16:50:42.872 INFO [http-nio-8080-exec-527] org.apache.catalina.core.ApplicationContext.log Manager: undeploy: Undeploying web application at '/basedatos'
20-May-2022 16:50:43.420 INFO [http-nio-8080-exec-531] org.apache.catalina.core.ApplicationContext.log Manager: install: Installing context configuration at 'file:/C:/Users/paula/AppData/Local/Temp/context7449298032355554734.xml'
20-May-2022 16:50:44.409 INFO [http-nio-8080-exec-532] org.apache.catalina.core.ApplicationContext.log Manager: start: Starting web application '/basedatos'
20-May-2022 16:51:48.129 INFO [http-nio-8080-exec-537] org.apache.catalina.core.ApplicationContext.log Manager: list: Listing contexts for virtual host 'localhost'
20-May-2022 16:51:48.176 INFO [http-nio-8080-exec-538] org.apache.catalina.core.ApplicationContext.log Manager: restart: Reloading web application '/basedatos'
20-May-2022 16:52:34.772 INFO [http-nio-8080-exec-536] org.apache.catalina.core.ApplicationContext.log Manager: list: Listing contexts for virtual host 'localhost'
20-May-2022 16:52:34.775 INFO [http-nio-8080-exec-537] org.apache.catalina.core.ApplicationContext.log Manager: list: Listing contexts for virtual host 'localhost'
20-May-2022 16:52:34.784 INFO [http-nio-8080-exec-539] org.apache.catalina.core.ApplicationContext.log Manager: undeploy: Undeploying web application at '/basedatos'
20-May-2022 16:52:35.329 INFO [http-nio-8080-exec-536] org.apache.catalina.core.ApplicationContext.log Manager: install: Installing context configuration at 'file:/C:/Users/paula/AppData/Local/Temp/context8897991725954698141.xml'
20-May-2022 16:52:36.199 INFO [http-nio-8080-exec-537] org.apache.catalina.core.ApplicationContext.log Manager: start: Starting web application '/basedatos'
20-May-2022 16:53:21.691 INFO [http-nio-8080-exec-537] org.apache.catalina.core.ApplicationContext.log Manager: list: Listing contexts for virtual host 'localhost'
20-May-2022 16:53:21.739 INFO [http-nio-8080-exec-550] org.apache.catalina.core.ApplicationContext.log Manager: restart: Reloading web application '/basedatos'
20-May-2022 16:53:41.582 INFO [http-nio-8080-exec-542] org.apache.catalina.core.ApplicationContext.log Manager: list: Listing contexts for virtual host 'localhost'
20-May-2022 16:53:41.631 INFO [http-nio-8080-exec-547] org.apache.catalina.core.ApplicationContext.log Manager: restart: Reloading web application '/basedatos'
20-May-2022 16:54:00.390 INFO [http-nio-8080-exec-548] org.apache.catalina.core.ApplicationContext.log Manager: list: Listing contexts for virtual host 'localhost'
20-May-2022 16:54:00.439 INFO [http-nio-8080-exec-552] org.apache.catalina.core.ApplicationContext.log Manager: restart: Reloading web application '/basedatos'
20-May-2022 16:54:10.492 INFO [http-nio-8080-exec-546] org.apache.catalina.core.ApplicationContext.log Manager: list: Listing contexts for virtual host 'localhost'
20-May-2022 16:54:10.548 INFO [http-nio-8080-exec-554] org.apache.catalina.core.ApplicationContext.log Manager: restart: Reloading web application '/basedatos'
20-May-2022 16:54:19.023 INFO [http-nio-8080-exec-537] org.apache.catalina.core.ApplicationContext.log Manager: list: Listing contexts for virtual host 'localhost'
20-May-2022 16:54:19.084 INFO [http-nio-8080-exec-544] org.apache.catalina.core.ApplicationContext.log Manager: restart: Reloading web application '/basedatos'
20-May-2022 16:54:50.262 INFO [http-nio-8080-exec-558] org.apache.catalina.core.ApplicationContext.log Manager: list: Listing contexts for virtual host 'localhost'
20-May-2022 16:54:50.326 INFO [http-nio-8080-exec-560] org.apache.catalina.core.ApplicationContext.log Manager: restart: Reloading web application '/basedatos'
20-May-2022 16:55:34.670 INFO [http-nio-8080-exec-546] org.apache.catalina.core.ApplicationContext.log Manager: list: Listing contexts for virtual host 'localhost'
20-May-2022 16:55:34.721 INFO [http-nio-8080-exec-559] org.apache.catalina.core.ApplicationContext.log Manager: restart: Reloading web application '/basedatos'
20-May-2022 16:55:54.040 INFO [http-nio-8080-exec-553] org.apache.catalina.core.ApplicationContext.log Manager: list: Listing contexts for virtual host 'localhost'
20-May-2022 16:55:54.127 INFO [http-nio-8080-exec-546] org.apache.catalina.core.ApplicationContext.log Manager: restart: Reloading web application '/basedatos'
20-May-2022 16:55:56.895 INFO [http-nio-8080-exec-551] org.apache.catalina.core.ApplicationContext.log Manager: list: Listing contexts for virtual host 'localhost'
20-May-2022 16:55:56.898 INFO [http-nio-8080-exec-556] org.apache.catalina.core.ApplicationContext.log Manager: list: Listing contexts for virtual host 'localhost'
20-May-2022 16:55:56.907 INFO [http-nio-8080-exec-563] org.apache.catalina.core.ApplicationContext.log Manager: undeploy: Undeploying web application at '/basedatos'
20-May-2022 16:55:57.450 INFO [http-nio-8080-exec-564] org.apache.catalina.core.ApplicationContext.log Manager: install: Installing context configuration at 'file:/C:/Users/paula/AppData/Local/Temp/context11112160258954870737.xml'
20-May-2022 16:55:58.385 INFO [http-nio-8080-exec-556] org.apache.catalina.core.ApplicationContext.log Manager: start: Starting web application '/basedatos'
20-May-2022 18:53:15.053 INFO [http-nio-8080-exec-569] org.apache.catalina.core.ApplicationContext.log Manager: list: Listing contexts for virtual host 'localhost'
20-May-2022 18:53:15.107 INFO [http-nio-8080-exec-570] org.apache.catalina.core.ApplicationContext.log Manager: restart: Reloading web application '/basedatos'
20-May-2022 18:58:00.612 INFO [http-nio-8080-exec-579] org.apache.catalina.core.ApplicationContext.log Manager: list: Listing contexts for virtual host 'localhost'
20-May-2022 18:58:00.660 INFO [http-nio-8080-exec-580] org.apache.catalina.core.ApplicationContext.log Manager: restart: Reloading web application '/basedatos'
20-May-2022 18:58:23.428 INFO [http-nio-8080-exec-583] org.apache.catalina.core.ApplicationContext.log Manager: list: Listing contexts for virtual host 'localhost'
20-May-2022 18:58:23.431 INFO [http-nio-8080-exec-581] org.apache.catalina.core.ApplicationContext.log Manager: list: Listing contexts for virtual host 'localhost'
20-May-2022 18:58:23.439 INFO [http-nio-8080-exec-582] org.apache.catalina.core.ApplicationContext.log Manager: undeploy: Undeploying web application at '/basedatos'
20-May-2022 18:58:23.980 INFO [http-nio-8080-exec-585] org.apache.catalina.core.ApplicationContext.log Manager: install: Installing context configuration at 'file:/C:/Users/paula/AppData/Local/Temp/context3661766941955282547.xml'
20-May-2022 18:58:24.956 INFO [http-nio-8080-exec-586] org.apache.catalina.core.ApplicationContext.log Manager: start: Starting web application '/basedatos'
20-May-2022 19:00:33.169 INFO [http-nio-8080-exec-590] org.apache.catalina.core.ApplicationContext.log Manager: list: Listing contexts for virtual host 'localhost'
20-May-2022 19:00:33.236 INFO [http-nio-8080-exec-589] org.apache.catalina.core.ApplicationContext.log Manager: restart: Reloading web application '/basedatos'
20-May-2022 19:00:49.702 INFO [http-nio-8080-exec-582] org.apache.catalina.core.ApplicationContext.log Manager: list: Listing contexts for virtual host 'localhost'
20-May-2022 19:00:49.753 INFO [http-nio-8080-exec-591] org.apache.catalina.core.ApplicationContext.log Manager: restart: Reloading web application '/basedatos'
20-May-2022 19:00:56.513 INFO [http-nio-8080-exec-596] org.apache.catalina.core.ApplicationContext.log Manager: list: Listing contexts for virtual host 'localhost'
20-May-2022 19:00:56.515 INFO [http-nio-8080-exec-597] org.apache.catalina.core.ApplicationContext.log Manager: list: Listing contexts for virtual host 'localhost'
20-May-2022 19:00:56.524 INFO [http-nio-8080-exec-593] org.apache.catalina.core.ApplicationContext.log Manager: undeploy: Undeploying web application at '/basedatos'
20-May-2022 19:00:57.066 INFO [http-nio-8080-exec-600] org.apache.catalina.core.ApplicationContext.log Manager: install: Installing context configuration at 'file:/C:/Users/paula/AppData/Local/Temp/context1895806460743602239.xml'
20-May-2022 19:00:57.961 INFO [http-nio-8080-exec-592] org.apache.catalina.core.ApplicationContext.log Manager: start: Starting web application '/basedatos'
20-May-2022 19:01:41.818 INFO [http-nio-8080-exec-601] org.apache.catalina.core.ApplicationContext.log Manager: list: Listing contexts for virtual host 'localhost'
20-May-2022 19:01:41.891 INFO [http-nio-8080-exec-592] org.apache.catalina.core.ApplicationContext.log Manager: restart: Reloading web application '/basedatos'
20-May-2022 19:01:43.107 INFO [http-nio-8080-exec-605] org.apache.catalina.core.ApplicationContext.log Manager: list: Listing contexts for virtual host 'localhost'
20-May-2022 19:01:43.111 INFO [http-nio-8080-exec-606] org.apache.catalina.core.ApplicationContext.log Manager: list: Listing contexts for virtual host 'localhost'
20-May-2022 19:01:43.158 INFO [http-nio-8080-exec-603] org.apache.catalina.core.ApplicationContext.log Manager: undeploy: Undeploying web application at '/basedatos'
20-May-2022 19:01:43.742 INFO [http-nio-8080-exec-606] org.apache.catalina.core.ApplicationContext.log Manager: install: Installing context configuration at 'file:/C:/Users/paula/AppData/Local/Temp/context15846605394113205966.xml'
20-May-2022 19:01:44.842 INFO [http-nio-8080-exec-595] org.apache.catalina.core.ApplicationContext.log Manager: start: Starting web application '/basedatos'
20-May-2022 19:02:14.984 INFO [http-nio-8080-exec-601] org.apache.catalina.core.ApplicationContext.log Manager: list: Listing contexts for virtual host 'localhost'
20-May-2022 19:02:15.031 INFO [http-nio-8080-exec-598] org.apache.catalina.core.ApplicationContext.log Manager: restart: Reloading web application '/basedatos'
20-May-2022 19:02:16.930 INFO [http-nio-8080-exec-613] org.apache.catalina.core.ApplicationContext.log Manager: list: Listing contexts for virtual host 'localhost'
20-May-2022 19:02:16.933 INFO [http-nio-8080-exec-613] org.apache.catalina.core.ApplicationContext.log Manager: list: Listing contexts for virtual host 'localhost'
20-May-2022 19:02:16.942 INFO [http-nio-8080-exec-610] org.apache.catalina.core.ApplicationContext.log Manager: undeploy: Undeploying web application at '/basedatos'
20-May-2022 19:02:17.491 INFO [http-nio-8080-exec-608] org.apache.catalina.core.ApplicationContext.log Manager: install: Installing context configuration at 'file:/C:/Users/paula/AppData/Local/Temp/context13581261518980664332.xml'
20-May-2022 19:02:18.396 INFO [http-nio-8080-exec-592] org.apache.catalina.core.ApplicationContext.log Manager: start: Starting web application '/basedatos'
20-May-2022 19:02:38.384 INFO [http-nio-8080-exec-614] org.apache.catalina.core.ApplicationContext.log Manager: list: Listing contexts for virtual host 'localhost'
20-May-2022 19:02:38.436 INFO [http-nio-8080-exec-615] org.apache.catalina.core.ApplicationContext.log Manager: restart: Reloading web application '/basedatos'
20-May-2022 19:03:12.965 INFO [http-nio-8080-exec-616] org.apache.catalina.core.ApplicationContext.log Manager: list: Listing contexts for virtual host 'localhost'
20-May-2022 19:03:13.015 INFO [http-nio-8080-exec-613] org.apache.catalina.core.ApplicationContext.log Manager: restart: Reloading web application '/basedatos'
20-May-2022 19:03:19.294 INFO [http-nio-8080-exec-621] org.apache.catalina.core.ApplicationContext.log Manager: list: Listing contexts for virtual host 'localhost'
20-May-2022 19:03:19.297 INFO [http-nio-8080-exec-608] org.apache.catalina.core.ApplicationContext.log Manager: list: Listing contexts for virtual host 'localhost'
20-May-2022 19:03:19.307 INFO [http-nio-8080-exec-592] org.apache.catalina.core.ApplicationContext.log Manager: undeploy: Undeploying web application at '/basedatos'
20-May-2022 19:03:19.856 INFO [http-nio-8080-exec-622] org.apache.catalina.core.ApplicationContext.log Manager: install: Installing context configuration at 'file:/C:/Users/paula/AppData/Local/Temp/context16622738009555388603.xml'
20-May-2022 19:03:20.809 INFO [http-nio-8080-exec-608] org.apache.catalina.core.ApplicationContext.log Manager: start: Starting web application '/basedatos'
20-May-2022 19:04:00.242 INFO [http-nio-8080-exec-623] org.apache.catalina.core.ApplicationContext.log Manager: list: Listing contexts for virtual host 'localhost'
20-May-2022 19:04:00.306 INFO [http-nio-8080-exec-608] org.apache.catalina.core.ApplicationContext.log Manager: restart: Reloading web application '/basedatos'
20-May-2022 19:04:01.911 INFO [http-nio-8080-exec-625] org.apache.catalina.core.ApplicationContext.log Manager: list: Listing contexts for virtual host 'localhost'
20-May-2022 19:04:01.914 INFO [http-nio-8080-exec-621] org.apache.catalina.core.ApplicationContext.log Manager: list: Listing contexts for virtual host 'localhost'
20-May-2022 19:04:01.923 INFO [http-nio-8080-exec-619] org.apache.catalina.core.ApplicationContext.log Manager: undeploy: Undeploying web application at '/basedatos'
20-May-2022 19:04:02.481 INFO [http-nio-8080-exec-623] org.apache.catalina.core.ApplicationContext.log Manager: install: Installing context configuration at 'file:/C:/Users/paula/AppData/Local/Temp/context11230081128152787762.xml'
20-May-2022 19:04:03.578 INFO [http-nio-8080-exec-621] org.apache.catalina.core.ApplicationContext.log Manager: start: Starting web application '/basedatos'
20-May-2022 19:04:59.576 INFO [http-nio-8080-exec-629] org.apache.catalina.core.ApplicationContext.log Manager: list: Listing contexts for virtual host 'localhost'
20-May-2022 19:04:59.629 INFO [http-nio-8080-exec-621] org.apache.catalina.core.ApplicationContext.log Manager: restart: Reloading web application '/basedatos'
20-May-2022 19:05:20.517 INFO [http-nio-8080-exec-624] org.apache.catalina.core.ApplicationContext.log Manager: list: Listing contexts for virtual host 'localhost'
20-May-2022 19:05:20.522 INFO [http-nio-8080-exec-634] org.apache.catalina.core.ApplicationContext.log Manager: undeploy: Undeploying web application at '/basedatos'
20-May-2022 19:05:22.026 INFO [http-nio-8080-exec-635] org.apache.catalina.core.ApplicationContext.log Manager: list: Listing contexts for virtual host 'localhost'
20-May-2022 19:05:22.030 INFO [http-nio-8080-exec-627] org.apache.catalina.core.ApplicationContext.log Manager: list: Listing contexts for virtual host 'localhost'
20-May-2022 19:05:22.067 INFO [http-nio-8080-exec-630] org.apache.catalina.core.ApplicationContext.log Manager: install: Installing context configuration at 'file:/C:/Users/paula/AppData/Local/Temp/context12781745288266739408.xml'
20-May-2022 19:05:23.816 INFO [http-nio-8080-exec-626] org.apache.catalina.core.ApplicationContext.log Manager: start: Starting web application '/basedatos'
20-May-2022 19:05:54.636 INFO [http-nio-8080-exec-637] org.apache.catalina.core.ApplicationContext.log Manager: list: Listing contexts for virtual host 'localhost'
20-May-2022 19:05:54.687 INFO [http-nio-8080-exec-642] org.apache.catalina.core.ApplicationContext.log Manager: restart: Reloading web application '/basedatos'
20-May-2022 19:05:56.062 INFO [http-nio-8080-exec-643] org.apache.catalina.core.ApplicationContext.log Manager: list: Listing contexts for virtual host 'localhost'
20-May-2022 19:05:56.065 INFO [http-nio-8080-exec-636] org.apache.catalina.core.ApplicationContext.log Manager: list: Listing contexts for virtual host 'localhost'
20-May-2022 19:05:56.078 INFO [http-nio-8080-exec-641] org.apache.catalina.core.ApplicationContext.log Manager: undeploy: Undeploying web application at '/basedatos'
20-May-2022 19:05:56.629 INFO [http-nio-8080-exec-636] org.apache.catalina.core.ApplicationContext.log Manager: install: Installing context configuration at 'file:/C:/Users/paula/AppData/Local/Temp/context311140368814854338.xml'
20-May-2022 19:05:57.626 INFO [http-nio-8080-exec-637] org.apache.catalina.core.ApplicationContext.log Manager: start: Starting web application '/basedatos'
20-May-2022 19:06:48.946 INFO [http-nio-8080-exec-640] org.apache.catalina.core.ApplicationContext.log Manager: list: Listing contexts for virtual host 'localhost'
20-May-2022 19:06:48.998 INFO [http-nio-8080-exec-648] org.apache.catalina.core.ApplicationContext.log Manager: restart: Reloading web application '/basedatos'
20-May-2022 19:07:29.734 INFO [http-nio-8080-exec-645] org.apache.catalina.core.ApplicationContext.log Manager: list: Listing contexts for virtual host 'localhost'
20-May-2022 19:07:29.806 INFO [http-nio-8080-exec-646] org.apache.catalina.core.ApplicationContext.log Manager: restart: Reloading web application '/basedatos'
20-May-2022 19:07:31.179 INFO [http-nio-8080-exec-640] org.apache.catalina.core.ApplicationContext.log Manager: list: Listing contexts for virtual host 'localhost'
20-May-2022 19:07:31.181 INFO [http-nio-8080-exec-627] org.apache.catalina.core.ApplicationContext.log Manager: list: Listing contexts for virtual host 'localhost'
20-May-2022 19:07:31.189 INFO [http-nio-8080-exec-632] org.apache.catalina.core.ApplicationContext.log Manager: undeploy: Undeploying web application at '/basedatos'
20-May-2022 19:07:31.745 INFO [http-nio-8080-exec-651] org.apache.catalina.core.ApplicationContext.log Manager: install: Installing context configuration at 'file:/C:/Users/paula/AppData/Local/Temp/context8973678138430300605.xml'
20-May-2022 19:07:32.736 INFO [http-nio-8080-exec-644] org.apache.catalina.core.ApplicationContext.log Manager: start: Starting web application '/basedatos'
20-May-2022 19:08:26.544 INFO [http-nio-8080-exec-640] org.apache.catalina.core.ApplicationContext.log Manager: list: Listing contexts for virtual host 'localhost'
20-May-2022 19:08:26.592 INFO [http-nio-8080-exec-656] org.apache.catalina.core.ApplicationContext.log Manager: restart: Reloading web application '/basedatos'
20-May-2022 19:08:28.576 INFO [http-nio-8080-exec-653] org.apache.catalina.core.ApplicationContext.log Manager: list: Listing contexts for virtual host 'localhost'
20-May-2022 19:08:28.579 INFO [http-nio-8080-exec-652] org.apache.catalina.core.ApplicationContext.log Manager: list: Listing contexts for virtual host 'localhost'
20-May-2022 19:08:28.591 INFO [http-nio-8080-exec-654] org.apache.catalina.core.ApplicationContext.log Manager: undeploy: Undeploying web application at '/basedatos'
20-May-2022 19:08:29.139 INFO [http-nio-8080-exec-644] org.apache.catalina.core.ApplicationContext.log Manager: install: Installing context configuration at 'file:/C:/Users/paula/AppData/Local/Temp/context8021810931864915872.xml'
20-May-2022 19:08:30.037 INFO [http-nio-8080-exec-652] org.apache.catalina.core.ApplicationContext.log Manager: start: Starting web application '/basedatos'
20-May-2022 19:09:55.117 INFO [http-nio-8080-exec-660] org.apache.catalina.core.ApplicationContext.log Manager: list: Listing contexts for virtual host 'localhost'
20-May-2022 19:09:55.176 INFO [http-nio-8080-exec-661] org.apache.catalina.core.ApplicationContext.log Manager: restart: Reloading web application '/basedatos'
20-May-2022 19:09:58.763 INFO [http-nio-8080-exec-663] org.apache.catalina.core.ApplicationContext.log Manager: list: Listing contexts for virtual host 'localhost'
20-May-2022 19:09:58.765 INFO [http-nio-8080-exec-657] org.apache.catalina.core.ApplicationContext.log Manager: list: Listing contexts for virtual host 'localhost'
20-May-2022 19:09:58.774 INFO [http-nio-8080-exec-660] org.apache.catalina.core.ApplicationContext.log Manager: undeploy: Undeploying web application at '/basedatos'
20-May-2022 19:09:59.314 INFO [http-nio-8080-exec-666] org.apache.catalina.core.ApplicationContext.log Manager: install: Installing context configuration at 'file:/C:/Users/paula/AppData/Local/Temp/context5139825557974318887.xml'
20-May-2022 19:10:00.290 INFO [http-nio-8080-exec-665] org.apache.catalina.core.ApplicationContext.log Manager: start: Starting web application '/basedatos'
20-May-2022 19:10:23.068 INFO [http-nio-8080-exec-660] org.apache.catalina.core.ApplicationContext.log Manager: list: Listing contexts for virtual host 'localhost'
20-May-2022 19:10:23.117 INFO [http-nio-8080-exec-668] org.apache.catalina.core.ApplicationContext.log Manager: restart: Reloading web application '/basedatos'
20-May-2022 19:24:50.192 INFO [http-nio-8080-exec-8] org.apache.catalina.core.ApplicationContext.log Manager: init: Associated with Deployer 'Catalina:type=Deployer,host=localhost'
20-May-2022 19:24:50.193 INFO [http-nio-8080-exec-8] org.apache.catalina.core.ApplicationContext.log Manager: init: Global resources are available
20-May-2022 19:24:50.275 INFO [http-nio-8080-exec-1] org.apache.catalina.core.ApplicationContext.log Manager: list: Listing contexts for virtual host 'localhost'
20-May-2022 19:24:50.315 INFO [http-nio-8080-exec-3] org.apache.catalina.core.ApplicationContext.log Manager: undeploy: Undeploying web application at '/basedatos'
20-May-2022 19:24:50.881 INFO [http-nio-8080-exec-2] org.apache.catalina.core.ApplicationContext.log Manager: install: Installing context configuration at 'file:/C:/Users/paula/AppData/Local/Temp/context18217239495721385770.xml'
20-May-2022 19:24:52.800 INFO [http-nio-8080-exec-6] org.apache.catalina.core.ApplicationContext.log Manager: start: Starting web application '/basedatos'
20-May-2022 19:25:42.674 INFO [http-nio-8080-exec-12] org.apache.catalina.core.ApplicationContext.log Manager: list: Listing contexts for virtual host 'localhost'
20-May-2022 19:25:42.682 INFO [http-nio-8080-exec-16] org.apache.catalina.core.ApplicationContext.log Manager: list: Listing contexts for virtual host 'localhost'
20-May-2022 19:25:42.713 INFO [http-nio-8080-exec-14] org.apache.catalina.core.ApplicationContext.log Manager: undeploy: Undeploying web application at '/basedatos'
20-May-2022 19:25:43.310 INFO [http-nio-8080-exec-13] org.apache.catalina.core.ApplicationContext.log Manager: install: Installing context configuration at 'file:/C:/Users/paula/AppData/Local/Temp/context9864781553641182182.xml'
20-May-2022 19:25:44.683 INFO [http-nio-8080-exec-9] org.apache.catalina.core.ApplicationContext.log Manager: start: Starting web application '/basedatos'
20-May-2022 23:20:24.004 INFO [http-nio-8080-exec-26] org.apache.catalina.core.ApplicationContext.log Manager: list: Listing contexts for virtual host 'localhost'
20-May-2022 23:20:24.045 INFO [http-nio-8080-exec-17] org.apache.catalina.core.ApplicationContext.log Manager: undeploy: Undeploying web application at '/basedatos'
20-May-2022 23:20:24.632 INFO [http-nio-8080-exec-21] org.apache.catalina.core.ApplicationContext.log Manager: install: Installing context configuration at 'file:/C:/Users/paula/AppData/Local/Temp/context1701672092143136705.xml'
20-May-2022 23:20:55.257 INFO [http-nio-8080-exec-18] org.apache.catalina.core.ApplicationContext.log Manager: list: Listing contexts for virtual host 'localhost'
20-May-2022 23:20:55.421 INFO [http-nio-8080-exec-22] org.apache.catalina.core.ApplicationContext.log Manager: restart: Reloading web application '/basedatos'
20-May-2022 23:21:40.089 INFO [http-nio-8080-exec-31] org.apache.catalina.core.ApplicationContext.log Manager: list: Listing contexts for virtual host 'localhost'
20-May-2022 23:21:40.160 INFO [http-nio-8080-exec-20] org.apache.catalina.core.ApplicationContext.log Manager: restart: Reloading web application '/basedatos'
20-May-2022 23:22:42.176 INFO [http-nio-8080-exec-32] org.apache.catalina.core.ApplicationContext.log Manager: list: Listing contexts for virtual host 'localhost'
20-May-2022 23:22:42.233 INFO [http-nio-8080-exec-33] org.apache.catalina.core.ApplicationContext.log Manager: restart: Reloading web application '/basedatos'
20-May-2022 23:24:05.045 INFO [http-nio-8080-exec-32] org.apache.catalina.core.ApplicationContext.log Manager: list: Listing contexts for virtual host 'localhost'
20-May-2022 23:25:59.444 INFO [http-nio-8080-exec-32] org.apache.catalina.core.ApplicationContext.log Manager: list: Listing contexts for virtual host 'localhost'
20-May-2022 23:26:14.762 INFO [http-nio-8080-exec-30] org.apache.catalina.core.ApplicationContext.log Manager: list: Listing contexts for virtual host 'localhost'
20-May-2022 23:26:50.088 INFO [http-nio-8080-exec-43] org.apache.catalina.core.ApplicationContext.log Manager: list: Listing contexts for virtual host 'localhost'
20-May-2022 23:26:58.715 INFO [http-nio-8080-exec-41] org.apache.catalina.core.ApplicationContext.log Manager: list: Listing contexts for virtual host 'localhost'
20-May-2022 23:27:19.698 INFO [http-nio-8080-exec-37] org.apache.catalina.core.ApplicationContext.log Manager: list: Listing contexts for virtual host 'localhost'
20-May-2022 23:27:19.774 INFO [http-nio-8080-exec-44] org.apache.catalina.core.ApplicationContext.log Manager: restart: Reloading web application '/basedatos'
20-May-2022 23:27:31.759 INFO [http-nio-8080-exec-41] org.apache.catalina.core.ApplicationContext.log Manager: list: Listing contexts for virtual host 'localhost'
20-May-2022 23:27:31.764 INFO [http-nio-8080-exec-40] org.apache.catalina.core.ApplicationContext.log Manager: list: Listing contexts for virtual host 'localhost'
20-May-2022 23:27:31.787 INFO [http-nio-8080-exec-42] org.apache.catalina.core.ApplicationContext.log Manager: undeploy: Undeploying web application at '/basedatos'
20-May-2022 23:27:32.330 INFO [http-nio-8080-exec-36] org.apache.catalina.core.ApplicationContext.log Manager: install: Installing context configuration at 'file:/C:/Users/paula/AppData/Local/Temp/context2413444140401374226.xml'
20-May-2022 23:27:33.843 INFO [http-nio-8080-exec-46] org.apache.catalina.core.ApplicationContext.log Manager: start: Starting web application '/basedatos'
20-May-2022 23:28:36.180 INFO [http-nio-8080-exec-49] org.apache.catalina.core.ApplicationContext.log Manager: list: Listing contexts for virtual host 'localhost'
20-May-2022 23:28:36.235 INFO [http-nio-8080-exec-47] org.apache.catalina.core.ApplicationContext.log Manager: restart: Reloading web application '/basedatos'
20-May-2022 23:28:41.748 INFO [http-nio-8080-exec-50] org.apache.catalina.core.ApplicationContext.log Manager: list: Listing contexts for virtual host 'localhost'
20-May-2022 23:28:41.790 INFO [http-nio-8080-exec-51] org.apache.catalina.core.ApplicationContext.log Manager: restart: Reloading web application '/basedatos'
20-May-2022 23:40:16.574 INFO [http-nio-8080-exec-57] org.apache.catalina.core.ApplicationContext.log Manager: list: Listing contexts for virtual host 'localhost'
20-May-2022 23:40:16.621 INFO [http-nio-8080-exec-58] org.apache.catalina.core.ApplicationContext.log Manager: restart: Reloading web application '/basedatos'
20-May-2022 23:40:18.428 INFO [http-nio-8080-exec-56] org.apache.catalina.core.ApplicationContext.log Manager: list: Listing contexts for virtual host 'localhost'
20-May-2022 23:40:18.434 INFO [http-nio-8080-exec-66] org.apache.catalina.core.ApplicationContext.log Manager: list: Listing contexts for virtual host 'localhost'
20-May-2022 23:40:18.458 INFO [http-nio-8080-exec-59] org.apache.catalina.core.ApplicationContext.log Manager: undeploy: Undeploying web application at '/basedatos'
20-May-2022 23:40:19.015 INFO [http-nio-8080-exec-61] org.apache.catalina.core.ApplicationContext.log Manager: install: Installing context configuration at 'file:/C:/Users/paula/AppData/Local/Temp/context7982559148458815419.xml'
20-May-2022 23:40:20.252 INFO [http-nio-8080-exec-56] org.apache.catalina.core.ApplicationContext.log Manager: start: Starting web application '/basedatos'
20-May-2022 23:42:19.179 INFO [http-nio-8080-exec-69] org.apache.catalina.core.ApplicationContext.log Manager: list: Listing contexts for virtual host 'localhost'
20-May-2022 23:42:35.544 INFO [http-nio-8080-exec-72] org.apache.catalina.core.ApplicationContext.log Manager: list: Listing contexts for virtual host 'localhost'
20-May-2022 23:42:38.278 INFO [http-nio-8080-exec-75] org.apache.catalina.core.ApplicationContext.log Manager: list: Listing contexts for virtual host 'localhost'
20-May-2022 23:42:38.284 INFO [http-nio-8080-exec-71] org.apache.catalina.core.ApplicationContext.log Manager: list: Listing contexts for virtual host 'localhost'
20-May-2022 23:42:38.315 INFO [http-nio-8080-exec-73] org.apache.catalina.core.ApplicationContext.log Manager: undeploy: Undeploying web application at '/basedatos'
20-May-2022 23:42:38.865 INFO [http-nio-8080-exec-67] org.apache.catalina.core.ApplicationContext.log Manager: install: Installing context configuration at 'file:/C:/Users/paula/AppData/Local/Temp/context1588556191603899320.xml'
20-May-2022 23:42:40.183 INFO [http-nio-8080-exec-68] org.apache.catalina.core.ApplicationContext.log Manager: start: Starting web application '/basedatos'
