09-May-2022 16:01:59.459 INFO [http-nio-8080-exec-5] org.apache.catalina.core.ApplicationContext.log Manager: init: Associated with Deployer 'Catalina:type=Deployer,host=localhost'
09-May-2022 16:01:59.459 INFO [http-nio-8080-exec-5] org.apache.catalina.core.ApplicationContext.log Manager: init: Global resources are available
09-May-2022 16:01:59.556 INFO [http-nio-8080-exec-8] org.apache.catalina.core.ApplicationContext.log Manager: list: Listing contexts for virtual host 'localhost'
09-May-2022 16:01:59.562 INFO [http-nio-8080-exec-7] org.apache.catalina.core.ApplicationContext.log Manager: list: Listing contexts for virtual host 'localhost'
09-May-2022 16:01:59.607 INFO [http-nio-8080-exec-9] org.apache.catalina.core.ApplicationContext.log Manager: undeploy: Undeploying web application at '/MyDB'
09-May-2022 16:02:00.179 INFO [http-nio-8080-exec-4] org.apache.catalina.core.ApplicationContext.log Manager: install: Installing context configuration at 'file:/C:/Users/paula/AppData/Local/Temp/context5826463482578495461.xml'
09-May-2022 16:02:00.312 INFO [http-nio-8080-exec-2] org.apache.catalina.core.ApplicationContext.log Manager: start: Starting web application '/MyDB'
09-May-2022 16:08:11.871 INFO [http-nio-8080-exec-20] org.apache.catalina.core.ApplicationContext.log Manager: list: Listing contexts for virtual host 'localhost'
09-May-2022 16:11:18.793 INFO [http-nio-8080-exec-17] org.apache.catalina.core.ApplicationContext.log Manager: list: Listing contexts for virtual host 'localhost'
09-May-2022 16:11:18.818 INFO [http-nio-8080-exec-19] org.apache.catalina.core.ApplicationContext.log Manager: list: Listing contexts for virtual host 'localhost'
09-May-2022 16:11:18.834 INFO [http-nio-8080-exec-20] org.apache.catalina.core.ApplicationContext.log Manager: undeploy: Undeploying web application at '/MyDB'
09-May-2022 16:11:19.292 INFO [http-nio-8080-exec-13] org.apache.catalina.core.ApplicationContext.log Manager: list: Listing contexts for virtual host 'localhost'
09-May-2022 16:11:19.426 INFO [http-nio-8080-exec-16] org.apache.catalina.core.ApplicationContext.log Manager: restart: Reloading web application '/MyDB'
09-May-2022 16:11:19.495 INFO [http-nio-8080-exec-19] org.apache.catalina.core.ApplicationContext.log Manager: install: Installing context configuration at 'file:/C:/Users/paula/AppData/Local/Temp/context1145461796090575133.xml'
09-May-2022 16:11:19.683 INFO [http-nio-8080-exec-15] org.apache.catalina.core.ApplicationContext.log Manager: start: Starting web application '/MyDB'
09-May-2022 16:14:07.383 INFO [http-nio-8080-exec-18] org.apache.catalina.core.ApplicationContext.log Manager: list: Listing contexts for virtual host 'localhost'
09-May-2022 16:14:07.392 INFO [http-nio-8080-exec-24] org.apache.catalina.core.ApplicationContext.log Manager: list: Listing contexts for virtual host 'localhost'
09-May-2022 16:14:07.422 INFO [http-nio-8080-exec-26] org.apache.catalina.core.ApplicationContext.log Manager: undeploy: Undeploying web application at '/MyDB'
09-May-2022 16:14:08.010 INFO [http-nio-8080-exec-23] org.apache.catalina.core.ApplicationContext.log Manager: install: Installing context configuration at 'file:/C:/Users/paula/AppData/Local/Temp/context3165211406779862419.xml'
09-May-2022 16:14:08.276 INFO [http-nio-8080-exec-23] org.apache.catalina.core.ApplicationContext.log Manager: start: Starting web application '/MyDB'
09-May-2022 16:15:18.841 INFO [http-nio-8080-exec-22] org.apache.catalina.core.ApplicationContext.log Manager: list: Listing contexts for virtual host 'localhost'
09-May-2022 16:15:18.921 INFO [http-nio-8080-exec-29] org.apache.catalina.core.ApplicationContext.log Manager: restart: Reloading web application '/MyDB'
09-May-2022 16:15:19.734 INFO [http-nio-8080-exec-18] org.apache.catalina.core.ApplicationContext.log Manager: list: Listing contexts for virtual host 'localhost'
09-May-2022 16:15:19.810 INFO [http-nio-8080-exec-21] org.apache.catalina.core.ApplicationContext.log Manager: restart: Reloading web application '/MyDB'
09-May-2022 16:16:10.750 INFO [http-nio-8080-exec-26] org.apache.catalina.core.ApplicationContext.log Manager: list: Listing contexts for virtual host 'localhost'
09-May-2022 16:16:26.731 INFO [http-nio-8080-exec-32] org.apache.catalina.core.ApplicationContext.log Manager: list: Listing contexts for virtual host 'localhost'
09-May-2022 16:19:18.081 INFO [http-nio-8080-exec-34] org.apache.catalina.core.ApplicationContext.log Manager: list: Listing contexts for virtual host 'localhost'
09-May-2022 16:19:18.144 INFO [http-nio-8080-exec-32] org.apache.catalina.core.ApplicationContext.log Manager: restart: Reloading web application '/MyDB'
09-May-2022 16:19:56.818 INFO [http-nio-8080-exec-34] org.apache.catalina.core.ApplicationContext.log Manager: list: Listing contexts for virtual host 'localhost'
09-May-2022 16:19:56.912 INFO [http-nio-8080-exec-33] org.apache.catalina.core.ApplicationContext.log Manager: restart: Reloading web application '/MyDB'
09-May-2022 16:21:03.673 INFO [http-nio-8080-exec-35] org.apache.catalina.core.ApplicationContext.log Manager: list: Listing contexts for virtual host 'localhost'
09-May-2022 16:21:03.677 INFO [http-nio-8080-exec-33] org.apache.catalina.core.ApplicationContext.log Manager: list: Listing contexts for virtual host 'localhost'
09-May-2022 16:21:03.701 INFO [http-nio-8080-exec-36] org.apache.catalina.core.ApplicationContext.log Manager: undeploy: Undeploying web application at '/MyDB'
09-May-2022 16:21:03.738 INFO [http-nio-8080-exec-34] org.apache.catalina.core.ApplicationContext.log Manager: install: Installing context configuration at 'file:/C:/Users/paula/AppData/Local/Temp/context12536971281390938373.xml'
09-May-2022 16:21:04.119 INFO [http-nio-8080-exec-33] org.apache.catalina.core.ApplicationContext.log Manager: list: Listing contexts for virtual host 'localhost'
09-May-2022 16:21:04.189 INFO [http-nio-8080-exec-36] org.apache.catalina.core.ApplicationContext.log Manager: restart: Reloading web application '/MyDB'
09-May-2022 16:21:17.092 INFO [http-nio-8080-exec-36] org.apache.catalina.core.ApplicationContext.log Manager: list: Listing contexts for virtual host 'localhost'
09-May-2022 16:21:17.102 INFO [http-nio-8080-exec-23] org.apache.catalina.core.ApplicationContext.log Manager: list: Listing contexts for virtual host 'localhost'
09-May-2022 16:21:17.122 INFO [http-nio-8080-exec-39] org.apache.catalina.core.ApplicationContext.log Manager: undeploy: Undeploying web application at '/MyDB'
09-May-2022 16:21:17.674 INFO [http-nio-8080-exec-23] org.apache.catalina.core.ApplicationContext.log Manager: install: Installing context configuration at 'file:/C:/Users/paula/AppData/Local/Temp/context7191267112549989842.xml'
09-May-2022 16:21:17.748 INFO [http-nio-8080-exec-36] org.apache.catalina.core.ApplicationContext.log Manager: start: Starting web application '/MyDB'
09-May-2022 16:21:43.143 INFO [http-nio-8080-exec-39] org.apache.catalina.core.ApplicationContext.log Manager: list: Listing contexts for virtual host 'localhost'
09-May-2022 16:21:58.878 INFO [http-nio-8080-exec-47] org.apache.catalina.core.ApplicationContext.log Manager: list: Listing contexts for virtual host 'localhost'
09-May-2022 16:21:58.883 INFO [http-nio-8080-exec-46] org.apache.catalina.core.ApplicationContext.log Manager: list: Listing contexts for virtual host 'localhost'
09-May-2022 16:21:58.903 INFO [http-nio-8080-exec-45] org.apache.catalina.core.ApplicationContext.log Manager: undeploy: Undeploying web application at '/MyDB'
09-May-2022 16:21:59.457 INFO [http-nio-8080-exec-23] org.apache.catalina.core.ApplicationContext.log Manager: install: Installing context configuration at 'file:/C:/Users/paula/AppData/Local/Temp/context12273255053706277144.xml'
09-May-2022 16:21:59.549 INFO [http-nio-8080-exec-43] org.apache.catalina.core.ApplicationContext.log Manager: start: Starting web application '/MyDB'
09-May-2022 16:23:49.310 INFO [http-nio-8080-exec-57] org.apache.catalina.core.ApplicationContext.log Manager: list: Listing contexts for virtual host 'localhost'
09-May-2022 16:23:49.313 INFO [http-nio-8080-exec-58] org.apache.catalina.core.ApplicationContext.log Manager: list: Listing contexts for virtual host 'localhost'
09-May-2022 16:23:49.333 INFO [http-nio-8080-exec-52] org.apache.catalina.core.ApplicationContext.log Manager: undeploy: Undeploying web application at '/MyDB'
09-May-2022 16:23:49.914 INFO [http-nio-8080-exec-55] org.apache.catalina.core.ApplicationContext.log Manager: install: Installing context configuration at 'file:/C:/Users/paula/AppData/Local/Temp/context3877270827285799762.xml'
09-May-2022 16:23:49.987 INFO [http-nio-8080-exec-60] org.apache.catalina.core.ApplicationContext.log Manager: start: Starting web application '/MyDB'
09-May-2022 16:25:12.638 INFO [http-nio-8080-exec-61] org.apache.catalina.core.ApplicationContext.log Manager: list: Listing contexts for virtual host 'localhost'
09-May-2022 16:25:12.699 INFO [http-nio-8080-exec-62] org.apache.catalina.core.ApplicationContext.log Manager: restart: Reloading web application '/MyDB'
09-May-2022 16:25:13.528 INFO [http-nio-8080-exec-62] org.apache.catalina.core.ApplicationContext.log Manager: list: Listing contexts for virtual host 'localhost'
09-May-2022 16:25:13.536 INFO [http-nio-8080-exec-55] org.apache.catalina.core.ApplicationContext.log Manager: list: Listing contexts for virtual host 'localhost'
09-May-2022 16:25:13.559 INFO [http-nio-8080-exec-66] org.apache.catalina.core.ApplicationContext.log Manager: undeploy: Undeploying web application at '/MyDB'
09-May-2022 16:25:14.134 INFO [http-nio-8080-exec-55] org.apache.catalina.core.ApplicationContext.log Manager: install: Installing context configuration at 'file:/C:/Users/paula/AppData/Local/Temp/context2869670598714788501.xml'
09-May-2022 16:25:14.240 INFO [http-nio-8080-exec-60] org.apache.catalina.core.ApplicationContext.log Manager: start: Starting web application '/MyDB'
09-May-2022 16:26:15.771 INFO [http-nio-8080-exec-69] org.apache.catalina.core.ApplicationContext.log Manager: list: Listing contexts for virtual host 'localhost'
09-May-2022 16:26:31.393 INFO [http-nio-8080-exec-71] org.apache.catalina.core.ApplicationContext.log Manager: list: Listing contexts for virtual host 'localhost'
09-May-2022 16:26:31.463 INFO [http-nio-8080-exec-52] org.apache.catalina.core.ApplicationContext.log Manager: restart: Reloading web application '/MyDB'
09-May-2022 16:28:12.332 INFO [http-nio-8080-exec-80] org.apache.catalina.core.ApplicationContext.log Manager: list: Listing contexts for virtual host 'localhost'
09-May-2022 16:28:12.389 INFO [http-nio-8080-exec-82] org.apache.catalina.core.ApplicationContext.log Manager: restart: Reloading web application '/MyDB'
09-May-2022 16:32:18.971 INFO [http-nio-8080-exec-86] org.apache.catalina.core.ApplicationContext.log Manager: list: Listing contexts for virtual host 'localhost'
09-May-2022 16:32:18.971 INFO [http-nio-8080-exec-92] org.apache.catalina.core.ApplicationContext.log Manager: list: Listing contexts for virtual host 'localhost'
09-May-2022 16:32:18.990 INFO [http-nio-8080-exec-93] org.apache.catalina.core.ApplicationContext.log Manager: undeploy: Undeploying web application at '/MyDB'
09-May-2022 16:32:19.538 INFO [http-nio-8080-exec-81] org.apache.catalina.core.ApplicationContext.log Manager: install: Installing context configuration at 'file:/C:/Users/paula/AppData/Local/Temp/context969271167565619570.xml'
09-May-2022 16:32:19.641 INFO [http-nio-8080-exec-90] org.apache.catalina.core.ApplicationContext.log Manager: start: Starting web application '/MyDB'
09-May-2022 16:33:45.700 INFO [http-nio-8080-exec-95] org.apache.catalina.core.ApplicationContext.log Manager: list: Listing contexts for virtual host 'localhost'
09-May-2022 16:33:48.232 INFO [http-nio-8080-exec-97] org.apache.catalina.core.ApplicationContext.log Manager: list: Listing contexts for virtual host 'localhost'
09-May-2022 16:33:48.232 INFO [http-nio-8080-exec-96] org.apache.catalina.core.ApplicationContext.log Manager: list: Listing contexts for virtual host 'localhost'
09-May-2022 16:33:48.262 INFO [http-nio-8080-exec-98] org.apache.catalina.core.ApplicationContext.log Manager: undeploy: Undeploying web application at '/MyDB'
09-May-2022 16:33:48.807 INFO [http-nio-8080-exec-103] org.apache.catalina.core.ApplicationContext.log Manager: install: Installing context configuration at 'file:/C:/Users/paula/AppData/Local/Temp/context11098258479705753118.xml'
09-May-2022 16:33:48.885 INFO [http-nio-8080-exec-95] org.apache.catalina.core.ApplicationContext.log Manager: start: Starting web application '/MyDB'
09-May-2022 16:34:26.010 INFO [http-nio-8080-exec-104] org.apache.catalina.core.ApplicationContext.log Manager: list: Listing contexts for virtual host 'localhost'
09-May-2022 16:34:42.566 INFO [http-nio-8080-exec-105] org.apache.catalina.core.ApplicationContext.log Manager: list: Listing contexts for virtual host 'localhost'
09-May-2022 16:34:44.950 INFO [http-nio-8080-exec-107] org.apache.catalina.core.ApplicationContext.log Manager: list: Listing contexts for virtual host 'localhost'
09-May-2022 16:34:44.954 INFO [http-nio-8080-exec-108] org.apache.catalina.core.ApplicationContext.log Manager: list: Listing contexts for virtual host 'localhost'
09-May-2022 16:34:44.972 INFO [http-nio-8080-exec-109] org.apache.catalina.core.ApplicationContext.log Manager: undeploy: Undeploying web application at '/MyDB'
09-May-2022 16:34:46.039 INFO [http-nio-8080-exec-107] org.apache.catalina.core.ApplicationContext.log Manager: install: Installing context configuration at 'file:/C:/Users/paula/AppData/Local/Temp/context17665039899976808430.xml'
09-May-2022 16:34:46.129 INFO [http-nio-8080-exec-111] org.apache.catalina.core.ApplicationContext.log Manager: start: Starting web application '/MyDB'
09-May-2022 16:35:36.633 INFO [http-nio-8080-exec-107] org.apache.catalina.core.ApplicationContext.log Manager: list: Listing contexts for virtual host 'localhost'
09-May-2022 16:38:55.445 INFO [http-nio-8080-exec-115] org.apache.catalina.core.ApplicationContext.log Manager: list: Listing contexts for virtual host 'localhost'
09-May-2022 16:39:17.132 INFO [http-nio-8080-exec-120] org.apache.catalina.core.ApplicationContext.log Manager: list: Listing contexts for virtual host 'localhost'
09-May-2022 16:39:46.548 INFO [http-nio-8080-exec-119] org.apache.catalina.core.ApplicationContext.log Manager: list: Listing contexts for virtual host 'localhost'
09-May-2022 16:39:48.133 INFO [http-nio-8080-exec-118] org.apache.catalina.core.ApplicationContext.log Manager: list: Listing contexts for virtual host 'localhost'
09-May-2022 16:39:48.136 INFO [http-nio-8080-exec-116] org.apache.catalina.core.ApplicationContext.log Manager: list: Listing contexts for virtual host 'localhost'
09-May-2022 16:39:48.136 INFO [http-nio-8080-exec-117] org.apache.catalina.core.ApplicationContext.log Manager: undeploy: Undeploying web application at '/MyDB'
09-May-2022 16:39:48.696 INFO [http-nio-8080-exec-118] org.apache.catalina.core.ApplicationContext.log Manager: install: Installing context configuration at 'file:/C:/Users/paula/AppData/Local/Temp/context6420184726287417295.xml'
09-May-2022 16:39:48.776 INFO [http-nio-8080-exec-120] org.apache.catalina.core.ApplicationContext.log Manager: start: Starting web application '/MyDB'
09-May-2022 16:40:42.662 INFO [http-nio-8080-exec-118] org.apache.catalina.core.ApplicationContext.log Manager: list: Listing contexts for virtual host 'localhost'
09-May-2022 16:40:49.336 INFO [http-nio-8080-exec-125] org.apache.catalina.core.ApplicationContext.log Manager: list: Listing contexts for virtual host 'localhost'
09-May-2022 16:41:22.847 INFO [http-nio-8080-exec-120] org.apache.catalina.core.ApplicationContext.log Manager: list: Listing contexts for virtual host 'localhost'
09-May-2022 16:42:50.419 INFO [http-nio-8080-exec-126] org.apache.catalina.core.ApplicationContext.log Manager: list: Listing contexts for virtual host 'localhost'
09-May-2022 16:42:52.110 INFO [http-nio-8080-exec-125] org.apache.catalina.core.ApplicationContext.log Manager: list: Listing contexts for virtual host 'localhost'
09-May-2022 16:42:52.129 INFO [http-nio-8080-exec-130] org.apache.catalina.core.ApplicationContext.log Manager: list: Listing contexts for virtual host 'localhost'
09-May-2022 16:42:52.150 INFO [http-nio-8080-exec-127] org.apache.catalina.core.ApplicationContext.log Manager: undeploy: Undeploying web application at '/MyDB'
09-May-2022 16:42:52.691 INFO [http-nio-8080-exec-131] org.apache.catalina.core.ApplicationContext.log Manager: install: Installing context configuration at 'file:/C:/Users/paula/AppData/Local/Temp/context1470208276747605398.xml'
09-May-2022 16:42:52.772 INFO [http-nio-8080-exec-132] org.apache.catalina.core.ApplicationContext.log Manager: start: Starting web application '/MyDB'
09-May-2022 16:43:33.520 INFO [http-nio-8080-exec-123] org.apache.catalina.core.ApplicationContext.log Manager: list: Listing contexts for virtual host 'localhost'
09-May-2022 16:43:36.924 INFO [http-nio-8080-exec-135] org.apache.catalina.core.ApplicationContext.log Manager: list: Listing contexts for virtual host 'localhost'
09-May-2022 16:43:36.924 INFO [http-nio-8080-exec-125] org.apache.catalina.core.ApplicationContext.log Manager: list: Listing contexts for virtual host 'localhost'
09-May-2022 16:43:36.960 INFO [http-nio-8080-exec-123] org.apache.catalina.core.ApplicationContext.log Manager: undeploy: Undeploying web application at '/MyDB'
09-May-2022 16:43:36.991 INFO [http-nio-8080-exec-133] org.apache.catalina.core.ApplicationContext.log Manager: install: Installing context configuration at 'file:/C:/Users/paula/AppData/Local/Temp/context1901394734481132397.xml'
09-May-2022 16:43:47.604 INFO [http-nio-8080-exec-126] org.apache.catalina.core.ApplicationContext.log Manager: list: Listing contexts for virtual host 'localhost'
09-May-2022 16:43:47.612 INFO [http-nio-8080-exec-135] org.apache.catalina.core.ApplicationContext.log Manager: list: Listing contexts for virtual host 'localhost'
09-May-2022 16:43:47.614 INFO [http-nio-8080-exec-125] org.apache.catalina.core.ApplicationContext.log Manager: undeploy: Undeploying web application at '/MyDB'
09-May-2022 16:43:48.175 INFO [http-nio-8080-exec-133] org.apache.catalina.core.ApplicationContext.log Manager: install: Installing context configuration at 'file:/C:/Users/paula/AppData/Local/Temp/context8635975400189759943.xml'
09-May-2022 16:43:48.272 INFO [http-nio-8080-exec-136] org.apache.catalina.core.ApplicationContext.log Manager: start: Starting web application '/MyDB'
09-May-2022 16:44:07.886 INFO [http-nio-8080-exec-135] org.apache.catalina.core.ApplicationContext.log Manager: list: Listing contexts for virtual host 'localhost'
09-May-2022 16:44:17.648 INFO [http-nio-8080-exec-135] org.apache.catalina.core.ApplicationContext.log Manager: list: Listing contexts for virtual host 'localhost'
09-May-2022 16:44:39.646 INFO [http-nio-8080-exec-142] org.apache.catalina.core.ApplicationContext.log Manager: list: Listing contexts for virtual host 'localhost'
09-May-2022 16:44:41.824 INFO [http-nio-8080-exec-139] org.apache.catalina.core.ApplicationContext.log Manager: list: Listing contexts for virtual host 'localhost'
09-May-2022 16:44:41.824 INFO [http-nio-8080-exec-140] org.apache.catalina.core.ApplicationContext.log Manager: list: Listing contexts for virtual host 'localhost'
09-May-2022 16:44:41.844 INFO [http-nio-8080-exec-135] org.apache.catalina.core.ApplicationContext.log Manager: undeploy: Undeploying web application at '/MyDB'
09-May-2022 16:44:42.386 INFO [http-nio-8080-exec-141] org.apache.catalina.core.ApplicationContext.log Manager: install: Installing context configuration at 'file:/C:/Users/paula/AppData/Local/Temp/context8121295452327629367.xml'
09-May-2022 16:44:42.475 INFO [http-nio-8080-exec-142] org.apache.catalina.core.ApplicationContext.log Manager: start: Starting web application '/MyDB'
09-May-2022 16:45:17.305 INFO [http-nio-8080-exec-135] org.apache.catalina.core.ApplicationContext.log Manager: list: Listing contexts for virtual host 'localhost'
09-May-2022 16:45:35.427 INFO [http-nio-8080-exec-146] org.apache.catalina.core.ApplicationContext.log Manager: list: Listing contexts for virtual host 'localhost'
09-May-2022 16:46:12.268 INFO [http-nio-8080-exec-150] org.apache.catalina.core.ApplicationContext.log Manager: list: Listing contexts for virtual host 'localhost'
09-May-2022 16:56:56.883 INFO [http-nio-8080-exec-155] org.apache.catalina.core.ApplicationContext.log Manager: list: Listing contexts for virtual host 'localhost'
09-May-2022 16:56:56.972 INFO [http-nio-8080-exec-147] org.apache.catalina.core.ApplicationContext.log Manager: restart: Reloading web application '/MyDB'
09-May-2022 16:56:58.062 INFO [http-nio-8080-exec-151] org.apache.catalina.core.ApplicationContext.log Manager: list: Listing contexts for virtual host 'localhost'
09-May-2022 16:56:58.160 INFO [http-nio-8080-exec-154] org.apache.catalina.core.ApplicationContext.log Manager: restart: Reloading web application '/MyDB'
09-May-2022 17:03:09.352 INFO [http-nio-8080-exec-158] org.apache.catalina.core.ApplicationContext.log Manager: list: Listing contexts for virtual host 'localhost'
09-May-2022 17:03:09.417 INFO [http-nio-8080-exec-159] org.apache.catalina.core.ApplicationContext.log Manager: restart: Reloading web application '/MyDB'
09-May-2022 17:05:45.737 INFO [http-nio-8080-exec-161] org.apache.catalina.core.ApplicationContext.log Manager: list: Listing contexts for virtual host 'localhost'
09-May-2022 17:05:45.810 INFO [http-nio-8080-exec-158] org.apache.catalina.core.ApplicationContext.log Manager: restart: Reloading web application '/MyDB'
09-May-2022 17:07:40.805 INFO [http-nio-8080-exec-163] org.apache.catalina.core.ApplicationContext.log Manager: list: Listing contexts for virtual host 'localhost'
09-May-2022 17:07:40.869 INFO [http-nio-8080-exec-169] org.apache.catalina.core.ApplicationContext.log Manager: restart: Reloading web application '/MyDB'
09-May-2022 17:08:31.137 INFO [http-nio-8080-exec-159] org.apache.catalina.core.ApplicationContext.log Manager: list: Listing contexts for virtual host 'localhost'
09-May-2022 17:08:31.204 INFO [http-nio-8080-exec-161] org.apache.catalina.core.ApplicationContext.log Manager: restart: Reloading web application '/MyDB'
09-May-2022 17:09:43.457 INFO [http-nio-8080-exec-159] org.apache.catalina.core.ApplicationContext.log Manager: list: Listing contexts for virtual host 'localhost'
09-May-2022 17:09:43.521 INFO [http-nio-8080-exec-171] org.apache.catalina.core.ApplicationContext.log Manager: restart: Reloading web application '/MyDB'
09-May-2022 17:09:56.271 INFO [http-nio-8080-exec-159] org.apache.catalina.core.ApplicationContext.log Manager: list: Listing contexts for virtual host 'localhost'
09-May-2022 17:09:56.326 INFO [http-nio-8080-exec-173] org.apache.catalina.core.ApplicationContext.log Manager: restart: Reloading web application '/MyDB'
09-May-2022 17:12:18.548 INFO [http-nio-8080-exec-174] org.apache.catalina.core.ApplicationContext.log Manager: list: Listing contexts for virtual host 'localhost'
09-May-2022 17:12:18.616 INFO [http-nio-8080-exec-169] org.apache.catalina.core.ApplicationContext.log Manager: restart: Reloading web application '/MyDB'
09-May-2022 17:12:45.290 INFO [http-nio-8080-exec-174] org.apache.catalina.core.ApplicationContext.log Manager: list: Listing contexts for virtual host 'localhost'
09-May-2022 17:12:45.356 INFO [http-nio-8080-exec-177] org.apache.catalina.core.ApplicationContext.log Manager: restart: Reloading web application '/MyDB'
09-May-2022 17:12:47.910 INFO [http-nio-8080-exec-166] org.apache.catalina.core.ApplicationContext.log Manager: list: Listing contexts for virtual host 'localhost'
09-May-2022 17:12:47.984 INFO [http-nio-8080-exec-178] org.apache.catalina.core.ApplicationContext.log Manager: restart: Reloading web application '/MyDB'
09-May-2022 17:17:41.677 INFO [http-nio-8080-exec-180] org.apache.catalina.core.ApplicationContext.log Manager: list: Listing contexts for virtual host 'localhost'
09-May-2022 17:17:41.733 INFO [http-nio-8080-exec-176] org.apache.catalina.core.ApplicationContext.log Manager: restart: Reloading web application '/MyDB'
09-May-2022 17:19:05.515 INFO [http-nio-8080-exec-182] org.apache.catalina.core.ApplicationContext.log Manager: list: Listing contexts for virtual host 'localhost'
09-May-2022 17:19:05.590 INFO [http-nio-8080-exec-178] org.apache.catalina.core.ApplicationContext.log Manager: restart: Reloading web application '/MyDB'
09-May-2022 17:21:19.343 INFO [http-nio-8080-exec-183] org.apache.catalina.core.ApplicationContext.log Manager: list: Listing contexts for virtual host 'localhost'
09-May-2022 17:21:19.414 INFO [http-nio-8080-exec-176] org.apache.catalina.core.ApplicationContext.log Manager: restart: Reloading web application '/MyDB'
09-May-2022 17:21:28.546 INFO [http-nio-8080-exec-188] org.apache.catalina.core.ApplicationContext.log Manager: list: Listing contexts for virtual host 'localhost'
09-May-2022 17:21:28.603 INFO [http-nio-8080-exec-183] org.apache.catalina.core.ApplicationContext.log Manager: restart: Reloading web application '/MyDB'
09-May-2022 17:22:15.313 INFO [http-nio-8080-exec-189] org.apache.catalina.core.ApplicationContext.log Manager: list: Listing contexts for virtual host 'localhost'
09-May-2022 17:22:15.415 INFO [http-nio-8080-exec-176] org.apache.catalina.core.ApplicationContext.log Manager: restart: Reloading web application '/MyDB'
09-May-2022 17:22:27.509 INFO [http-nio-8080-exec-172] org.apache.catalina.core.ApplicationContext.log Manager: list: Listing contexts for virtual host 'localhost'
09-May-2022 17:22:27.599 INFO [http-nio-8080-exec-186] org.apache.catalina.core.ApplicationContext.log Manager: restart: Reloading web application '/MyDB'
09-May-2022 17:25:45.907 INFO [http-nio-8080-exec-189] org.apache.catalina.core.ApplicationContext.log Manager: list: Listing contexts for virtual host 'localhost'
09-May-2022 17:25:45.986 INFO [http-nio-8080-exec-195] org.apache.catalina.core.ApplicationContext.log Manager: restart: Reloading web application '/MyDB'
09-May-2022 17:26:16.717 INFO [http-nio-8080-exec-176] org.apache.catalina.core.ApplicationContext.log Manager: list: Listing contexts for virtual host 'localhost'
09-May-2022 17:26:16.778 INFO [http-nio-8080-exec-186] org.apache.catalina.core.ApplicationContext.log Manager: restart: Reloading web application '/MyDB'
09-May-2022 17:26:53.748 INFO [http-nio-8080-exec-192] org.apache.catalina.core.ApplicationContext.log Manager: list: Listing contexts for virtual host 'localhost'
09-May-2022 17:26:53.814 INFO [http-nio-8080-exec-189] org.apache.catalina.core.ApplicationContext.log Manager: restart: Reloading web application '/MyDB'
09-May-2022 17:27:49.887 INFO [http-nio-8080-exec-186] org.apache.catalina.core.ApplicationContext.log Manager: list: Listing contexts for virtual host 'localhost'
09-May-2022 17:27:50.007 INFO [http-nio-8080-exec-176] org.apache.catalina.core.ApplicationContext.log Manager: restart: Reloading web application '/MyDB'
09-May-2022 17:28:37.559 INFO [http-nio-8080-exec-186] org.apache.catalina.core.ApplicationContext.log Manager: list: Listing contexts for virtual host 'localhost'
09-May-2022 17:31:33.900 INFO [http-nio-8080-exec-176] org.apache.catalina.core.ApplicationContext.log Manager: list: Listing contexts for virtual host 'localhost'
09-May-2022 17:31:33.906 INFO [http-nio-8080-exec-197] org.apache.catalina.core.ApplicationContext.log Manager: list: Listing contexts for virtual host 'localhost'
09-May-2022 17:31:33.917 INFO [http-nio-8080-exec-190] org.apache.catalina.core.ApplicationContext.log Manager: undeploy: Undeploying web application at '/MyDB'
09-May-2022 17:31:34.456 INFO [http-nio-8080-exec-172] org.apache.catalina.core.ApplicationContext.log Manager: install: Installing context configuration at 'file:/C:/Users/paula/AppData/Local/Temp/context8626330387712868819.xml'
09-May-2022 17:31:34.539 INFO [http-nio-8080-exec-195] org.apache.catalina.core.ApplicationContext.log Manager: start: Starting web application '/MyDB'
09-May-2022 17:33:49.425 INFO [http-nio-8080-exec-204] org.apache.catalina.core.ApplicationContext.log Manager: list: Listing contexts for virtual host 'localhost'
09-May-2022 17:34:54.631 INFO [http-nio-8080-exec-211] org.apache.catalina.core.ApplicationContext.log Manager: list: Listing contexts for virtual host 'localhost'
09-May-2022 17:36:45.876 INFO [http-nio-8080-exec-211] org.apache.catalina.core.ApplicationContext.log Manager: list: Listing contexts for virtual host 'localhost'
09-May-2022 17:36:56.626 INFO [http-nio-8080-exec-203] org.apache.catalina.core.ApplicationContext.log Manager: list: Listing contexts for virtual host 'localhost'
09-May-2022 17:37:27.336 INFO [http-nio-8080-exec-207] org.apache.catalina.core.ApplicationContext.log Manager: list: Listing contexts for virtual host 'localhost'
09-May-2022 17:37:35.407 INFO [http-nio-8080-exec-206] org.apache.catalina.core.ApplicationContext.log Manager: list: Listing contexts for virtual host 'localhost'
09-May-2022 17:38:28.424 INFO [http-nio-8080-exec-205] org.apache.catalina.core.ApplicationContext.log Manager: list: Listing contexts for virtual host 'localhost'
09-May-2022 20:12:11.314 INFO [http-nio-8080-exec-211] org.apache.catalina.core.ApplicationContext.log Manager: list: Listing contexts for virtual host 'localhost'
09-May-2022 20:12:11.342 INFO [http-nio-8080-exec-208] org.apache.catalina.core.ApplicationContext.log Manager: undeploy: Undeploying web application at '/MyDB'
