18-May-2022 16:44:17.898 INFO [http-nio-8080-exec-598] org.apache.catalina.core.ApplicationContext.log Manager: list: Listing contexts for virtual host 'localhost'
18-May-2022 16:45:52.237 INFO [http-nio-8080-exec-597] org.apache.catalina.core.ApplicationContext.log Manager: list: Listing contexts for virtual host 'localhost'
18-May-2022 16:45:52.240 INFO [http-nio-8080-exec-599] org.apache.catalina.core.ApplicationContext.log Manager: list: Listing contexts for virtual host 'localhost'
18-May-2022 16:47:30.557 INFO [http-nio-8080-exec-600] org.apache.catalina.core.ApplicationContext.log Manager: list: Listing contexts for virtual host 'localhost'
18-May-2022 16:47:30.567 INFO [http-nio-8080-exec-605] org.apache.catalina.core.ApplicationContext.log Manager: list: Listing contexts for virtual host 'localhost'
18-May-2022 16:49:46.712 INFO [http-nio-8080-exec-604] org.apache.catalina.core.ApplicationContext.log Manager: list: Listing contexts for virtual host 'localhost'
18-May-2022 16:49:46.717 INFO [http-nio-8080-exec-603] org.apache.catalina.core.ApplicationContext.log Manager: list: Listing contexts for virtual host 'localhost'
18-May-2022 16:54:03.019 INFO [http-nio-8080-exec-598] org.apache.catalina.core.ApplicationContext.log Manager: list: Listing contexts for virtual host 'localhost'
18-May-2022 16:54:03.027 INFO [http-nio-8080-exec-604] org.apache.catalina.core.ApplicationContext.log Manager: list: Listing contexts for virtual host 'localhost'
18-May-2022 16:54:03.040 INFO [http-nio-8080-exec-603] org.apache.catalina.core.ApplicationContext.log Manager: install: Installing context configuration at 'file:/C:/Users/paula/AppData/Local/Temp/context1058775246347706616.xml'
18-May-2022 16:54:04.066 INFO [http-nio-8080-exec-605] org.apache.catalina.core.ApplicationContext.log Manager: start: Starting web application '/basedatos'
18-May-2022 16:54:05.600 INFO [http-nio-8080-exec-599] org.apache.catalina.core.ApplicationContext.log Manager: list: Listing contexts for virtual host 'localhost'
18-May-2022 16:54:05.834 INFO [http-nio-8080-exec-598] org.apache.catalina.core.ApplicationContext.log Manager: restart: Reloading web application '/basedatos'
18-May-2022 16:54:32.146 INFO [http-nio-8080-exec-601] org.apache.catalina.core.ApplicationContext.log Manager: list: Listing contexts for virtual host 'localhost'
18-May-2022 16:54:32.250 INFO [http-nio-8080-exec-600] org.apache.catalina.core.ApplicationContext.log Manager: list: Listing contexts for virtual host 'localhost'
18-May-2022 16:54:40.044 INFO [http-nio-8080-exec-606] org.apache.catalina.core.ApplicationContext.log Manager: list: Listing contexts for virtual host 'localhost'
18-May-2022 16:54:40.397 INFO [http-nio-8080-exec-601] org.apache.catalina.core.ApplicationContext.log Manager: list: Listing contexts for virtual host 'localhost'
18-May-2022 16:54:43.869 INFO [http-nio-8080-exec-601] org.apache.catalina.core.ApplicationContext.log Manager: list: Listing contexts for virtual host 'localhost'
18-May-2022 16:54:43.872 INFO [http-nio-8080-exec-600] org.apache.catalina.core.ApplicationContext.log Manager: list: Listing contexts for virtual host 'localhost'
18-May-2022 16:54:43.881 INFO [http-nio-8080-exec-610] org.apache.catalina.core.ApplicationContext.log Manager: undeploy: Undeploying web application at '/basedatos'
18-May-2022 16:54:44.417 INFO [http-nio-8080-exec-608] org.apache.catalina.core.ApplicationContext.log Manager: install: Installing context configuration at 'file:/C:/Users/paula/AppData/Local/Temp/context9651830683396736329.xml'
18-May-2022 16:54:45.292 INFO [http-nio-8080-exec-611] org.apache.catalina.core.ApplicationContext.log Manager: start: Starting web application '/basedatos'
18-May-2022 16:55:13.500 INFO [http-nio-8080-exec-616] org.apache.catalina.core.ApplicationContext.log Manager: list: Listing contexts for virtual host 'localhost'
18-May-2022 16:55:16.841 INFO [http-nio-8080-exec-618] org.apache.catalina.core.ApplicationContext.log Manager: list: Listing contexts for virtual host 'localhost'
18-May-2022 16:56:03.371 INFO [http-nio-8080-exec-617] org.apache.catalina.core.ApplicationContext.log Manager: list: Listing contexts for virtual host 'localhost'
18-May-2022 16:56:45.324 INFO [http-nio-8080-exec-620] org.apache.catalina.core.ApplicationContext.log Manager: list: Listing contexts for virtual host 'localhost'
18-May-2022 16:57:00.377 INFO [http-nio-8080-exec-615] org.apache.catalina.core.ApplicationContext.log Manager: list: Listing contexts for virtual host 'localhost'
18-May-2022 16:57:16.601 INFO [http-nio-8080-exec-619] org.apache.catalina.core.ApplicationContext.log Manager: list: Listing contexts for virtual host 'localhost'
18-May-2022 16:57:44.962 INFO [http-nio-8080-exec-614] org.apache.catalina.core.ApplicationContext.log Manager: list: Listing contexts for virtual host 'localhost'
18-May-2022 16:58:22.084 INFO [http-nio-8080-exec-615] org.apache.catalina.core.ApplicationContext.log Manager: list: Listing contexts for virtual host 'localhost'
18-May-2022 16:58:54.520 INFO [http-nio-8080-exec-615] org.apache.catalina.core.ApplicationContext.log Manager: list: Listing contexts for virtual host 'localhost'
18-May-2022 16:59:23.000 INFO [http-nio-8080-exec-617] org.apache.catalina.core.ApplicationContext.log Manager: list: Listing contexts for virtual host 'localhost'
18-May-2022 17:56:45.533 INFO [http-nio-8080-exec-617] org.apache.catalina.core.ApplicationContext.log Manager: list: Listing contexts for virtual host 'localhost'
