17-May-2022 16:21:44.954 INFO [http-nio-8080-exec-3] org.apache.catalina.core.ApplicationContext.log Manager: init: Associated with Deployer 'Catalina:type=Deployer,host=localhost'
17-May-2022 16:21:44.954 INFO [http-nio-8080-exec-3] org.apache.catalina.core.ApplicationContext.log Manager: init: Global resources are available
17-May-2022 16:22:20.766 INFO [http-nio-8080-exec-15] org.apache.catalina.core.ApplicationContext.log Manager: list: Listing contexts for virtual host 'localhost'
17-May-2022 16:22:20.775 INFO [http-nio-8080-exec-14] org.apache.catalina.core.ApplicationContext.log Manager: list: Listing contexts for virtual host 'localhost'
17-May-2022 16:22:20.809 INFO [http-nio-8080-exec-17] org.apache.catalina.core.ApplicationContext.log Manager: undeploy: Undeploying web application at '/MyDB'
17-May-2022 16:22:21.226 INFO [http-nio-8080-exec-10] org.apache.catalina.core.ApplicationContext.log Manager: list: Listing contexts for virtual host 'localhost'
17-May-2022 16:22:21.232 INFO [http-nio-8080-exec-11] org.apache.catalina.core.ApplicationContext.log Manager: list: Listing contexts for virtual host 'localhost'
17-May-2022 16:22:21.404 INFO [http-nio-8080-exec-14] org.apache.catalina.core.ApplicationContext.log Manager: undeploy: Undeploying web application at '/MyDB'
17-May-2022 16:22:21.486 INFO [http-nio-8080-exec-5] org.apache.catalina.core.ApplicationContext.log Manager: install: Installing context configuration at 'file:/C:/Users/paula/AppData/Local/Temp/context2748014657077355663.xml'
17-May-2022 16:22:23.073 INFO [http-nio-8080-exec-20] org.apache.catalina.core.ApplicationContext.log Manager: install: Installing context configuration at 'file:/C:/Users/paula/AppData/Local/Temp/context10968220327829217729.xml'
17-May-2022 16:22:23.186 INFO [http-nio-8080-exec-8] org.apache.catalina.core.ApplicationContext.log Manager: start: Starting web application '/MyDB'
17-May-2022 16:25:40.890 INFO [http-nio-8080-exec-22] org.apache.catalina.core.ApplicationContext.log Manager: list: Listing contexts for virtual host 'localhost'
17-May-2022 16:25:41.125 INFO [http-nio-8080-exec-23] org.apache.catalina.core.ApplicationContext.log Manager: restart: Reloading web application '/MyDB'
17-May-2022 16:25:48.977 INFO [http-nio-8080-exec-32] org.apache.catalina.core.ApplicationContext.log Manager: list: Listing contexts for virtual host 'localhost'
17-May-2022 16:25:49.131 INFO [http-nio-8080-exec-29] org.apache.catalina.core.ApplicationContext.log Manager: restart: Reloading web application '/MyDB'
17-May-2022 16:26:43.362 INFO [http-nio-8080-exec-22] org.apache.catalina.core.ApplicationContext.log Manager: list: Listing contexts for virtual host 'localhost'
17-May-2022 16:26:43.514 INFO [http-nio-8080-exec-30] org.apache.catalina.core.ApplicationContext.log Manager: restart: Reloading web application '/MyDB'
17-May-2022 16:26:47.845 INFO [http-nio-8080-exec-28] org.apache.catalina.core.ApplicationContext.log Manager: list: Listing contexts for virtual host 'localhost'
17-May-2022 16:26:47.944 INFO [http-nio-8080-exec-36] org.apache.catalina.core.ApplicationContext.log Manager: restart: Reloading web application '/MyDB'
17-May-2022 16:27:12.865 INFO [http-nio-8080-exec-33] org.apache.catalina.core.ApplicationContext.log Manager: list: Listing contexts for virtual host 'localhost'
17-May-2022 16:27:12.873 INFO [http-nio-8080-exec-24] org.apache.catalina.core.ApplicationContext.log Manager: list: Listing contexts for virtual host 'localhost'
17-May-2022 16:27:12.921 INFO [http-nio-8080-exec-26] org.apache.catalina.core.ApplicationContext.log Manager: undeploy: Undeploying web application at '/MyDB'
17-May-2022 16:27:13.507 INFO [http-nio-8080-exec-24] org.apache.catalina.core.ApplicationContext.log Manager: install: Installing context configuration at 'file:/C:/Users/paula/AppData/Local/Temp/context17998046920120822715.xml'
17-May-2022 16:27:15.325 INFO [http-nio-8080-exec-38] org.apache.catalina.core.ApplicationContext.log Manager: start: Starting web application '/MyDB'
17-May-2022 16:27:24.338 INFO [http-nio-8080-exec-39] org.apache.catalina.core.ApplicationContext.log Manager: list: Listing contexts for virtual host 'localhost'
17-May-2022 16:27:24.343 INFO [http-nio-8080-exec-28] org.apache.catalina.core.ApplicationContext.log Manager: list: Listing contexts for virtual host 'localhost'
17-May-2022 16:27:24.361 INFO [http-nio-8080-exec-38] org.apache.catalina.core.ApplicationContext.log Manager: undeploy: Undeploying web application at '/MyDB'
17-May-2022 16:27:24.929 INFO [http-nio-8080-exec-26] org.apache.catalina.core.ApplicationContext.log Manager: install: Installing context configuration at 'file:/C:/Users/paula/AppData/Local/Temp/context7022638345660730174.xml'
17-May-2022 16:27:26.103 INFO [http-nio-8080-exec-28] org.apache.catalina.core.ApplicationContext.log Manager: start: Starting web application '/MyDB'
17-May-2022 16:28:24.279 INFO [http-nio-8080-exec-45] org.apache.catalina.core.ApplicationContext.log Manager: list: Listing contexts for virtual host 'localhost'
17-May-2022 16:28:24.365 INFO [http-nio-8080-exec-41] org.apache.catalina.core.ApplicationContext.log Manager: restart: Reloading web application '/MyDB'
17-May-2022 16:30:04.575 INFO [http-nio-8080-exec-46] org.apache.catalina.core.ApplicationContext.log Manager: list: Listing contexts for virtual host 'localhost'
17-May-2022 16:30:04.684 INFO [http-nio-8080-exec-34] org.apache.catalina.core.ApplicationContext.log Manager: restart: Reloading web application '/MyDB'
17-May-2022 16:30:54.485 INFO [http-nio-8080-exec-33] org.apache.catalina.core.ApplicationContext.log Manager: list: Listing contexts for virtual host 'localhost'
17-May-2022 16:30:54.708 INFO [http-nio-8080-exec-48] org.apache.catalina.core.ApplicationContext.log Manager: restart: Reloading web application '/MyDB'
17-May-2022 16:31:10.627 INFO [http-nio-8080-exec-54] org.apache.catalina.core.ApplicationContext.log Manager: list: Listing contexts for virtual host 'localhost'
17-May-2022 16:31:10.712 INFO [http-nio-8080-exec-44] org.apache.catalina.core.ApplicationContext.log Manager: restart: Reloading web application '/MyDB'
17-May-2022 16:31:14.139 INFO [http-nio-8080-exec-50] org.apache.catalina.core.ApplicationContext.log Manager: list: Listing contexts for virtual host 'localhost'
17-May-2022 16:31:14.144 INFO [http-nio-8080-exec-58] org.apache.catalina.core.ApplicationContext.log Manager: list: Listing contexts for virtual host 'localhost'
17-May-2022 16:31:14.168 INFO [http-nio-8080-exec-55] org.apache.catalina.core.ApplicationContext.log Manager: undeploy: Undeploying web application at '/MyDB'
17-May-2022 16:31:14.762 INFO [http-nio-8080-exec-49] org.apache.catalina.core.ApplicationContext.log Manager: install: Installing context configuration at 'file:/C:/Users/paula/AppData/Local/Temp/context15270929708166089569.xml'
17-May-2022 16:31:16.198 INFO [http-nio-8080-exec-46] org.apache.catalina.core.ApplicationContext.log Manager: start: Starting web application '/MyDB'
17-May-2022 16:32:13.905 INFO [http-nio-8080-exec-61] org.apache.catalina.core.ApplicationContext.log Manager: list: Listing contexts for virtual host 'localhost'
17-May-2022 16:32:13.999 INFO [http-nio-8080-exec-54] org.apache.catalina.core.ApplicationContext.log Manager: restart: Reloading web application '/MyDB'
17-May-2022 16:32:31.216 INFO [http-nio-8080-exec-57] org.apache.catalina.core.ApplicationContext.log Manager: list: Listing contexts for virtual host 'localhost'
17-May-2022 16:32:31.220 INFO [http-nio-8080-exec-68] org.apache.catalina.core.ApplicationContext.log Manager: list: Listing contexts for virtual host 'localhost'
17-May-2022 16:32:31.235 INFO [http-nio-8080-exec-62] org.apache.catalina.core.ApplicationContext.log Manager: undeploy: Undeploying web application at '/MyDB'
17-May-2022 16:32:31.800 INFO [http-nio-8080-exec-68] org.apache.catalina.core.ApplicationContext.log Manager: install: Installing context configuration at 'file:/C:/Users/paula/AppData/Local/Temp/context8371639617610030804.xml'
17-May-2022 16:32:33.012 INFO [http-nio-8080-exec-65] org.apache.catalina.core.ApplicationContext.log Manager: start: Starting web application '/MyDB'
17-May-2022 16:33:02.314 INFO [http-nio-8080-exec-70] org.apache.catalina.core.ApplicationContext.log Manager: list: Listing contexts for virtual host 'localhost'
17-May-2022 16:33:02.394 INFO [http-nio-8080-exec-71] org.apache.catalina.core.ApplicationContext.log Manager: restart: Reloading web application '/MyDB'
17-May-2022 16:33:06.840 INFO [http-nio-8080-exec-76] org.apache.catalina.core.ApplicationContext.log Manager: list: Listing contexts for virtual host 'localhost'
17-May-2022 16:33:06.844 INFO [http-nio-8080-exec-66] org.apache.catalina.core.ApplicationContext.log Manager: list: Listing contexts for virtual host 'localhost'
17-May-2022 16:33:06.864 INFO [http-nio-8080-exec-77] org.apache.catalina.core.ApplicationContext.log Manager: undeploy: Undeploying web application at '/MyDB'
17-May-2022 16:33:07.428 INFO [http-nio-8080-exec-76] org.apache.catalina.core.ApplicationContext.log Manager: install: Installing context configuration at 'file:/C:/Users/paula/AppData/Local/Temp/context17423772933601401136.xml'
17-May-2022 16:33:08.664 INFO [http-nio-8080-exec-79] org.apache.catalina.core.ApplicationContext.log Manager: start: Starting web application '/MyDB'
17-May-2022 16:34:18.598 INFO [http-nio-8080-exec-81] org.apache.catalina.core.ApplicationContext.log Manager: list: Listing contexts for virtual host 'localhost'
17-May-2022 16:34:18.678 INFO [http-nio-8080-exec-82] org.apache.catalina.core.ApplicationContext.log Manager: restart: Reloading web application '/MyDB'
17-May-2022 16:34:20.945 INFO [http-nio-8080-exec-89] org.apache.catalina.core.ApplicationContext.log Manager: list: Listing contexts for virtual host 'localhost'
17-May-2022 16:34:20.950 INFO [http-nio-8080-exec-81] org.apache.catalina.core.ApplicationContext.log Manager: list: Listing contexts for virtual host 'localhost'
17-May-2022 16:34:20.969 INFO [http-nio-8080-exec-88] org.apache.catalina.core.ApplicationContext.log Manager: undeploy: Undeploying web application at '/MyDB'
17-May-2022 16:34:21.569 INFO [http-nio-8080-exec-90] org.apache.catalina.core.ApplicationContext.log Manager: install: Installing context configuration at 'file:/C:/Users/paula/AppData/Local/Temp/context8054112918042773783.xml'
17-May-2022 16:34:22.768 INFO [http-nio-8080-exec-89] org.apache.catalina.core.ApplicationContext.log Manager: start: Starting web application '/MyDB'
17-May-2022 16:34:41.039 INFO [http-nio-8080-exec-91] org.apache.catalina.core.ApplicationContext.log Manager: list: Listing contexts for virtual host 'localhost'
17-May-2022 16:34:41.127 INFO [http-nio-8080-exec-89] org.apache.catalina.core.ApplicationContext.log Manager: restart: Reloading web application '/MyDB'
17-May-2022 16:34:42.795 INFO [http-nio-8080-exec-95] org.apache.catalina.core.ApplicationContext.log Manager: list: Listing contexts for virtual host 'localhost'
17-May-2022 16:34:42.801 INFO [http-nio-8080-exec-98] org.apache.catalina.core.ApplicationContext.log Manager: list: Listing contexts for virtual host 'localhost'
17-May-2022 16:34:42.819 INFO [http-nio-8080-exec-94] org.apache.catalina.core.ApplicationContext.log Manager: undeploy: Undeploying web application at '/MyDB'
17-May-2022 16:34:43.916 INFO [http-nio-8080-exec-95] org.apache.catalina.core.ApplicationContext.log Manager: install: Installing context configuration at 'file:/C:/Users/paula/AppData/Local/Temp/context1178748912415282401.xml'
17-May-2022 16:34:45.025 INFO [http-nio-8080-exec-91] org.apache.catalina.core.ApplicationContext.log Manager: start: Starting web application '/MyDB'
17-May-2022 16:34:53.587 INFO [http-nio-8080-exec-99] org.apache.catalina.core.ApplicationContext.log Manager: list: Listing contexts for virtual host 'localhost'
17-May-2022 16:34:53.668 INFO [http-nio-8080-exec-103] org.apache.catalina.core.ApplicationContext.log Manager: restart: Reloading web application '/MyDB'
17-May-2022 16:34:55.193 INFO [http-nio-8080-exec-91] org.apache.catalina.core.ApplicationContext.log Manager: list: Listing contexts for virtual host 'localhost'
17-May-2022 16:34:55.200 INFO [http-nio-8080-exec-97] org.apache.catalina.core.ApplicationContext.log Manager: list: Listing contexts for virtual host 'localhost'
17-May-2022 16:34:55.235 INFO [http-nio-8080-exec-96] org.apache.catalina.core.ApplicationContext.log Manager: undeploy: Undeploying web application at '/MyDB'
17-May-2022 16:34:55.804 INFO [http-nio-8080-exec-99] org.apache.catalina.core.ApplicationContext.log Manager: install: Installing context configuration at 'file:/C:/Users/paula/AppData/Local/Temp/context4675976303699895253.xml'
17-May-2022 16:34:56.964 INFO [http-nio-8080-exec-91] org.apache.catalina.core.ApplicationContext.log Manager: start: Starting web application '/MyDB'
17-May-2022 16:35:27.346 INFO [http-nio-8080-exec-97] org.apache.catalina.core.ApplicationContext.log Manager: list: Listing contexts for virtual host 'localhost'
17-May-2022 16:35:27.427 INFO [http-nio-8080-exec-93] org.apache.catalina.core.ApplicationContext.log Manager: restart: Reloading web application '/MyDB'
17-May-2022 16:35:40.359 INFO [http-nio-8080-exec-105] org.apache.catalina.core.ApplicationContext.log Manager: list: Listing contexts for virtual host 'localhost'
17-May-2022 16:35:40.363 INFO [http-nio-8080-exec-111] org.apache.catalina.core.ApplicationContext.log Manager: list: Listing contexts for virtual host 'localhost'
17-May-2022 16:35:40.377 INFO [http-nio-8080-exec-109] org.apache.catalina.core.ApplicationContext.log Manager: undeploy: Undeploying web application at '/MyDB'
17-May-2022 16:35:40.940 INFO [http-nio-8080-exec-107] org.apache.catalina.core.ApplicationContext.log Manager: install: Installing context configuration at 'file:/C:/Users/paula/AppData/Local/Temp/context1880894537584351399.xml'
17-May-2022 16:35:42.055 INFO [http-nio-8080-exec-110] org.apache.catalina.core.ApplicationContext.log Manager: start: Starting web application '/MyDB'
17-May-2022 16:37:03.171 INFO [http-nio-8080-exec-116] org.apache.catalina.core.ApplicationContext.log Manager: list: Listing contexts for virtual host 'localhost'
17-May-2022 16:37:03.268 INFO [http-nio-8080-exec-117] org.apache.catalina.core.ApplicationContext.log Manager: restart: Reloading web application '/MyDB'
17-May-2022 16:37:49.725 INFO [http-nio-8080-exec-120] org.apache.catalina.core.ApplicationContext.log Manager: list: Listing contexts for virtual host 'localhost'
17-May-2022 16:37:49.729 INFO [http-nio-8080-exec-114] org.apache.catalina.core.ApplicationContext.log Manager: list: Listing contexts for virtual host 'localhost'
17-May-2022 16:37:49.746 INFO [http-nio-8080-exec-116] org.apache.catalina.core.ApplicationContext.log Manager: undeploy: Undeploying web application at '/MyDB'
17-May-2022 16:37:50.309 INFO [http-nio-8080-exec-120] org.apache.catalina.core.ApplicationContext.log Manager: install: Installing context configuration at 'file:/C:/Users/paula/AppData/Local/Temp/context1616821214045696869.xml'
17-May-2022 16:37:51.408 INFO [http-nio-8080-exec-123] org.apache.catalina.core.ApplicationContext.log Manager: start: Starting web application '/MyDB'
17-May-2022 16:41:59.419 INFO [http-nio-8080-exec-130] org.apache.catalina.core.ApplicationContext.log Manager: list: Listing contexts for virtual host 'localhost'
17-May-2022 16:41:59.502 INFO [http-nio-8080-exec-132] org.apache.catalina.core.ApplicationContext.log Manager: restart: Reloading web application '/MyDB'
17-May-2022 16:42:00.521 INFO [http-nio-8080-exec-124] org.apache.catalina.core.ApplicationContext.log Manager: list: Listing contexts for virtual host 'localhost'
17-May-2022 16:42:00.526 INFO [http-nio-8080-exec-128] org.apache.catalina.core.ApplicationContext.log Manager: list: Listing contexts for virtual host 'localhost'
17-May-2022 16:42:01.569 INFO [http-nio-8080-exec-126] org.apache.catalina.core.ApplicationContext.log Manager: undeploy: Undeploying web application at '/MyDB'
17-May-2022 16:42:02.144 INFO [http-nio-8080-exec-135] org.apache.catalina.core.ApplicationContext.log Manager: install: Installing context configuration at 'file:/C:/Users/paula/AppData/Local/Temp/context16623918825908008028.xml'
17-May-2022 16:42:03.428 INFO [http-nio-8080-exec-125] org.apache.catalina.core.ApplicationContext.log Manager: start: Starting web application '/MyDB'
17-May-2022 16:42:23.389 INFO [http-nio-8080-exec-130] org.apache.catalina.core.ApplicationContext.log Manager: list: Listing contexts for virtual host 'localhost'
17-May-2022 16:42:23.466 INFO [http-nio-8080-exec-134] org.apache.catalina.core.ApplicationContext.log Manager: restart: Reloading web application '/MyDB'
17-May-2022 16:42:25.038 INFO [http-nio-8080-exec-138] org.apache.catalina.core.ApplicationContext.log Manager: list: Listing contexts for virtual host 'localhost'
17-May-2022 16:42:25.042 INFO [http-nio-8080-exec-125] org.apache.catalina.core.ApplicationContext.log Manager: list: Listing contexts for virtual host 'localhost'
17-May-2022 16:42:25.059 INFO [http-nio-8080-exec-129] org.apache.catalina.core.ApplicationContext.log Manager: undeploy: Undeploying web application at '/MyDB'
17-May-2022 16:42:25.623 INFO [http-nio-8080-exec-139] org.apache.catalina.core.ApplicationContext.log Manager: install: Installing context configuration at 'file:/C:/Users/paula/AppData/Local/Temp/context8245141694195398863.xml'
17-May-2022 16:42:26.768 INFO [http-nio-8080-exec-124] org.apache.catalina.core.ApplicationContext.log Manager: start: Starting web application '/MyDB'
17-May-2022 16:45:20.105 INFO [http-nio-8080-exec-141] org.apache.catalina.core.ApplicationContext.log Manager: list: Listing contexts for virtual host 'localhost'
17-May-2022 16:45:20.188 INFO [http-nio-8080-exec-142] org.apache.catalina.core.ApplicationContext.log Manager: restart: Reloading web application '/MyDB'
17-May-2022 16:45:24.448 INFO [http-nio-8080-exec-148] org.apache.catalina.core.ApplicationContext.log Manager: list: Listing contexts for virtual host 'localhost'
17-May-2022 16:45:24.452 INFO [http-nio-8080-exec-150] org.apache.catalina.core.ApplicationContext.log Manager: list: Listing contexts for virtual host 'localhost'
17-May-2022 16:45:24.471 INFO [http-nio-8080-exec-144] org.apache.catalina.core.ApplicationContext.log Manager: undeploy: Undeploying web application at '/MyDB'
17-May-2022 16:45:25.037 INFO [http-nio-8080-exec-146] org.apache.catalina.core.ApplicationContext.log Manager: install: Installing context configuration at 'file:/C:/Users/paula/AppData/Local/Temp/context11782313660083432490.xml'
17-May-2022 16:45:26.390 INFO [http-nio-8080-exec-145] org.apache.catalina.core.ApplicationContext.log Manager: start: Starting web application '/MyDB'
17-May-2022 16:46:34.459 INFO [http-nio-8080-exec-153] org.apache.catalina.core.ApplicationContext.log Manager: list: Listing contexts for virtual host 'localhost'
17-May-2022 16:46:34.543 INFO [http-nio-8080-exec-154] org.apache.catalina.core.ApplicationContext.log Manager: restart: Reloading web application '/MyDB'
17-May-2022 16:46:37.455 INFO [http-nio-8080-exec-158] org.apache.catalina.core.ApplicationContext.log Manager: list: Listing contexts for virtual host 'localhost'
17-May-2022 16:46:37.459 INFO [http-nio-8080-exec-159] org.apache.catalina.core.ApplicationContext.log Manager: list: Listing contexts for virtual host 'localhost'
17-May-2022 16:46:37.474 INFO [http-nio-8080-exec-150] org.apache.catalina.core.ApplicationContext.log Manager: undeploy: Undeploying web application at '/MyDB'
17-May-2022 16:46:38.038 INFO [http-nio-8080-exec-158] org.apache.catalina.core.ApplicationContext.log Manager: install: Installing context configuration at 'file:/C:/Users/paula/AppData/Local/Temp/context49372733990320266.xml'
17-May-2022 16:46:39.250 INFO [http-nio-8080-exec-159] org.apache.catalina.core.ApplicationContext.log Manager: start: Starting web application '/MyDB'
17-May-2022 16:52:28.447 INFO [http-nio-8080-exec-166] org.apache.catalina.core.ApplicationContext.log Manager: list: Listing contexts for virtual host 'localhost'
17-May-2022 16:52:28.518 INFO [http-nio-8080-exec-167] org.apache.catalina.core.ApplicationContext.log Manager: restart: Reloading web application '/MyDB'
17-May-2022 16:52:40.671 INFO [http-nio-8080-exec-166] org.apache.catalina.core.ApplicationContext.log Manager: list: Listing contexts for virtual host 'localhost'
17-May-2022 16:52:40.675 INFO [http-nio-8080-exec-172] org.apache.catalina.core.ApplicationContext.log Manager: list: Listing contexts for virtual host 'localhost'
17-May-2022 16:52:40.690 INFO [http-nio-8080-exec-169] org.apache.catalina.core.ApplicationContext.log Manager: undeploy: Undeploying web application at '/MyDB'
17-May-2022 16:52:41.251 INFO [http-nio-8080-exec-168] org.apache.catalina.core.ApplicationContext.log Manager: install: Installing context configuration at 'file:/C:/Users/paula/AppData/Local/Temp/context11615380638701058057.xml'
17-May-2022 16:52:42.432 INFO [http-nio-8080-exec-173] org.apache.catalina.core.ApplicationContext.log Manager: start: Starting web application '/MyDB'
17-May-2022 16:52:50.302 INFO [http-nio-8080-exec-164] org.apache.catalina.core.ApplicationContext.log Manager: list: Listing contexts for virtual host 'localhost'
17-May-2022 16:52:50.378 INFO [http-nio-8080-exec-174] org.apache.catalina.core.ApplicationContext.log Manager: restart: Reloading web application '/MyDB'
17-May-2022 16:52:58.013 INFO [http-nio-8080-exec-175] org.apache.catalina.core.ApplicationContext.log Manager: list: Listing contexts for virtual host 'localhost'
17-May-2022 16:52:58.017 INFO [http-nio-8080-exec-177] org.apache.catalina.core.ApplicationContext.log Manager: list: Listing contexts for virtual host 'localhost'
17-May-2022 16:52:58.030 INFO [http-nio-8080-exec-165] org.apache.catalina.core.ApplicationContext.log Manager: undeploy: Undeploying web application at '/MyDB'
17-May-2022 16:52:58.585 INFO [http-nio-8080-exec-169] org.apache.catalina.core.ApplicationContext.log Manager: install: Installing context configuration at 'file:/C:/Users/paula/AppData/Local/Temp/context14359078784590978378.xml'
17-May-2022 16:52:59.782 INFO [http-nio-8080-exec-175] org.apache.catalina.core.ApplicationContext.log Manager: start: Starting web application '/MyDB'
17-May-2022 16:54:48.532 INFO [http-nio-8080-exec-181] org.apache.catalina.core.ApplicationContext.log Manager: list: Listing contexts for virtual host 'localhost'
17-May-2022 16:54:48.606 INFO [http-nio-8080-exec-182] org.apache.catalina.core.ApplicationContext.log Manager: restart: Reloading web application '/MyDB'
17-May-2022 16:54:50.068 INFO [http-nio-8080-exec-180] org.apache.catalina.core.ApplicationContext.log Manager: list: Listing contexts for virtual host 'localhost'
17-May-2022 16:54:50.073 INFO [http-nio-8080-exec-187] org.apache.catalina.core.ApplicationContext.log Manager: list: Listing contexts for virtual host 'localhost'
17-May-2022 16:54:50.108 INFO [http-nio-8080-exec-184] org.apache.catalina.core.ApplicationContext.log Manager: undeploy: Undeploying web application at '/MyDB'
17-May-2022 16:54:50.725 INFO [http-nio-8080-exec-177] org.apache.catalina.core.ApplicationContext.log Manager: install: Installing context configuration at 'file:/C:/Users/paula/AppData/Local/Temp/context3505193107903345210.xml'
17-May-2022 16:54:51.940 INFO [http-nio-8080-exec-182] org.apache.catalina.core.ApplicationContext.log Manager: start: Starting web application '/MyDB'
17-May-2022 16:54:58.732 INFO [http-nio-8080-exec-183] org.apache.catalina.core.ApplicationContext.log Manager: list: Listing contexts for virtual host 'localhost'
17-May-2022 16:54:58.799 INFO [http-nio-8080-exec-180] org.apache.catalina.core.ApplicationContext.log Manager: restart: Reloading web application '/MyDB'
17-May-2022 16:55:03.580 INFO [http-nio-8080-exec-183] org.apache.catalina.core.ApplicationContext.log Manager: list: Listing contexts for virtual host 'localhost'
17-May-2022 16:55:03.584 INFO [http-nio-8080-exec-188] org.apache.catalina.core.ApplicationContext.log Manager: list: Listing contexts for virtual host 'localhost'
17-May-2022 16:55:03.597 INFO [http-nio-8080-exec-182] org.apache.catalina.core.ApplicationContext.log Manager: undeploy: Undeploying web application at '/MyDB'
17-May-2022 16:55:04.152 INFO [http-nio-8080-exec-193] org.apache.catalina.core.ApplicationContext.log Manager: install: Installing context configuration at 'file:/C:/Users/paula/AppData/Local/Temp/context15554823734169653546.xml'
17-May-2022 16:55:05.333 INFO [http-nio-8080-exec-188] org.apache.catalina.core.ApplicationContext.log Manager: start: Starting web application '/MyDB'
17-May-2022 16:56:28.951 INFO [http-nio-8080-exec-196] org.apache.catalina.core.ApplicationContext.log Manager: list: Listing contexts for virtual host 'localhost'
17-May-2022 16:56:29.031 INFO [http-nio-8080-exec-197] org.apache.catalina.core.ApplicationContext.log Manager: restart: Reloading web application '/MyDB'
17-May-2022 16:56:30.710 INFO [http-nio-8080-exec-198] org.apache.catalina.core.ApplicationContext.log Manager: list: Listing contexts for virtual host 'localhost'
17-May-2022 16:56:30.717 INFO [http-nio-8080-exec-202] org.apache.catalina.core.ApplicationContext.log Manager: list: Listing contexts for virtual host 'localhost'
17-May-2022 16:56:30.735 INFO [http-nio-8080-exec-203] org.apache.catalina.core.ApplicationContext.log Manager: undeploy: Undeploying web application at '/MyDB'
17-May-2022 16:56:31.298 INFO [http-nio-8080-exec-198] org.apache.catalina.core.ApplicationContext.log Manager: install: Installing context configuration at 'file:/C:/Users/paula/AppData/Local/Temp/context2263062963658665644.xml'
17-May-2022 16:56:32.370 INFO [http-nio-8080-exec-202] org.apache.catalina.core.ApplicationContext.log Manager: start: Starting web application '/MyDB'
17-May-2022 16:57:39.551 INFO [http-nio-8080-exec-205] org.apache.catalina.core.ApplicationContext.log Manager: list: Listing contexts for virtual host 'localhost'
17-May-2022 16:57:39.642 INFO [http-nio-8080-exec-206] org.apache.catalina.core.ApplicationContext.log Manager: restart: Reloading web application '/MyDB'
17-May-2022 16:58:43.031 INFO [http-nio-8080-exec-196] org.apache.catalina.core.ApplicationContext.log Manager: list: Listing contexts for virtual host 'localhost'
17-May-2022 16:58:43.108 INFO [http-nio-8080-exec-216] org.apache.catalina.core.ApplicationContext.log Manager: restart: Reloading web application '/MyDB'
17-May-2022 16:58:47.629 INFO [http-nio-8080-exec-215] org.apache.catalina.core.ApplicationContext.log Manager: list: Listing contexts for virtual host 'localhost'
17-May-2022 16:58:47.700 INFO [http-nio-8080-exec-196] org.apache.catalina.core.ApplicationContext.log Manager: restart: Reloading web application '/MyDB'
17-May-2022 16:59:13.728 INFO [http-nio-8080-exec-221] org.apache.catalina.core.ApplicationContext.log Manager: list: Listing contexts for virtual host 'localhost'
17-May-2022 16:59:13.800 INFO [http-nio-8080-exec-219] org.apache.catalina.core.ApplicationContext.log Manager: restart: Reloading web application '/MyDB'
17-May-2022 16:59:43.246 INFO [http-nio-8080-exec-208] org.apache.catalina.core.ApplicationContext.log Manager: list: Listing contexts for virtual host 'localhost'
17-May-2022 16:59:43.343 INFO [http-nio-8080-exec-210] org.apache.catalina.core.ApplicationContext.log Manager: restart: Reloading web application '/MyDB'
17-May-2022 16:59:54.753 INFO [http-nio-8080-exec-215] org.apache.catalina.core.ApplicationContext.log Manager: list: Listing contexts for virtual host 'localhost'
17-May-2022 16:59:54.930 INFO [http-nio-8080-exec-222] org.apache.catalina.core.ApplicationContext.log Manager: restart: Reloading web application '/MyDB'
17-May-2022 17:01:10.874 INFO [http-nio-8080-exec-207] org.apache.catalina.core.ApplicationContext.log Manager: list: Listing contexts for virtual host 'localhost'
17-May-2022 17:01:10.950 INFO [http-nio-8080-exec-217] org.apache.catalina.core.ApplicationContext.log Manager: restart: Reloading web application '/MyDB'
17-May-2022 17:01:44.680 INFO [http-nio-8080-exec-224] org.apache.catalina.core.ApplicationContext.log Manager: list: Listing contexts for virtual host 'localhost'
17-May-2022 17:01:44.763 INFO [http-nio-8080-exec-228] org.apache.catalina.core.ApplicationContext.log Manager: restart: Reloading web application '/MyDB'
17-May-2022 17:01:48.506 INFO [http-nio-8080-exec-229] org.apache.catalina.core.ApplicationContext.log Manager: list: Listing contexts for virtual host 'localhost'
17-May-2022 17:01:48.579 INFO [http-nio-8080-exec-207] org.apache.catalina.core.ApplicationContext.log Manager: restart: Reloading web application '/MyDB'
17-May-2022 17:01:50.836 INFO [http-nio-8080-exec-230] org.apache.catalina.core.ApplicationContext.log Manager: list: Listing contexts for virtual host 'localhost'
17-May-2022 17:01:50.839 INFO [http-nio-8080-exec-232] org.apache.catalina.core.ApplicationContext.log Manager: list: Listing contexts for virtual host 'localhost'
17-May-2022 17:01:50.854 INFO [http-nio-8080-exec-214] org.apache.catalina.core.ApplicationContext.log Manager: undeploy: Undeploying web application at '/MyDB'
17-May-2022 17:01:51.418 INFO [http-nio-8080-exec-221] org.apache.catalina.core.ApplicationContext.log Manager: install: Installing context configuration at 'file:/C:/Users/paula/AppData/Local/Temp/context12283527316011590673.xml'
17-May-2022 17:01:52.480 INFO [http-nio-8080-exec-226] org.apache.catalina.core.ApplicationContext.log Manager: start: Starting web application '/MyDB'
17-May-2022 17:03:04.011 INFO [http-nio-8080-exec-238] org.apache.catalina.core.ApplicationContext.log Manager: list: Listing contexts for virtual host 'localhost'
17-May-2022 17:03:04.093 INFO [http-nio-8080-exec-235] org.apache.catalina.core.ApplicationContext.log Manager: restart: Reloading web application '/MyDB'
17-May-2022 17:03:24.405 INFO [http-nio-8080-exec-236] org.apache.catalina.core.ApplicationContext.log Manager: list: Listing contexts for virtual host 'localhost'
17-May-2022 17:03:24.485 INFO [http-nio-8080-exec-240] org.apache.catalina.core.ApplicationContext.log Manager: restart: Reloading web application '/MyDB'
17-May-2022 17:03:37.742 INFO [http-nio-8080-exec-239] org.apache.catalina.core.ApplicationContext.log Manager: list: Listing contexts for virtual host 'localhost'
17-May-2022 17:03:37.745 INFO [http-nio-8080-exec-241] org.apache.catalina.core.ApplicationContext.log Manager: list: Listing contexts for virtual host 'localhost'
17-May-2022 17:03:37.758 INFO [http-nio-8080-exec-245] org.apache.catalina.core.ApplicationContext.log Manager: undeploy: Undeploying web application at '/MyDB'
17-May-2022 17:03:38.318 INFO [http-nio-8080-exec-246] org.apache.catalina.core.ApplicationContext.log Manager: install: Installing context configuration at 'file:/C:/Users/paula/AppData/Local/Temp/context12685891552737327675.xml'
17-May-2022 17:03:39.438 INFO [http-nio-8080-exec-239] org.apache.catalina.core.ApplicationContext.log Manager: start: Starting web application '/MyDB'
17-May-2022 17:04:27.645 INFO [http-nio-8080-exec-245] org.apache.catalina.core.ApplicationContext.log Manager: list: Listing contexts for virtual host 'localhost'
17-May-2022 17:04:27.749 INFO [http-nio-8080-exec-239] org.apache.catalina.core.ApplicationContext.log Manager: restart: Reloading web application '/MyDB'
17-May-2022 17:04:37.001 INFO [http-nio-8080-exec-252] org.apache.catalina.core.ApplicationContext.log Manager: list: Listing contexts for virtual host 'localhost'
17-May-2022 17:04:37.075 INFO [http-nio-8080-exec-251] org.apache.catalina.core.ApplicationContext.log Manager: restart: Reloading web application '/MyDB'
17-May-2022 17:05:45.751 INFO [http-nio-8080-exec-245] org.apache.catalina.core.ApplicationContext.log Manager: list: Listing contexts for virtual host 'localhost'
17-May-2022 17:05:45.828 INFO [http-nio-8080-exec-258] org.apache.catalina.core.ApplicationContext.log Manager: restart: Reloading web application '/MyDB'
17-May-2022 17:06:04.776 INFO [http-nio-8080-exec-256] org.apache.catalina.core.ApplicationContext.log Manager: list: Listing contexts for virtual host 'localhost'
17-May-2022 17:06:04.847 INFO [http-nio-8080-exec-255] org.apache.catalina.core.ApplicationContext.log Manager: restart: Reloading web application '/MyDB'
17-May-2022 18:05:53.326 INFO [http-nio-8080-exec-261] org.apache.catalina.core.ApplicationContext.log Manager: list: Listing contexts for virtual host 'localhost'
17-May-2022 18:05:53.404 INFO [http-nio-8080-exec-256] org.apache.catalina.core.ApplicationContext.log Manager: restart: Reloading web application '/MyDB'
17-May-2022 18:05:59.857 INFO [http-nio-8080-exec-253] org.apache.catalina.core.ApplicationContext.log Manager: list: Listing contexts for virtual host 'localhost'
17-May-2022 18:05:59.860 INFO [http-nio-8080-exec-259] org.apache.catalina.core.ApplicationContext.log Manager: list: Listing contexts for virtual host 'localhost'
17-May-2022 18:05:59.872 INFO [http-nio-8080-exec-261] org.apache.catalina.core.ApplicationContext.log Manager: undeploy: Undeploying web application at '/MyDB'
17-May-2022 18:06:00.428 INFO [http-nio-8080-exec-263] org.apache.catalina.core.ApplicationContext.log Manager: install: Installing context configuration at 'file:/C:/Users/paula/AppData/Local/Temp/context6086342196086707112.xml'
17-May-2022 18:06:01.651 INFO [http-nio-8080-exec-259] org.apache.catalina.core.ApplicationContext.log Manager: start: Starting web application '/MyDB'
17-May-2022 18:07:06.236 INFO [http-nio-8080-exec-271] org.apache.catalina.core.ApplicationContext.log Manager: list: Listing contexts for virtual host 'localhost'
17-May-2022 18:07:06.334 INFO [http-nio-8080-exec-275] org.apache.catalina.core.ApplicationContext.log Manager: restart: Reloading web application '/MyDB'
17-May-2022 18:07:10.789 INFO [http-nio-8080-exec-273] org.apache.catalina.core.ApplicationContext.log Manager: list: Listing contexts for virtual host 'localhost'
17-May-2022 18:07:10.792 INFO [http-nio-8080-exec-267] org.apache.catalina.core.ApplicationContext.log Manager: list: Listing contexts for virtual host 'localhost'
17-May-2022 18:07:10.804 INFO [http-nio-8080-exec-274] org.apache.catalina.core.ApplicationContext.log Manager: undeploy: Undeploying web application at '/MyDB'
17-May-2022 18:07:11.365 INFO [http-nio-8080-exec-267] org.apache.catalina.core.ApplicationContext.log Manager: install: Installing context configuration at 'file:/C:/Users/paula/AppData/Local/Temp/context13181603282790336561.xml'
17-May-2022 18:07:12.488 INFO [http-nio-8080-exec-273] org.apache.catalina.core.ApplicationContext.log Manager: start: Starting web application '/MyDB'
17-May-2022 18:07:28.093 INFO [http-nio-8080-exec-268] org.apache.catalina.core.ApplicationContext.log Manager: list: Listing contexts for virtual host 'localhost'
17-May-2022 18:07:28.172 INFO [http-nio-8080-exec-278] org.apache.catalina.core.ApplicationContext.log Manager: restart: Reloading web application '/MyDB'
17-May-2022 18:07:30.851 INFO [http-nio-8080-exec-274] org.apache.catalina.core.ApplicationContext.log Manager: list: Listing contexts for virtual host 'localhost'
17-May-2022 18:07:30.854 INFO [http-nio-8080-exec-271] org.apache.catalina.core.ApplicationContext.log Manager: list: Listing contexts for virtual host 'localhost'
17-May-2022 18:07:30.866 INFO [http-nio-8080-exec-272] org.apache.catalina.core.ApplicationContext.log Manager: undeploy: Undeploying web application at '/MyDB'
17-May-2022 18:07:31.420 INFO [http-nio-8080-exec-271] org.apache.catalina.core.ApplicationContext.log Manager: install: Installing context configuration at 'file:/C:/Users/paula/AppData/Local/Temp/context15207476507348212733.xml'
17-May-2022 18:07:32.490 INFO [http-nio-8080-exec-274] org.apache.catalina.core.ApplicationContext.log Manager: start: Starting web application '/MyDB'
17-May-2022 18:07:45.933 INFO [http-nio-8080-exec-286] org.apache.catalina.core.ApplicationContext.log Manager: list: Listing contexts for virtual host 'localhost'
17-May-2022 18:07:46.013 INFO [http-nio-8080-exec-274] org.apache.catalina.core.ApplicationContext.log Manager: restart: Reloading web application '/MyDB'
17-May-2022 18:07:50.982 INFO [http-nio-8080-exec-286] org.apache.catalina.core.ApplicationContext.log Manager: list: Listing contexts for virtual host 'localhost'
17-May-2022 18:07:51.054 INFO [http-nio-8080-exec-284] org.apache.catalina.core.ApplicationContext.log Manager: restart: Reloading web application '/MyDB'
17-May-2022 18:11:08.384 INFO [http-nio-8080-exec-294] org.apache.catalina.core.ApplicationContext.log Manager: list: Listing contexts for virtual host 'localhost'
17-May-2022 18:11:08.459 INFO [http-nio-8080-exec-295] org.apache.catalina.core.ApplicationContext.log Manager: restart: Reloading web application '/MyDB'
17-May-2022 18:12:22.424 INFO [http-nio-8080-exec-298] org.apache.catalina.core.ApplicationContext.log Manager: list: Listing contexts for virtual host 'localhost'
17-May-2022 18:12:22.504 INFO [http-nio-8080-exec-302] org.apache.catalina.core.ApplicationContext.log Manager: restart: Reloading web application '/MyDB'
17-May-2022 18:12:24.585 INFO [http-nio-8080-exec-300] org.apache.catalina.core.ApplicationContext.log Manager: list: Listing contexts for virtual host 'localhost'
17-May-2022 18:12:24.661 INFO [http-nio-8080-exec-291] org.apache.catalina.core.ApplicationContext.log Manager: restart: Reloading web application '/MyDB'
17-May-2022 18:12:26.336 INFO [http-nio-8080-exec-300] org.apache.catalina.core.ApplicationContext.log Manager: list: Listing contexts for virtual host 'localhost'
17-May-2022 18:12:26.401 INFO [http-nio-8080-exec-303] org.apache.catalina.core.ApplicationContext.log Manager: restart: Reloading web application '/MyDB'
17-May-2022 18:12:35.473 INFO [http-nio-8080-exec-299] org.apache.catalina.core.ApplicationContext.log Manager: list: Listing contexts for virtual host 'localhost'
17-May-2022 18:12:35.559 INFO [http-nio-8080-exec-298] org.apache.catalina.core.ApplicationContext.log Manager: restart: Reloading web application '/MyDB'
17-May-2022 18:12:37.921 INFO [http-nio-8080-exec-294] org.apache.catalina.core.ApplicationContext.log Manager: list: Listing contexts for virtual host 'localhost'
17-May-2022 18:12:38.090 INFO [http-nio-8080-exec-286] org.apache.catalina.core.ApplicationContext.log Manager: restart: Reloading web application '/MyDB'
17-May-2022 18:13:04.529 INFO [http-nio-8080-exec-299] org.apache.catalina.core.ApplicationContext.log Manager: list: Listing contexts for virtual host 'localhost'
17-May-2022 18:13:04.608 INFO [http-nio-8080-exec-288] org.apache.catalina.core.ApplicationContext.log Manager: restart: Reloading web application '/MyDB'
17-May-2022 18:13:10.119 INFO [http-nio-8080-exec-299] org.apache.catalina.core.ApplicationContext.log Manager: list: Listing contexts for virtual host 'localhost'
17-May-2022 18:13:10.196 INFO [http-nio-8080-exec-292] org.apache.catalina.core.ApplicationContext.log Manager: restart: Reloading web application '/MyDB'
17-May-2022 18:13:45.827 INFO [http-nio-8080-exec-300] org.apache.catalina.core.ApplicationContext.log Manager: list: Listing contexts for virtual host 'localhost'
17-May-2022 18:13:45.894 INFO [http-nio-8080-exec-305] org.apache.catalina.core.ApplicationContext.log Manager: restart: Reloading web application '/MyDB'
17-May-2022 18:14:05.950 INFO [http-nio-8080-exec-312] org.apache.catalina.core.ApplicationContext.log Manager: list: Listing contexts for virtual host 'localhost'
17-May-2022 18:14:06.013 INFO [http-nio-8080-exec-304] org.apache.catalina.core.ApplicationContext.log Manager: restart: Reloading web application '/MyDB'
17-May-2022 18:14:14.854 INFO [http-nio-8080-exec-306] org.apache.catalina.core.ApplicationContext.log Manager: list: Listing contexts for virtual host 'localhost'
17-May-2022 18:14:14.857 INFO [http-nio-8080-exec-310] org.apache.catalina.core.ApplicationContext.log Manager: list: Listing contexts for virtual host 'localhost'
17-May-2022 18:14:14.870 INFO [http-nio-8080-exec-313] org.apache.catalina.core.ApplicationContext.log Manager: undeploy: Undeploying web application at '/MyDB'
17-May-2022 18:14:15.423 INFO [http-nio-8080-exec-317] org.apache.catalina.core.ApplicationContext.log Manager: install: Installing context configuration at 'file:/C:/Users/paula/AppData/Local/Temp/context7464751108870238218.xml'
17-May-2022 18:14:16.477 INFO [http-nio-8080-exec-310] org.apache.catalina.core.ApplicationContext.log Manager: start: Starting web application '/MyDB'
17-May-2022 18:14:42.237 INFO [http-nio-8080-exec-316] org.apache.catalina.core.ApplicationContext.log Manager: list: Listing contexts for virtual host 'localhost'
17-May-2022 18:14:42.309 INFO [http-nio-8080-exec-325] org.apache.catalina.core.ApplicationContext.log Manager: restart: Reloading web application '/MyDB'
17-May-2022 18:14:46.591 INFO [http-nio-8080-exec-320] org.apache.catalina.core.ApplicationContext.log Manager: list: Listing contexts for virtual host 'localhost'
17-May-2022 18:14:46.601 INFO [http-nio-8080-exec-323] org.apache.catalina.core.ApplicationContext.log Manager: list: Listing contexts for virtual host 'localhost'
17-May-2022 18:14:46.615 INFO [http-nio-8080-exec-324] org.apache.catalina.core.ApplicationContext.log Manager: undeploy: Undeploying web application at '/MyDB'
17-May-2022 18:14:47.176 INFO [http-nio-8080-exec-326] org.apache.catalina.core.ApplicationContext.log Manager: install: Installing context configuration at 'file:/C:/Users/paula/AppData/Local/Temp/context219855141514754927.xml'
17-May-2022 18:14:48.253 INFO [http-nio-8080-exec-321] org.apache.catalina.core.ApplicationContext.log Manager: start: Starting web application '/MyDB'
17-May-2022 18:16:05.230 INFO [http-nio-8080-exec-332] org.apache.catalina.core.ApplicationContext.log Manager: list: Listing contexts for virtual host 'localhost'
17-May-2022 18:16:05.300 INFO [http-nio-8080-exec-333] org.apache.catalina.core.ApplicationContext.log Manager: restart: Reloading web application '/MyDB'
17-May-2022 18:16:13.993 INFO [http-nio-8080-exec-329] org.apache.catalina.core.ApplicationContext.log Manager: list: Listing contexts for virtual host 'localhost'
17-May-2022 18:16:14.065 INFO [http-nio-8080-exec-332] org.apache.catalina.core.ApplicationContext.log Manager: restart: Reloading web application '/MyDB'
17-May-2022 18:16:22.196 INFO [http-nio-8080-exec-340] org.apache.catalina.core.ApplicationContext.log Manager: list: Listing contexts for virtual host 'localhost'
17-May-2022 18:16:22.200 INFO [http-nio-8080-exec-329] org.apache.catalina.core.ApplicationContext.log Manager: list: Listing contexts for virtual host 'localhost'
17-May-2022 18:16:22.217 INFO [http-nio-8080-exec-330] org.apache.catalina.core.ApplicationContext.log Manager: undeploy: Undeploying web application at '/MyDB'
17-May-2022 18:16:22.771 INFO [http-nio-8080-exec-328] org.apache.catalina.core.ApplicationContext.log Manager: install: Installing context configuration at 'file:/C:/Users/paula/AppData/Local/Temp/context13114253137014713026.xml'
17-May-2022 18:16:23.912 INFO [http-nio-8080-exec-340] org.apache.catalina.core.ApplicationContext.log Manager: start: Starting web application '/MyDB'
17-May-2022 18:17:02.896 INFO [http-nio-8080-exec-342] org.apache.catalina.core.ApplicationContext.log Manager: list: Listing contexts for virtual host 'localhost'
17-May-2022 18:17:02.956 INFO [http-nio-8080-exec-340] org.apache.catalina.core.ApplicationContext.log Manager: restart: Reloading web application '/MyDB'
17-May-2022 18:17:09.658 INFO [http-nio-8080-exec-348] org.apache.catalina.core.ApplicationContext.log Manager: list: Listing contexts for virtual host 'localhost'
17-May-2022 18:17:09.710 INFO [http-nio-8080-exec-342] org.apache.catalina.core.ApplicationContext.log Manager: restart: Reloading web application '/MyDB'
17-May-2022 18:17:11.564 INFO [http-nio-8080-exec-341] org.apache.catalina.core.ApplicationContext.log Manager: list: Listing contexts for virtual host 'localhost'
17-May-2022 18:17:11.567 INFO [http-nio-8080-exec-344] org.apache.catalina.core.ApplicationContext.log Manager: list: Listing contexts for virtual host 'localhost'
17-May-2022 18:17:11.579 INFO [http-nio-8080-exec-331] org.apache.catalina.core.ApplicationContext.log Manager: undeploy: Undeploying web application at '/MyDB'
17-May-2022 18:17:12.132 INFO [http-nio-8080-exec-344] org.apache.catalina.core.ApplicationContext.log Manager: install: Installing context configuration at 'file:/C:/Users/paula/AppData/Local/Temp/context1607674450558939647.xml'
17-May-2022 18:17:13.277 INFO [http-nio-8080-exec-330] org.apache.catalina.core.ApplicationContext.log Manager: start: Starting web application '/MyDB'
17-May-2022 18:17:35.293 INFO [http-nio-8080-exec-348] org.apache.catalina.core.ApplicationContext.log Manager: list: Listing contexts for virtual host 'localhost'
17-May-2022 18:17:35.370 INFO [http-nio-8080-exec-349] org.apache.catalina.core.ApplicationContext.log Manager: restart: Reloading web application '/MyDB'
17-May-2022 18:17:37.095 INFO [http-nio-8080-exec-356] org.apache.catalina.core.ApplicationContext.log Manager: list: Listing contexts for virtual host 'localhost'
17-May-2022 18:17:37.103 INFO [http-nio-8080-exec-345] org.apache.catalina.core.ApplicationContext.log Manager: list: Listing contexts for virtual host 'localhost'
17-May-2022 18:17:37.121 INFO [http-nio-8080-exec-353] org.apache.catalina.core.ApplicationContext.log Manager: undeploy: Undeploying web application at '/MyDB'
17-May-2022 18:17:37.692 INFO [http-nio-8080-exec-352] org.apache.catalina.core.ApplicationContext.log Manager: install: Installing context configuration at 'file:/C:/Users/paula/AppData/Local/Temp/context17841642011269279982.xml'
17-May-2022 18:17:38.946 INFO [http-nio-8080-exec-356] org.apache.catalina.core.ApplicationContext.log Manager: start: Starting web application '/MyDB'
17-May-2022 18:18:17.796 INFO [http-nio-8080-exec-364] org.apache.catalina.core.ApplicationContext.log Manager: list: Listing contexts for virtual host 'localhost'
17-May-2022 18:18:17.807 INFO [http-nio-8080-exec-363] org.apache.catalina.core.ApplicationContext.log Manager: list: Listing contexts for virtual host 'localhost'
17-May-2022 18:18:17.837 INFO [http-nio-8080-exec-358] org.apache.catalina.core.ApplicationContext.log Manager: undeploy: Undeploying web application at '/MyDB'
17-May-2022 18:18:18.407 INFO [http-nio-8080-exec-365] org.apache.catalina.core.ApplicationContext.log Manager: install: Installing context configuration at 'file:/C:/Users/paula/AppData/Local/Temp/context18156691396118681393.xml'
17-May-2022 18:18:19.777 INFO [http-nio-8080-exec-361] org.apache.catalina.core.ApplicationContext.log Manager: start: Starting web application '/MyDB'
17-May-2022 18:19:10.278 INFO [http-nio-8080-exec-357] org.apache.catalina.core.ApplicationContext.log Manager: list: Listing contexts for virtual host 'localhost'
17-May-2022 18:19:10.358 INFO [http-nio-8080-exec-374] org.apache.catalina.core.ApplicationContext.log Manager: restart: Reloading web application '/MyDB'
17-May-2022 18:19:13.514 INFO [http-nio-8080-exec-369] org.apache.catalina.core.ApplicationContext.log Manager: list: Listing contexts for virtual host 'localhost'
17-May-2022 18:19:13.517 INFO [http-nio-8080-exec-372] org.apache.catalina.core.ApplicationContext.log Manager: list: Listing contexts for virtual host 'localhost'
17-May-2022 18:19:13.530 INFO [http-nio-8080-exec-357] org.apache.catalina.core.ApplicationContext.log Manager: undeploy: Undeploying web application at '/MyDB'
17-May-2022 18:19:14.084 INFO [http-nio-8080-exec-372] org.apache.catalina.core.ApplicationContext.log Manager: install: Installing context configuration at 'file:/C:/Users/paula/AppData/Local/Temp/context15194338390374391893.xml'
17-May-2022 18:19:15.298 INFO [http-nio-8080-exec-369] org.apache.catalina.core.ApplicationContext.log Manager: start: Starting web application '/MyDB'
17-May-2022 18:20:27.000 INFO [http-nio-8080-exec-378] org.apache.catalina.core.ApplicationContext.log Manager: list: Listing contexts for virtual host 'localhost'
17-May-2022 18:20:27.075 INFO [http-nio-8080-exec-380] org.apache.catalina.core.ApplicationContext.log Manager: restart: Reloading web application '/MyDB'
17-May-2022 18:20:43.327 INFO [http-nio-8080-exec-386] org.apache.catalina.core.ApplicationContext.log Manager: list: Listing contexts for virtual host 'localhost'
17-May-2022 18:20:43.330 INFO [http-nio-8080-exec-383] org.apache.catalina.core.ApplicationContext.log Manager: list: Listing contexts for virtual host 'localhost'
17-May-2022 18:20:43.343 INFO [http-nio-8080-exec-382] org.apache.catalina.core.ApplicationContext.log Manager: undeploy: Undeploying web application at '/MyDB'
17-May-2022 18:20:43.893 INFO [http-nio-8080-exec-377] org.apache.catalina.core.ApplicationContext.log Manager: install: Installing context configuration at 'file:/C:/Users/paula/AppData/Local/Temp/context10238289506301922934.xml'
17-May-2022 18:20:45.019 INFO [http-nio-8080-exec-387] org.apache.catalina.core.ApplicationContext.log Manager: start: Starting web application '/MyDB'
17-May-2022 18:21:52.266 INFO [http-nio-8080-exec-390] org.apache.catalina.core.ApplicationContext.log Manager: list: Listing contexts for virtual host 'localhost'
17-May-2022 18:21:52.330 INFO [http-nio-8080-exec-391] org.apache.catalina.core.ApplicationContext.log Manager: restart: Reloading web application '/MyDB'
17-May-2022 18:21:53.617 INFO [http-nio-8080-exec-393] org.apache.catalina.core.ApplicationContext.log Manager: list: Listing contexts for virtual host 'localhost'
17-May-2022 18:21:53.622 INFO [http-nio-8080-exec-389] org.apache.catalina.core.ApplicationContext.log Manager: list: Listing contexts for virtual host 'localhost'
17-May-2022 18:21:53.939 INFO [http-nio-8080-exec-390] org.apache.catalina.core.ApplicationContext.log Manager: undeploy: Undeploying web application at '/MyDB'
17-May-2022 18:21:54.496 INFO [http-nio-8080-exec-396] org.apache.catalina.core.ApplicationContext.log Manager: install: Installing context configuration at 'file:/C:/Users/paula/AppData/Local/Temp/context3081049724190536350.xml'
17-May-2022 18:21:55.590 INFO [http-nio-8080-exec-393] org.apache.catalina.core.ApplicationContext.log Manager: start: Starting web application '/MyDB'
17-May-2022 18:23:12.559 INFO [http-nio-8080-exec-400] org.apache.catalina.core.ApplicationContext.log Manager: list: Listing contexts for virtual host 'localhost'
17-May-2022 18:23:12.631 INFO [http-nio-8080-exec-401] org.apache.catalina.core.ApplicationContext.log Manager: restart: Reloading web application '/MyDB'
17-May-2022 18:23:21.053 INFO [http-nio-8080-exec-406] org.apache.catalina.core.ApplicationContext.log Manager: list: Listing contexts for virtual host 'localhost'
17-May-2022 18:23:21.125 INFO [http-nio-8080-exec-400] org.apache.catalina.core.ApplicationContext.log Manager: restart: Reloading web application '/MyDB'
17-May-2022 18:24:32.496 INFO [http-nio-8080-exec-408] org.apache.catalina.core.ApplicationContext.log Manager: list: Listing contexts for virtual host 'localhost'
17-May-2022 18:24:32.573 INFO [http-nio-8080-exec-404] org.apache.catalina.core.ApplicationContext.log Manager: restart: Reloading web application '/MyDB'
17-May-2022 18:24:34.681 INFO [http-nio-8080-exec-403] org.apache.catalina.core.ApplicationContext.log Manager: list: Listing contexts for virtual host 'localhost'
17-May-2022 18:24:34.684 INFO [http-nio-8080-exec-398] org.apache.catalina.core.ApplicationContext.log Manager: list: Listing contexts for virtual host 'localhost'
17-May-2022 18:24:34.697 INFO [http-nio-8080-exec-409] org.apache.catalina.core.ApplicationContext.log Manager: undeploy: Undeploying web application at '/MyDB'
17-May-2022 18:24:35.253 INFO [http-nio-8080-exec-403] org.apache.catalina.core.ApplicationContext.log Manager: install: Installing context configuration at 'file:/C:/Users/paula/AppData/Local/Temp/context13177013714977889644.xml'
17-May-2022 18:24:36.365 INFO [http-nio-8080-exec-398] org.apache.catalina.core.ApplicationContext.log Manager: start: Starting web application '/MyDB'
17-May-2022 18:25:34.566 INFO [http-nio-8080-exec-413] org.apache.catalina.core.ApplicationContext.log Manager: list: Listing contexts for virtual host 'localhost'
17-May-2022 18:25:34.643 INFO [http-nio-8080-exec-398] org.apache.catalina.core.ApplicationContext.log Manager: restart: Reloading web application '/MyDB'
17-May-2022 18:25:40.468 INFO [http-nio-8080-exec-419] org.apache.catalina.core.ApplicationContext.log Manager: list: Listing contexts for virtual host 'localhost'
17-May-2022 18:25:40.471 INFO [http-nio-8080-exec-418] org.apache.catalina.core.ApplicationContext.log Manager: list: Listing contexts for virtual host 'localhost'
17-May-2022 18:25:40.483 INFO [http-nio-8080-exec-413] org.apache.catalina.core.ApplicationContext.log Manager: undeploy: Undeploying web application at '/MyDB'
17-May-2022 18:25:41.036 INFO [http-nio-8080-exec-420] org.apache.catalina.core.ApplicationContext.log Manager: install: Installing context configuration at 'file:/C:/Users/paula/AppData/Local/Temp/context5748862207186884396.xml'
17-May-2022 18:25:42.113 INFO [http-nio-8080-exec-416] org.apache.catalina.core.ApplicationContext.log Manager: start: Starting web application '/MyDB'
17-May-2022 18:26:10.200 INFO [http-nio-8080-exec-423] org.apache.catalina.core.ApplicationContext.log Manager: list: Listing contexts for virtual host 'localhost'
17-May-2022 18:26:10.203 INFO [http-nio-8080-exec-424] org.apache.catalina.core.ApplicationContext.log Manager: list: Listing contexts for virtual host 'localhost'
17-May-2022 18:26:10.217 INFO [http-nio-8080-exec-425] org.apache.catalina.core.ApplicationContext.log Manager: undeploy: Undeploying web application at '/MyDB'
17-May-2022 18:26:10.777 INFO [http-nio-8080-exec-416] org.apache.catalina.core.ApplicationContext.log Manager: install: Installing context configuration at 'file:/C:/Users/paula/AppData/Local/Temp/context12192826889382407736.xml'
17-May-2022 18:26:11.941 INFO [http-nio-8080-exec-413] org.apache.catalina.core.ApplicationContext.log Manager: start: Starting web application '/MyDB'
17-May-2022 18:26:59.078 INFO [http-nio-8080-exec-424] org.apache.catalina.core.ApplicationContext.log Manager: list: Listing contexts for virtual host 'localhost'
17-May-2022 18:26:59.151 INFO [http-nio-8080-exec-434] org.apache.catalina.core.ApplicationContext.log Manager: restart: Reloading web application '/MyDB'
17-May-2022 18:28:03.297 INFO [http-nio-8080-exec-437] org.apache.catalina.core.ApplicationContext.log Manager: list: Listing contexts for virtual host 'localhost'
17-May-2022 18:28:03.373 INFO [http-nio-8080-exec-438] org.apache.catalina.core.ApplicationContext.log Manager: restart: Reloading web application '/MyDB'
17-May-2022 18:28:05.342 INFO [http-nio-8080-exec-437] org.apache.catalina.core.ApplicationContext.log Manager: list: Listing contexts for virtual host 'localhost'
17-May-2022 18:28:05.345 INFO [http-nio-8080-exec-432] org.apache.catalina.core.ApplicationContext.log Manager: list: Listing contexts for virtual host 'localhost'
17-May-2022 18:28:05.359 INFO [http-nio-8080-exec-441] org.apache.catalina.core.ApplicationContext.log Manager: undeploy: Undeploying web application at '/MyDB'
17-May-2022 18:28:05.914 INFO [http-nio-8080-exec-424] org.apache.catalina.core.ApplicationContext.log Manager: install: Installing context configuration at 'file:/C:/Users/paula/AppData/Local/Temp/context4321276335409438015.xml'
17-May-2022 18:28:07.253 INFO [http-nio-8080-exec-442] org.apache.catalina.core.ApplicationContext.log Manager: start: Starting web application '/MyDB'
17-May-2022 18:29:28.078 INFO [http-nio-8080-exec-446] org.apache.catalina.core.ApplicationContext.log Manager: list: Listing contexts for virtual host 'localhost'
17-May-2022 18:29:28.159 INFO [http-nio-8080-exec-447] org.apache.catalina.core.ApplicationContext.log Manager: restart: Reloading web application '/MyDB'
17-May-2022 18:29:32.123 INFO [http-nio-8080-exec-448] org.apache.catalina.core.ApplicationContext.log Manager: list: Listing contexts for virtual host 'localhost'
17-May-2022 18:29:32.126 INFO [http-nio-8080-exec-445] org.apache.catalina.core.ApplicationContext.log Manager: list: Listing contexts for virtual host 'localhost'
17-May-2022 18:29:32.138 INFO [http-nio-8080-exec-441] org.apache.catalina.core.ApplicationContext.log Manager: undeploy: Undeploying web application at '/MyDB'
17-May-2022 18:29:32.694 INFO [http-nio-8080-exec-449] org.apache.catalina.core.ApplicationContext.log Manager: install: Installing context configuration at 'file:/C:/Users/paula/AppData/Local/Temp/context11576779261933477590.xml'
17-May-2022 18:29:33.869 INFO [http-nio-8080-exec-453] org.apache.catalina.core.ApplicationContext.log Manager: start: Starting web application '/MyDB'
17-May-2022 18:30:33.480 INFO [http-nio-8080-exec-456] org.apache.catalina.core.ApplicationContext.log Manager: list: Listing contexts for virtual host 'localhost'
17-May-2022 18:30:33.559 INFO [http-nio-8080-exec-445] org.apache.catalina.core.ApplicationContext.log Manager: restart: Reloading web application '/MyDB'
17-May-2022 18:30:47.652 INFO [http-nio-8080-exec-450] org.apache.catalina.core.ApplicationContext.log Manager: list: Listing contexts for virtual host 'localhost'
17-May-2022 18:30:47.726 INFO [http-nio-8080-exec-448] org.apache.catalina.core.ApplicationContext.log Manager: restart: Reloading web application '/MyDB'
17-May-2022 18:30:49.793 INFO [http-nio-8080-exec-463] org.apache.catalina.core.ApplicationContext.log Manager: list: Listing contexts for virtual host 'localhost'
17-May-2022 18:30:49.796 INFO [http-nio-8080-exec-459] org.apache.catalina.core.ApplicationContext.log Manager: list: Listing contexts for virtual host 'localhost'
17-May-2022 18:30:49.811 INFO [http-nio-8080-exec-450] org.apache.catalina.core.ApplicationContext.log Manager: undeploy: Undeploying web application at '/MyDB'
17-May-2022 18:30:50.380 INFO [http-nio-8080-exec-456] org.apache.catalina.core.ApplicationContext.log Manager: install: Installing context configuration at 'file:/C:/Users/paula/AppData/Local/Temp/context16455580823399430425.xml'
17-May-2022 18:30:51.571 INFO [http-nio-8080-exec-461] org.apache.catalina.core.ApplicationContext.log Manager: start: Starting web application '/MyDB'
17-May-2022 18:32:12.072 INFO [http-nio-8080-exec-465] org.apache.catalina.core.ApplicationContext.log Manager: list: Listing contexts for virtual host 'localhost'
17-May-2022 18:32:12.149 INFO [http-nio-8080-exec-466] org.apache.catalina.core.ApplicationContext.log Manager: restart: Reloading web application '/MyDB'
17-May-2022 18:32:15.504 INFO [http-nio-8080-exec-469] org.apache.catalina.core.ApplicationContext.log Manager: list: Listing contexts for virtual host 'localhost'
17-May-2022 18:32:15.507 INFO [http-nio-8080-exec-473] org.apache.catalina.core.ApplicationContext.log Manager: list: Listing contexts for virtual host 'localhost'
17-May-2022 18:32:15.519 INFO [http-nio-8080-exec-465] org.apache.catalina.core.ApplicationContext.log Manager: undeploy: Undeploying web application at '/MyDB'
17-May-2022 18:32:16.070 INFO [http-nio-8080-exec-468] org.apache.catalina.core.ApplicationContext.log Manager: install: Installing context configuration at 'file:/C:/Users/paula/AppData/Local/Temp/context1965692726507997396.xml'
17-May-2022 18:32:17.168 INFO [http-nio-8080-exec-467] org.apache.catalina.core.ApplicationContext.log Manager: start: Starting web application '/MyDB'
17-May-2022 18:33:07.677 INFO [http-nio-8080-exec-465] org.apache.catalina.core.ApplicationContext.log Manager: list: Listing contexts for virtual host 'localhost'
17-May-2022 18:33:07.750 INFO [http-nio-8080-exec-475] org.apache.catalina.core.ApplicationContext.log Manager: restart: Reloading web application '/MyDB'
17-May-2022 18:33:11.692 INFO [http-nio-8080-exec-479] org.apache.catalina.core.ApplicationContext.log Manager: list: Listing contexts for virtual host 'localhost'
17-May-2022 18:33:11.695 INFO [http-nio-8080-exec-465] org.apache.catalina.core.ApplicationContext.log Manager: list: Listing contexts for virtual host 'localhost'
17-May-2022 18:33:11.709 INFO [http-nio-8080-exec-467] org.apache.catalina.core.ApplicationContext.log Manager: undeploy: Undeploying web application at '/MyDB'
17-May-2022 18:33:12.264 INFO [http-nio-8080-exec-470] org.apache.catalina.core.ApplicationContext.log Manager: install: Installing context configuration at 'file:/C:/Users/paula/AppData/Local/Temp/context9277409908681997076.xml'
17-May-2022 18:33:13.544 INFO [http-nio-8080-exec-465] org.apache.catalina.core.ApplicationContext.log Manager: start: Starting web application '/MyDB'
17-May-2022 18:33:58.529 INFO [http-nio-8080-exec-467] org.apache.catalina.core.ApplicationContext.log Manager: list: Listing contexts for virtual host 'localhost'
17-May-2022 18:33:58.609 INFO [http-nio-8080-exec-482] org.apache.catalina.core.ApplicationContext.log Manager: restart: Reloading web application '/MyDB'
17-May-2022 18:34:02.086 INFO [http-nio-8080-exec-465] org.apache.catalina.core.ApplicationContext.log Manager: list: Listing contexts for virtual host 'localhost'
17-May-2022 18:34:02.088 INFO [http-nio-8080-exec-485] org.apache.catalina.core.ApplicationContext.log Manager: list: Listing contexts for virtual host 'localhost'
17-May-2022 18:34:02.101 INFO [http-nio-8080-exec-483] org.apache.catalina.core.ApplicationContext.log Manager: undeploy: Undeploying web application at '/MyDB'
17-May-2022 18:34:02.653 INFO [http-nio-8080-exec-484] org.apache.catalina.core.ApplicationContext.log Manager: install: Installing context configuration at 'file:/C:/Users/paula/AppData/Local/Temp/context9544280724230642044.xml'
17-May-2022 18:34:03.756 INFO [http-nio-8080-exec-474] org.apache.catalina.core.ApplicationContext.log Manager: start: Starting web application '/MyDB'
17-May-2022 18:34:25.792 INFO [http-nio-8080-exec-474] org.apache.catalina.core.ApplicationContext.log Manager: list: Listing contexts for virtual host 'localhost'
17-May-2022 18:34:25.864 INFO [http-nio-8080-exec-493] org.apache.catalina.core.ApplicationContext.log Manager: restart: Reloading web application '/MyDB'
17-May-2022 18:34:32.555 INFO [http-nio-8080-exec-483] org.apache.catalina.core.ApplicationContext.log Manager: list: Listing contexts for virtual host 'localhost'
17-May-2022 18:34:32.558 INFO [http-nio-8080-exec-465] org.apache.catalina.core.ApplicationContext.log Manager: list: Listing contexts for virtual host 'localhost'
17-May-2022 18:34:32.573 INFO [http-nio-8080-exec-467] org.apache.catalina.core.ApplicationContext.log Manager: undeploy: Undeploying web application at '/MyDB'
17-May-2022 18:34:33.129 INFO [http-nio-8080-exec-488] org.apache.catalina.core.ApplicationContext.log Manager: install: Installing context configuration at 'file:/C:/Users/paula/AppData/Local/Temp/context10090273671144999011.xml'
17-May-2022 18:34:34.207 INFO [http-nio-8080-exec-494] org.apache.catalina.core.ApplicationContext.log Manager: start: Starting web application '/MyDB'
17-May-2022 18:35:55.656 INFO [http-nio-8080-exec-498] org.apache.catalina.core.ApplicationContext.log Manager: list: Listing contexts for virtual host 'localhost'
17-May-2022 18:35:55.725 INFO [http-nio-8080-exec-499] org.apache.catalina.core.ApplicationContext.log Manager: restart: Reloading web application '/MyDB'
17-May-2022 18:36:19.778 INFO [http-nio-8080-exec-502] org.apache.catalina.core.ApplicationContext.log Manager: list: Listing contexts for virtual host 'localhost'
17-May-2022 18:36:19.850 INFO [http-nio-8080-exec-501] org.apache.catalina.core.ApplicationContext.log Manager: restart: Reloading web application '/MyDB'
17-May-2022 18:36:22.610 INFO [http-nio-8080-exec-505] org.apache.catalina.core.ApplicationContext.log Manager: list: Listing contexts for virtual host 'localhost'
17-May-2022 18:36:22.613 INFO [http-nio-8080-exec-496] org.apache.catalina.core.ApplicationContext.log Manager: list: Listing contexts for virtual host 'localhost'
17-May-2022 18:36:22.624 INFO [http-nio-8080-exec-500] org.apache.catalina.core.ApplicationContext.log Manager: undeploy: Undeploying web application at '/MyDB'
17-May-2022 18:36:23.177 INFO [http-nio-8080-exec-496] org.apache.catalina.core.ApplicationContext.log Manager: install: Installing context configuration at 'file:/C:/Users/paula/AppData/Local/Temp/context11651168161302533473.xml'
17-May-2022 18:36:24.271 INFO [http-nio-8080-exec-465] org.apache.catalina.core.ApplicationContext.log Manager: start: Starting web application '/MyDB'
17-May-2022 18:37:54.243 INFO [http-nio-8080-exec-508] org.apache.catalina.core.ApplicationContext.log Manager: list: Listing contexts for virtual host 'localhost'
17-May-2022 18:37:54.358 INFO [http-nio-8080-exec-509] org.apache.catalina.core.ApplicationContext.log Manager: restart: Reloading web application '/MyDB'
17-May-2022 18:37:56.030 INFO [http-nio-8080-exec-512] org.apache.catalina.core.ApplicationContext.log Manager: list: Listing contexts for virtual host 'localhost'
17-May-2022 18:37:56.099 INFO [http-nio-8080-exec-510] org.apache.catalina.core.ApplicationContext.log Manager: restart: Reloading web application '/MyDB'
17-May-2022 18:37:57.731 INFO [http-nio-8080-exec-515] org.apache.catalina.core.ApplicationContext.log Manager: list: Listing contexts for virtual host 'localhost'
17-May-2022 18:37:57.791 INFO [http-nio-8080-exec-511] org.apache.catalina.core.ApplicationContext.log Manager: restart: Reloading web application '/MyDB'
17-May-2022 18:38:06.991 INFO [http-nio-8080-exec-518] org.apache.catalina.core.ApplicationContext.log Manager: list: Listing contexts for virtual host 'localhost'
17-May-2022 18:38:07.067 INFO [http-nio-8080-exec-508] org.apache.catalina.core.ApplicationContext.log Manager: restart: Reloading web application '/MyDB'
17-May-2022 18:38:18.733 INFO [http-nio-8080-exec-512] org.apache.catalina.core.ApplicationContext.log Manager: list: Listing contexts for virtual host 'localhost'
17-May-2022 18:38:18.818 INFO [http-nio-8080-exec-516] org.apache.catalina.core.ApplicationContext.log Manager: restart: Reloading web application '/MyDB'
17-May-2022 18:39:34.179 INFO [http-nio-8080-exec-523] org.apache.catalina.core.ApplicationContext.log Manager: list: Listing contexts for virtual host 'localhost'
17-May-2022 18:39:34.292 INFO [http-nio-8080-exec-518] org.apache.catalina.core.ApplicationContext.log Manager: restart: Reloading web application '/MyDB'
17-May-2022 18:39:35.993 INFO [http-nio-8080-exec-524] org.apache.catalina.core.ApplicationContext.log Manager: list: Listing contexts for virtual host 'localhost'
17-May-2022 18:39:36.099 INFO [http-nio-8080-exec-526] org.apache.catalina.core.ApplicationContext.log Manager: restart: Reloading web application '/MyDB'
17-May-2022 18:39:41.284 INFO [http-nio-8080-exec-523] org.apache.catalina.core.ApplicationContext.log Manager: list: Listing contexts for virtual host 'localhost'
17-May-2022 18:39:41.346 INFO [http-nio-8080-exec-521] org.apache.catalina.core.ApplicationContext.log Manager: restart: Reloading web application '/MyDB'
17-May-2022 18:40:13.701 INFO [http-nio-8080-exec-512] org.apache.catalina.core.ApplicationContext.log Manager: list: Listing contexts for virtual host 'localhost'
17-May-2022 18:40:13.772 INFO [http-nio-8080-exec-528] org.apache.catalina.core.ApplicationContext.log Manager: restart: Reloading web application '/MyDB'
17-May-2022 18:40:27.691 INFO [http-nio-8080-exec-512] org.apache.catalina.core.ApplicationContext.log Manager: list: Listing contexts for virtual host 'localhost'
17-May-2022 18:40:27.760 INFO [http-nio-8080-exec-532] org.apache.catalina.core.ApplicationContext.log Manager: restart: Reloading web application '/MyDB'
17-May-2022 18:40:33.120 INFO [http-nio-8080-exec-519] org.apache.catalina.core.ApplicationContext.log Manager: list: Listing contexts for virtual host 'localhost'
17-May-2022 18:40:33.123 INFO [http-nio-8080-exec-529] org.apache.catalina.core.ApplicationContext.log Manager: list: Listing contexts for virtual host 'localhost'
17-May-2022 18:40:33.135 INFO [http-nio-8080-exec-524] org.apache.catalina.core.ApplicationContext.log Manager: undeploy: Undeploying web application at '/MyDB'
17-May-2022 18:40:33.688 INFO [http-nio-8080-exec-517] org.apache.catalina.core.ApplicationContext.log Manager: install: Installing context configuration at 'file:/C:/Users/paula/AppData/Local/Temp/context12090729776299572939.xml'
17-May-2022 18:40:34.786 INFO [http-nio-8080-exec-519] org.apache.catalina.core.ApplicationContext.log Manager: start: Starting web application '/MyDB'
17-May-2022 18:40:43.484 INFO [http-nio-8080-exec-522] org.apache.catalina.core.ApplicationContext.log Manager: list: Listing contexts for virtual host 'localhost'
17-May-2022 18:40:43.561 INFO [http-nio-8080-exec-537] org.apache.catalina.core.ApplicationContext.log Manager: restart: Reloading web application '/MyDB'
17-May-2022 18:40:45.116 INFO [http-nio-8080-exec-529] org.apache.catalina.core.ApplicationContext.log Manager: list: Listing contexts for virtual host 'localhost'
17-May-2022 18:40:45.120 INFO [http-nio-8080-exec-537] org.apache.catalina.core.ApplicationContext.log Manager: list: Listing contexts for virtual host 'localhost'
17-May-2022 18:40:45.136 INFO [http-nio-8080-exec-533] org.apache.catalina.core.ApplicationContext.log Manager: undeploy: Undeploying web application at '/MyDB'
17-May-2022 18:40:45.703 INFO [http-nio-8080-exec-537] org.apache.catalina.core.ApplicationContext.log Manager: install: Installing context configuration at 'file:/C:/Users/paula/AppData/Local/Temp/context1909998669101193051.xml'
17-May-2022 18:40:46.788 INFO [http-nio-8080-exec-529] org.apache.catalina.core.ApplicationContext.log Manager: start: Starting web application '/MyDB'
17-May-2022 18:41:27.122 INFO [http-nio-8080-exec-543] org.apache.catalina.core.ApplicationContext.log Manager: list: Listing contexts for virtual host 'localhost'
17-May-2022 18:41:27.192 INFO [http-nio-8080-exec-533] org.apache.catalina.core.ApplicationContext.log Manager: restart: Reloading web application '/MyDB'
17-May-2022 18:42:00.276 INFO [http-nio-8080-exec-535] org.apache.catalina.core.ApplicationContext.log Manager: list: Listing contexts for virtual host 'localhost'
17-May-2022 18:42:00.279 INFO [http-nio-8080-exec-545] org.apache.catalina.core.ApplicationContext.log Manager: list: Listing contexts for virtual host 'localhost'
17-May-2022 18:42:00.291 INFO [http-nio-8080-exec-540] org.apache.catalina.core.ApplicationContext.log Manager: undeploy: Undeploying web application at '/MyDB'
17-May-2022 18:42:00.846 INFO [http-nio-8080-exec-546] org.apache.catalina.core.ApplicationContext.log Manager: install: Installing context configuration at 'file:/C:/Users/paula/AppData/Local/Temp/context6192885814464763763.xml'
17-May-2022 18:42:01.904 INFO [http-nio-8080-exec-529] org.apache.catalina.core.ApplicationContext.log Manager: start: Starting web application '/MyDB'
17-May-2022 18:44:27.727 INFO [http-nio-8080-exec-548] org.apache.catalina.core.ApplicationContext.log Manager: list: Listing contexts for virtual host 'localhost'
17-May-2022 18:44:27.797 INFO [http-nio-8080-exec-549] org.apache.catalina.core.ApplicationContext.log Manager: restart: Reloading web application '/MyDB'
17-May-2022 18:44:47.366 INFO [http-nio-8080-exec-554] org.apache.catalina.core.ApplicationContext.log Manager: list: Listing contexts for virtual host 'localhost'
17-May-2022 18:44:47.457 INFO [http-nio-8080-exec-553] org.apache.catalina.core.ApplicationContext.log Manager: restart: Reloading web application '/MyDB'
17-May-2022 18:44:49.717 INFO [http-nio-8080-exec-535] org.apache.catalina.core.ApplicationContext.log Manager: list: Listing contexts for virtual host 'localhost'
17-May-2022 18:44:49.721 INFO [http-nio-8080-exec-551] org.apache.catalina.core.ApplicationContext.log Manager: list: Listing contexts for virtual host 'localhost'
17-May-2022 18:44:49.738 INFO [http-nio-8080-exec-555] org.apache.catalina.core.ApplicationContext.log Manager: undeploy: Undeploying web application at '/MyDB'
17-May-2022 18:44:50.307 INFO [http-nio-8080-exec-551] org.apache.catalina.core.ApplicationContext.log Manager: install: Installing context configuration at 'file:/C:/Users/paula/AppData/Local/Temp/context6543560818484097791.xml'
17-May-2022 18:44:51.369 INFO [http-nio-8080-exec-535] org.apache.catalina.core.ApplicationContext.log Manager: start: Starting web application '/MyDB'
17-May-2022 18:52:59.377 INFO [http-nio-8080-exec-562] org.apache.catalina.core.ApplicationContext.log Manager: list: Listing contexts for virtual host 'localhost'
17-May-2022 18:52:59.444 INFO [http-nio-8080-exec-563] org.apache.catalina.core.ApplicationContext.log Manager: restart: Reloading web application '/MyDB'
17-May-2022 18:54:34.457 INFO [http-nio-8080-exec-570] org.apache.catalina.core.ApplicationContext.log Manager: list: Listing contexts for virtual host 'localhost'
17-May-2022 18:54:34.541 INFO [http-nio-8080-exec-569] org.apache.catalina.core.ApplicationContext.log Manager: restart: Reloading web application '/MyDB'
17-May-2022 18:54:48.374 INFO [http-nio-8080-exec-573] org.apache.catalina.core.ApplicationContext.log Manager: list: Listing contexts for virtual host 'localhost'
17-May-2022 18:54:48.459 INFO [http-nio-8080-exec-570] org.apache.catalina.core.ApplicationContext.log Manager: restart: Reloading web application '/MyDB'
17-May-2022 18:54:51.565 INFO [http-nio-8080-exec-573] org.apache.catalina.core.ApplicationContext.log Manager: list: Listing contexts for virtual host 'localhost'
17-May-2022 18:54:51.568 INFO [http-nio-8080-exec-575] org.apache.catalina.core.ApplicationContext.log Manager: list: Listing contexts for virtual host 'localhost'
17-May-2022 18:54:51.581 INFO [http-nio-8080-exec-572] org.apache.catalina.core.ApplicationContext.log Manager: undeploy: Undeploying web application at '/MyDB'
17-May-2022 18:54:52.137 INFO [http-nio-8080-exec-559] org.apache.catalina.core.ApplicationContext.log Manager: install: Installing context configuration at 'file:/C:/Users/paula/AppData/Local/Temp/context7764281867521444854.xml'
17-May-2022 18:54:53.430 INFO [http-nio-8080-exec-565] org.apache.catalina.core.ApplicationContext.log Manager: start: Starting web application '/MyDB'
17-May-2022 18:55:56.555 INFO [http-nio-8080-exec-580] org.apache.catalina.core.ApplicationContext.log Manager: list: Listing contexts for virtual host 'localhost'
17-May-2022 18:55:56.627 INFO [http-nio-8080-exec-581] org.apache.catalina.core.ApplicationContext.log Manager: restart: Reloading web application '/MyDB'
17-May-2022 18:55:58.563 INFO [http-nio-8080-exec-584] org.apache.catalina.core.ApplicationContext.log Manager: list: Listing contexts for virtual host 'localhost'
17-May-2022 18:55:58.566 INFO [http-nio-8080-exec-578] org.apache.catalina.core.ApplicationContext.log Manager: list: Listing contexts for virtual host 'localhost'
17-May-2022 18:55:58.581 INFO [http-nio-8080-exec-580] org.apache.catalina.core.ApplicationContext.log Manager: undeploy: Undeploying web application at '/MyDB'
17-May-2022 18:55:59.139 INFO [http-nio-8080-exec-579] org.apache.catalina.core.ApplicationContext.log Manager: install: Installing context configuration at 'file:/C:/Users/paula/AppData/Local/Temp/context16012464024915440265.xml'
17-May-2022 18:56:00.237 INFO [http-nio-8080-exec-585] org.apache.catalina.core.ApplicationContext.log Manager: start: Starting web application '/MyDB'
17-May-2022 18:57:12.688 INFO [http-nio-8080-exec-589] org.apache.catalina.core.ApplicationContext.log Manager: list: Listing contexts for virtual host 'localhost'
17-May-2022 18:57:12.792 INFO [http-nio-8080-exec-590] org.apache.catalina.core.ApplicationContext.log Manager: restart: Reloading web application '/MyDB'
17-May-2022 18:57:14.044 INFO [http-nio-8080-exec-591] org.apache.catalina.core.ApplicationContext.log Manager: list: Listing contexts for virtual host 'localhost'
17-May-2022 18:57:14.048 INFO [http-nio-8080-exec-586] org.apache.catalina.core.ApplicationContext.log Manager: list: Listing contexts for virtual host 'localhost'
17-May-2022 18:57:14.227 INFO [http-nio-8080-exec-593] org.apache.catalina.core.ApplicationContext.log Manager: undeploy: Undeploying web application at '/MyDB'
17-May-2022 18:57:14.805 INFO [http-nio-8080-exec-587] org.apache.catalina.core.ApplicationContext.log Manager: install: Installing context configuration at 'file:/C:/Users/paula/AppData/Local/Temp/context8953862954269989695.xml'
17-May-2022 18:57:15.920 INFO [http-nio-8080-exec-595] org.apache.catalina.core.ApplicationContext.log Manager: start: Starting web application '/MyDB'
